#
# There is insufficient memory for the Java Runtime Environment to continue.
# Native memory allocation (malloc) failed to allocate 342688 bytes. Error detail: Chunk::new
# Possible reasons:
#   The system is out of physical RAM or swap space
#   This process is running with CompressedOops enabled, and the Java Heap may be blocking the growth of the native heap
# Possible solutions:
#   Reduce memory load on the system
#   Increase physical memory or swap space
#   Check if swap backing store is full
#   Decrease Java heap size (-Xmx/-Xms)
#   Decrease number of Java threads
#   Decrease Java thread stack sizes (-Xss)
#   Set larger code cache with -XX:ReservedCodeCacheSize=
#   JVM is running with Unscaled Compressed Oops mode in which the Java heap is
#     placed in the first 4GB address space. The Java Heap base address is the
#     maximum limit for the native heap growth. Please use -XX:HeapBaseMinAddress
#     to set the Java Heap base and to place the Java Heap above 4GB virtual address.
# This output file may be truncated or incomplete.
#
#  Out of Memory Error (arena.cpp:168), pid=1904, tid=15296
#
# JRE version: OpenJDK Runtime Environment Temurin-21.0.8+9 (21.0.8+9) (build 21.0.8+9-LTS)
# Java VM: OpenJDK 64-Bit Server VM Temurin-21.0.8+9 (21.0.8+9-LTS, mixed mode, sharing, tiered, compressed oops, compressed class ptrs, g1 gc, windows-amd64)
# No core dump will be written. Minidumps are not enabled by default on client versions of Windows
#

---------------  S U M M A R Y ------------

Command Line: -Dmaven.home=EMBEDDED -Dclassworlds.conf=C:\Users\WIN 10\eclipse-workspace\.metadata\.plugins\org.eclipse.m2e.launching\launches\m2conf3830268971399654874.tmp -Dmaven.multiModuleProjectDirectory=C:\Users\WIN 10\exam-portal\backend-exam-portal -Dm2e.build.project.data.socket.port=57177 -Dfile.encoding=UTF-8 -Dstdout.encoding=UTF-8 -Dstderr.encoding=UTF-8 -XX:+ShowCodeDetailsInExceptionMessages org.codehaus.plexus.classworlds.launcher.Launcher -B -Dstyle.color=always clean

Host: Intel(R) Core(TM) i7-6600U CPU @ 2.60GHz, 4 cores, 7G,  Windows 10 , 64 bit Build 19041 (10.0.19041.3031)
Time: Sat Nov  8 10:38:25 2025 India Standard Time elapsed time: 2.711273 seconds (0d 0h 0m 2s)

---------------  T H R E A D  ---------------

Current thread (0x00000287ffd7cd60):  JavaThread "C2 CompilerThread0" daemon [_thread_in_native, id=15296, stack(0x000000b1a0c00000,0x000000b1a0d00000) (1024K)]


Current CompileTask:
C2:2711 1590   !   4       java.lang.String::<init> (890 bytes)

Stack: [0x000000b1a0c00000,0x000000b1a0d00000]
Native frames: (J=compiled Java code, j=interpreted, Vv=VM code, C=native code)
V  [jvm.dll+0x6d2449]
V  [jvm.dll+0x8ae341]
V  [jvm.dll+0x8b08be]
V  [jvm.dll+0x8b0fa3]
V  [jvm.dll+0x280c96]
V  [jvm.dll+0xc581d]
V  [jvm.dll+0xc5d53]
V  [jvm.dll+0x3b919c]
V  [jvm.dll+0x1e1213]
V  [jvm.dll+0x249022]
V  [jvm.dll+0x2484af]
V  [jvm.dll+0x1c89ee]
V  [jvm.dll+0x257d4d]
V  [jvm.dll+0x2562ea]
V  [jvm.dll+0x3f2d16]
V  [jvm.dll+0x857e6b]
V  [jvm.dll+0x6d0b0d]
C  [ucrtbase.dll+0x21bb2]
C  [KERNEL32.DLL+0x17614]
C  [ntdll.dll+0x526f1]


---------------  P R O C E S S  ---------------

Threads class SMR info:
_java_thread_list=0x00000287c7a930b0, length=12, elements={
0x00000287ea77d4d0, 0x00000287ffd726d0, 0x00000287ffd73f30, 0x00000287ffd75630,
0x00000287ffd79320, 0x00000287ffd7a580, 0x00000287ffd7afd0, 0x00000287ffd7cd60,
0x00000287ffde4390, 0x00000287c70d51a0, 0x00000287c70dc200, 0x00000287c7a9e600
}

Java Threads: ( => current thread )
  0x00000287ea77d4d0 JavaThread "main"                              [_thread_in_Java, id=13448, stack(0x000000b19fe00000,0x000000b19ff00000) (1024K)]
  0x00000287ffd726d0 JavaThread "Reference Handler"          daemon [_thread_blocked, id=9720, stack(0x000000b1a0600000,0x000000b1a0700000) (1024K)]
  0x00000287ffd73f30 JavaThread "Finalizer"                  daemon [_thread_blocked, id=404, stack(0x000000b1a0700000,0x000000b1a0800000) (1024K)]
  0x00000287ffd75630 JavaThread "Signal Dispatcher"          daemon [_thread_blocked, id=13600, stack(0x000000b1a0800000,0x000000b1a0900000) (1024K)]
  0x00000287ffd79320 JavaThread "Attach Listener"            daemon [_thread_blocked, id=16412, stack(0x000000b1a0900000,0x000000b1a0a00000) (1024K)]
  0x00000287ffd7a580 JavaThread "Service Thread"             daemon [_thread_blocked, id=3340, stack(0x000000b1a0a00000,0x000000b1a0b00000) (1024K)]
  0x00000287ffd7afd0 JavaThread "Monitor Deflation Thread"   daemon [_thread_blocked, id=15536, stack(0x000000b1a0b00000,0x000000b1a0c00000) (1024K)]
=>0x00000287ffd7cd60 JavaThread "C2 CompilerThread0"         daemon [_thread_in_native, id=15296, stack(0x000000b1a0c00000,0x000000b1a0d00000) (1024K)]
  0x00000287ffde4390 JavaThread "C1 CompilerThread0"         daemon [_thread_in_vm, id=8084, stack(0x000000b1a0d00000,0x000000b1a0e00000) (1024K)]
  0x00000287c70d51a0 JavaThread "Notification Thread"        daemon [_thread_blocked, id=15364, stack(0x000000b1a0e00000,0x000000b1a0f00000) (1024K)]
  0x00000287c70dc200 JavaThread "Common-Cleaner"             daemon [_thread_blocked, id=9660, stack(0x000000b1a0f00000,0x000000b1a1000000) (1024K)]
  0x00000287c7a9e600 JavaThread "C2 CompilerThread1"         daemon [_thread_in_native, id=13852, stack(0x000000b1a1300000,0x000000b1a1400000) (1024K)]
Total: 12

Other Threads:
  0x00000287ffd5abd0 VMThread "VM Thread"                           [id=13648, stack(0x000000b1a0500000,0x000000b1a0600000) (1024K)]
  0x00000287ffd471d0 WatcherThread "VM Periodic Task Thread"        [id=10212, stack(0x000000b1a0400000,0x000000b1a0500000) (1024K)]
  0x00000287ea7cbaf0 WorkerThread "GC Thread#0"                     [id=11104, stack(0x000000b19ff00000,0x000000b1a0000000) (1024K)]
  0x00000287c77ba2f0 WorkerThread "GC Thread#1"                     [id=15308, stack(0x000000b1a1000000,0x000000b1a1100000) (1024K)]
  0x00000287c77ba690 WorkerThread "GC Thread#2"                     [id=3264, stack(0x000000b1a1100000,0x000000b1a1200000) (1024K)]
  0x00000287c74a8f80 WorkerThread "GC Thread#3"                     [id=10796, stack(0x000000b1a1200000,0x000000b1a1300000) (1024K)]
  0x00000287ea7dc660 ConcurrentGCThread "G1 Main Marker"            [id=13408, stack(0x000000b1a0000000,0x000000b1a0100000) (1024K)]
  0x00000287ea7dd070 WorkerThread "G1 Conc#0"                       [id=10128, stack(0x000000b1a0100000,0x000000b1a0200000) (1024K)]
  0x00000287ffc0a4f0 ConcurrentGCThread "G1 Refine#0"               [id=8388, stack(0x000000b1a0200000,0x000000b1a0300000) (1024K)]
  0x00000287ffc0af70 ConcurrentGCThread "G1 Service"                [id=16324, stack(0x000000b1a0300000,0x000000b1a0400000) (1024K)]
Total: 10

Threads with active compile tasks:
C2 CompilerThread0  2771 1590   !   4       java.lang.String::<init> (890 bytes)
C1 CompilerThread0  2771 1667       3       com.google.inject.internal.MoreTypes::getGenericSupertype (135 bytes)
C2 CompilerThread1  2771 1602       4       java.io.WinNTFileSystem::normalize (224 bytes)
Total: 3

VM state: not at safepoint (normal execution)

VM Mutex/Monitor currently owned by a thread: None

Heap address: 0x0000000081c00000, size: 2020 MB, Compressed Oops mode: 32-bit

CDS archive(s) mapped at: [0x0000028782000000-0x0000028782c80000-0x0000028782c80000), size 13107200, SharedBaseAddress: 0x0000028782000000, ArchiveRelocationMode: 1.
Compressed class space mapped at: 0x0000028783000000-0x00000287c3000000, reserved size: 1073741824
Narrow klass base: 0x0000028782000000, Narrow klass shift: 0, Narrow klass range: 0x100000000

GC Precious Log:
 CardTable entry size: 512
 Card Set container configuration: InlinePtr #cards 5 size 8 Array Of Cards #cards 12 size 40 Howl #buckets 4 coarsen threshold 1843 Howl Bitmap #cards 512 size 80 coarsen threshold 460 Card regions per heap region 1 cards per card region 2048
 CPUs: 4 total, 4 available
 Memory: 8072M
 Large Page Support: Disabled
 NUMA Support: Disabled
 Compressed Oops: Enabled (32-bit)
 Heap Region Size: 1M
 Heap Min Capacity: 8M
 Heap Initial Capacity: 128M
 Heap Max Capacity: 2020M
 Pre-touch: Disabled
 Parallel Workers: 4
 Concurrent Workers: 1
 Concurrent Refinement Workers: 4
 Periodic GC: Disabled

Heap:
 garbage-first heap   total 131072K, used 17427K [0x0000000081c00000, 0x0000000100000000)
  region size 1024K, 16 young (16384K), 1 survivors (1024K)
 Metaspace       used 7940K, committed 8128K, reserved 1114112K
  class space    used 946K, committed 1024K, reserved 1048576K

Heap Regions: E=young(eden), S=young(survivor), O=old, HS=humongous(starts), HC=humongous(continues), CS=collection set, F=free, TAMS=top-at-mark-start, PB=parsable bottom
|   0|0x0000000081c00000, 0x0000000081d00000, 0x0000000081d00000|100%| O|  |TAMS 0x0000000081c00000| PB 0x0000000081c00000| Untracked 
|   1|0x0000000081d00000, 0x0000000081e00000, 0x0000000081e00000|100%| O|  |TAMS 0x0000000081d00000| PB 0x0000000081d00000| Untracked 
|   2|0x0000000081e00000, 0x0000000081f00000, 0x0000000081f00000|100%| O|  |TAMS 0x0000000081e00000| PB 0x0000000081e00000| Untracked 
|   3|0x0000000081f00000, 0x0000000081f45700, 0x0000000082000000| 27%| O|  |TAMS 0x0000000081f00000| PB 0x0000000081f00000| Untracked 
|   4|0x0000000082000000, 0x0000000082000000, 0x0000000082100000|  0%| F|  |TAMS 0x0000000082000000| PB 0x0000000082000000| Untracked 
|   5|0x0000000082100000, 0x0000000082100000, 0x0000000082200000|  0%| F|  |TAMS 0x0000000082100000| PB 0x0000000082100000| Untracked 
|   6|0x0000000082200000, 0x0000000082200000, 0x0000000082300000|  0%| F|  |TAMS 0x0000000082200000| PB 0x0000000082200000| Untracked 
|   7|0x0000000082300000, 0x0000000082300000, 0x0000000082400000|  0%| F|  |TAMS 0x0000000082300000| PB 0x0000000082300000| Untracked 
|   8|0x0000000082400000, 0x0000000082400000, 0x0000000082500000|  0%| F|  |TAMS 0x0000000082400000| PB 0x0000000082400000| Untracked 
|   9|0x0000000082500000, 0x0000000082500000, 0x0000000082600000|  0%| F|  |TAMS 0x0000000082500000| PB 0x0000000082500000| Untracked 
|  10|0x0000000082600000, 0x0000000082600000, 0x0000000082700000|  0%| F|  |TAMS 0x0000000082600000| PB 0x0000000082600000| Untracked 
|  11|0x0000000082700000, 0x0000000082700000, 0x0000000082800000|  0%| F|  |TAMS 0x0000000082700000| PB 0x0000000082700000| Untracked 
|  12|0x0000000082800000, 0x0000000082800000, 0x0000000082900000|  0%| F|  |TAMS 0x0000000082800000| PB 0x0000000082800000| Untracked 
|  13|0x0000000082900000, 0x0000000082900000, 0x0000000082a00000|  0%| F|  |TAMS 0x0000000082900000| PB 0x0000000082900000| Untracked 
|  14|0x0000000082a00000, 0x0000000082a00000, 0x0000000082b00000|  0%| F|  |TAMS 0x0000000082a00000| PB 0x0000000082a00000| Untracked 
|  15|0x0000000082b00000, 0x0000000082b00000, 0x0000000082c00000|  0%| F|  |TAMS 0x0000000082b00000| PB 0x0000000082b00000| Untracked 
|  16|0x0000000082c00000, 0x0000000082c00000, 0x0000000082d00000|  0%| F|  |TAMS 0x0000000082c00000| PB 0x0000000082c00000| Untracked 
|  17|0x0000000082d00000, 0x0000000082d00000, 0x0000000082e00000|  0%| F|  |TAMS 0x0000000082d00000| PB 0x0000000082d00000| Untracked 
|  18|0x0000000082e00000, 0x0000000082e00000, 0x0000000082f00000|  0%| F|  |TAMS 0x0000000082e00000| PB 0x0000000082e00000| Untracked 
|  19|0x0000000082f00000, 0x0000000082f00000, 0x0000000083000000|  0%| F|  |TAMS 0x0000000082f00000| PB 0x0000000082f00000| Untracked 
|  20|0x0000000083000000, 0x0000000083000000, 0x0000000083100000|  0%| F|  |TAMS 0x0000000083000000| PB 0x0000000083000000| Untracked 
|  21|0x0000000083100000, 0x0000000083100000, 0x0000000083200000|  0%| F|  |TAMS 0x0000000083100000| PB 0x0000000083100000| Untracked 
|  22|0x0000000083200000, 0x0000000083200000, 0x0000000083300000|  0%| F|  |TAMS 0x0000000083200000| PB 0x0000000083200000| Untracked 
|  23|0x0000000083300000, 0x0000000083300000, 0x0000000083400000|  0%| F|  |TAMS 0x0000000083300000| PB 0x0000000083300000| Untracked 
|  24|0x0000000083400000, 0x0000000083400000, 0x0000000083500000|  0%| F|  |TAMS 0x0000000083400000| PB 0x0000000083400000| Untracked 
|  25|0x0000000083500000, 0x0000000083500000, 0x0000000083600000|  0%| F|  |TAMS 0x0000000083500000| PB 0x0000000083500000| Untracked 
|  26|0x0000000083600000, 0x0000000083600000, 0x0000000083700000|  0%| F|  |TAMS 0x0000000083600000| PB 0x0000000083600000| Untracked 
|  27|0x0000000083700000, 0x0000000083700000, 0x0000000083800000|  0%| F|  |TAMS 0x0000000083700000| PB 0x0000000083700000| Untracked 
|  28|0x0000000083800000, 0x0000000083800000, 0x0000000083900000|  0%| F|  |TAMS 0x0000000083800000| PB 0x0000000083800000| Untracked 
|  29|0x0000000083900000, 0x0000000083900000, 0x0000000083a00000|  0%| F|  |TAMS 0x0000000083900000| PB 0x0000000083900000| Untracked 
|  30|0x0000000083a00000, 0x0000000083a00000, 0x0000000083b00000|  0%| F|  |TAMS 0x0000000083a00000| PB 0x0000000083a00000| Untracked 
|  31|0x0000000083b00000, 0x0000000083b00000, 0x0000000083c00000|  0%| F|  |TAMS 0x0000000083b00000| PB 0x0000000083b00000| Untracked 
|  32|0x0000000083c00000, 0x0000000083c00000, 0x0000000083d00000|  0%| F|  |TAMS 0x0000000083c00000| PB 0x0000000083c00000| Untracked 
|  33|0x0000000083d00000, 0x0000000083d00000, 0x0000000083e00000|  0%| F|  |TAMS 0x0000000083d00000| PB 0x0000000083d00000| Untracked 
|  34|0x0000000083e00000, 0x0000000083e00000, 0x0000000083f00000|  0%| F|  |TAMS 0x0000000083e00000| PB 0x0000000083e00000| Untracked 
|  35|0x0000000083f00000, 0x0000000083f00000, 0x0000000084000000|  0%| F|  |TAMS 0x0000000083f00000| PB 0x0000000083f00000| Untracked 
|  36|0x0000000084000000, 0x0000000084000000, 0x0000000084100000|  0%| F|  |TAMS 0x0000000084000000| PB 0x0000000084000000| Untracked 
|  37|0x0000000084100000, 0x0000000084100000, 0x0000000084200000|  0%| F|  |TAMS 0x0000000084100000| PB 0x0000000084100000| Untracked 
|  38|0x0000000084200000, 0x0000000084200000, 0x0000000084300000|  0%| F|  |TAMS 0x0000000084200000| PB 0x0000000084200000| Untracked 
|  39|0x0000000084300000, 0x0000000084300000, 0x0000000084400000|  0%| F|  |TAMS 0x0000000084300000| PB 0x0000000084300000| Untracked 
|  40|0x0000000084400000, 0x0000000084400000, 0x0000000084500000|  0%| F|  |TAMS 0x0000000084400000| PB 0x0000000084400000| Untracked 
|  41|0x0000000084500000, 0x0000000084500000, 0x0000000084600000|  0%| F|  |TAMS 0x0000000084500000| PB 0x0000000084500000| Untracked 
|  42|0x0000000084600000, 0x0000000084600000, 0x0000000084700000|  0%| F|  |TAMS 0x0000000084600000| PB 0x0000000084600000| Untracked 
|  43|0x0000000084700000, 0x0000000084700000, 0x0000000084800000|  0%| F|  |TAMS 0x0000000084700000| PB 0x0000000084700000| Untracked 
|  44|0x0000000084800000, 0x0000000084800000, 0x0000000084900000|  0%| F|  |TAMS 0x0000000084800000| PB 0x0000000084800000| Untracked 
|  45|0x0000000084900000, 0x0000000084900000, 0x0000000084a00000|  0%| F|  |TAMS 0x0000000084900000| PB 0x0000000084900000| Untracked 
|  46|0x0000000084a00000, 0x0000000084a00000, 0x0000000084b00000|  0%| F|  |TAMS 0x0000000084a00000| PB 0x0000000084a00000| Untracked 
|  47|0x0000000084b00000, 0x0000000084b00000, 0x0000000084c00000|  0%| F|  |TAMS 0x0000000084b00000| PB 0x0000000084b00000| Untracked 
|  48|0x0000000084c00000, 0x0000000084c00000, 0x0000000084d00000|  0%| F|  |TAMS 0x0000000084c00000| PB 0x0000000084c00000| Untracked 
|  49|0x0000000084d00000, 0x0000000084d00000, 0x0000000084e00000|  0%| F|  |TAMS 0x0000000084d00000| PB 0x0000000084d00000| Untracked 
|  50|0x0000000084e00000, 0x0000000084e00000, 0x0000000084f00000|  0%| F|  |TAMS 0x0000000084e00000| PB 0x0000000084e00000| Untracked 
|  51|0x0000000084f00000, 0x0000000084f00000, 0x0000000085000000|  0%| F|  |TAMS 0x0000000084f00000| PB 0x0000000084f00000| Untracked 
|  52|0x0000000085000000, 0x0000000085000000, 0x0000000085100000|  0%| F|  |TAMS 0x0000000085000000| PB 0x0000000085000000| Untracked 
|  53|0x0000000085100000, 0x0000000085100000, 0x0000000085200000|  0%| F|  |TAMS 0x0000000085100000| PB 0x0000000085100000| Untracked 
|  54|0x0000000085200000, 0x0000000085200000, 0x0000000085300000|  0%| F|  |TAMS 0x0000000085200000| PB 0x0000000085200000| Untracked 
|  55|0x0000000085300000, 0x0000000085300000, 0x0000000085400000|  0%| F|  |TAMS 0x0000000085300000| PB 0x0000000085300000| Untracked 
|  56|0x0000000085400000, 0x0000000085400000, 0x0000000085500000|  0%| F|  |TAMS 0x0000000085400000| PB 0x0000000085400000| Untracked 
|  57|0x0000000085500000, 0x0000000085500000, 0x0000000085600000|  0%| F|  |TAMS 0x0000000085500000| PB 0x0000000085500000| Untracked 
|  58|0x0000000085600000, 0x0000000085600000, 0x0000000085700000|  0%| F|  |TAMS 0x0000000085600000| PB 0x0000000085600000| Untracked 
|  59|0x0000000085700000, 0x0000000085700000, 0x0000000085800000|  0%| F|  |TAMS 0x0000000085700000| PB 0x0000000085700000| Untracked 
|  60|0x0000000085800000, 0x0000000085800000, 0x0000000085900000|  0%| F|  |TAMS 0x0000000085800000| PB 0x0000000085800000| Untracked 
|  61|0x0000000085900000, 0x0000000085900000, 0x0000000085a00000|  0%| F|  |TAMS 0x0000000085900000| PB 0x0000000085900000| Untracked 
|  62|0x0000000085a00000, 0x0000000085a00000, 0x0000000085b00000|  0%| F|  |TAMS 0x0000000085a00000| PB 0x0000000085a00000| Untracked 
|  63|0x0000000085b00000, 0x0000000085b00000, 0x0000000085c00000|  0%| F|  |TAMS 0x0000000085b00000| PB 0x0000000085b00000| Untracked 
|  64|0x0000000085c00000, 0x0000000085c00000, 0x0000000085d00000|  0%| F|  |TAMS 0x0000000085c00000| PB 0x0000000085c00000| Untracked 
|  65|0x0000000085d00000, 0x0000000085d00000, 0x0000000085e00000|  0%| F|  |TAMS 0x0000000085d00000| PB 0x0000000085d00000| Untracked 
|  66|0x0000000085e00000, 0x0000000085e00000, 0x0000000085f00000|  0%| F|  |TAMS 0x0000000085e00000| PB 0x0000000085e00000| Untracked 
|  67|0x0000000085f00000, 0x0000000085f00000, 0x0000000086000000|  0%| F|  |TAMS 0x0000000085f00000| PB 0x0000000085f00000| Untracked 
|  68|0x0000000086000000, 0x0000000086000000, 0x0000000086100000|  0%| F|  |TAMS 0x0000000086000000| PB 0x0000000086000000| Untracked 
|  69|0x0000000086100000, 0x0000000086100000, 0x0000000086200000|  0%| F|  |TAMS 0x0000000086100000| PB 0x0000000086100000| Untracked 
|  70|0x0000000086200000, 0x0000000086200000, 0x0000000086300000|  0%| F|  |TAMS 0x0000000086200000| PB 0x0000000086200000| Untracked 
|  71|0x0000000086300000, 0x0000000086300000, 0x0000000086400000|  0%| F|  |TAMS 0x0000000086300000| PB 0x0000000086300000| Untracked 
|  72|0x0000000086400000, 0x0000000086400000, 0x0000000086500000|  0%| F|  |TAMS 0x0000000086400000| PB 0x0000000086400000| Untracked 
|  73|0x0000000086500000, 0x0000000086500000, 0x0000000086600000|  0%| F|  |TAMS 0x0000000086500000| PB 0x0000000086500000| Untracked 
|  74|0x0000000086600000, 0x0000000086600000, 0x0000000086700000|  0%| F|  |TAMS 0x0000000086600000| PB 0x0000000086600000| Untracked 
|  75|0x0000000086700000, 0x0000000086700000, 0x0000000086800000|  0%| F|  |TAMS 0x0000000086700000| PB 0x0000000086700000| Untracked 
|  76|0x0000000086800000, 0x0000000086800000, 0x0000000086900000|  0%| F|  |TAMS 0x0000000086800000| PB 0x0000000086800000| Untracked 
|  77|0x0000000086900000, 0x0000000086900000, 0x0000000086a00000|  0%| F|  |TAMS 0x0000000086900000| PB 0x0000000086900000| Untracked 
|  78|0x0000000086a00000, 0x0000000086a00000, 0x0000000086b00000|  0%| F|  |TAMS 0x0000000086a00000| PB 0x0000000086a00000| Untracked 
|  79|0x0000000086b00000, 0x0000000086b00000, 0x0000000086c00000|  0%| F|  |TAMS 0x0000000086b00000| PB 0x0000000086b00000| Untracked 
|  80|0x0000000086c00000, 0x0000000086c00000, 0x0000000086d00000|  0%| F|  |TAMS 0x0000000086c00000| PB 0x0000000086c00000| Untracked 
|  81|0x0000000086d00000, 0x0000000086d00000, 0x0000000086e00000|  0%| F|  |TAMS 0x0000000086d00000| PB 0x0000000086d00000| Untracked 
|  82|0x0000000086e00000, 0x0000000086e00000, 0x0000000086f00000|  0%| F|  |TAMS 0x0000000086e00000| PB 0x0000000086e00000| Untracked 
|  83|0x0000000086f00000, 0x0000000086f00000, 0x0000000087000000|  0%| F|  |TAMS 0x0000000086f00000| PB 0x0000000086f00000| Untracked 
|  84|0x0000000087000000, 0x0000000087000000, 0x0000000087100000|  0%| F|  |TAMS 0x0000000087000000| PB 0x0000000087000000| Untracked 
|  85|0x0000000087100000, 0x0000000087100000, 0x0000000087200000|  0%| F|  |TAMS 0x0000000087100000| PB 0x0000000087100000| Untracked 
|  86|0x0000000087200000, 0x0000000087200000, 0x0000000087300000|  0%| F|  |TAMS 0x0000000087200000| PB 0x0000000087200000| Untracked 
|  87|0x0000000087300000, 0x0000000087300000, 0x0000000087400000|  0%| F|  |TAMS 0x0000000087300000| PB 0x0000000087300000| Untracked 
|  88|0x0000000087400000, 0x0000000087400000, 0x0000000087500000|  0%| F|  |TAMS 0x0000000087400000| PB 0x0000000087400000| Untracked 
|  89|0x0000000087500000, 0x0000000087500000, 0x0000000087600000|  0%| F|  |TAMS 0x0000000087500000| PB 0x0000000087500000| Untracked 
|  90|0x0000000087600000, 0x0000000087600000, 0x0000000087700000|  0%| F|  |TAMS 0x0000000087600000| PB 0x0000000087600000| Untracked 
|  91|0x0000000087700000, 0x0000000087700000, 0x0000000087800000|  0%| F|  |TAMS 0x0000000087700000| PB 0x0000000087700000| Untracked 
|  92|0x0000000087800000, 0x0000000087800000, 0x0000000087900000|  0%| F|  |TAMS 0x0000000087800000| PB 0x0000000087800000| Untracked 
|  93|0x0000000087900000, 0x0000000087900000, 0x0000000087a00000|  0%| F|  |TAMS 0x0000000087900000| PB 0x0000000087900000| Untracked 
|  94|0x0000000087a00000, 0x0000000087a00000, 0x0000000087b00000|  0%| F|  |TAMS 0x0000000087a00000| PB 0x0000000087a00000| Untracked 
|  95|0x0000000087b00000, 0x0000000087b00000, 0x0000000087c00000|  0%| F|  |TAMS 0x0000000087b00000| PB 0x0000000087b00000| Untracked 
|  96|0x0000000087c00000, 0x0000000087c00000, 0x0000000087d00000|  0%| F|  |TAMS 0x0000000087c00000| PB 0x0000000087c00000| Untracked 
|  97|0x0000000087d00000, 0x0000000087d00000, 0x0000000087e00000|  0%| F|  |TAMS 0x0000000087d00000| PB 0x0000000087d00000| Untracked 
|  98|0x0000000087e00000, 0x0000000087e00000, 0x0000000087f00000|  0%| F|  |TAMS 0x0000000087e00000| PB 0x0000000087e00000| Untracked 
|  99|0x0000000087f00000, 0x0000000087f00000, 0x0000000088000000|  0%| F|  |TAMS 0x0000000087f00000| PB 0x0000000087f00000| Untracked 
| 100|0x0000000088000000, 0x0000000088000000, 0x0000000088100000|  0%| F|  |TAMS 0x0000000088000000| PB 0x0000000088000000| Untracked 
| 101|0x0000000088100000, 0x0000000088100000, 0x0000000088200000|  0%| F|  |TAMS 0x0000000088100000| PB 0x0000000088100000| Untracked 
| 102|0x0000000088200000, 0x0000000088200000, 0x0000000088300000|  0%| F|  |TAMS 0x0000000088200000| PB 0x0000000088200000| Untracked 
| 103|0x0000000088300000, 0x0000000088300000, 0x0000000088400000|  0%| F|  |TAMS 0x0000000088300000| PB 0x0000000088300000| Untracked 
| 104|0x0000000088400000, 0x0000000088400000, 0x0000000088500000|  0%| F|  |TAMS 0x0000000088400000| PB 0x0000000088400000| Untracked 
| 105|0x0000000088500000, 0x0000000088500000, 0x0000000088600000|  0%| F|  |TAMS 0x0000000088500000| PB 0x0000000088500000| Untracked 
| 106|0x0000000088600000, 0x0000000088600000, 0x0000000088700000|  0%| F|  |TAMS 0x0000000088600000| PB 0x0000000088600000| Untracked 
| 107|0x0000000088700000, 0x0000000088700000, 0x0000000088800000|  0%| F|  |TAMS 0x0000000088700000| PB 0x0000000088700000| Untracked 
| 108|0x0000000088800000, 0x0000000088800000, 0x0000000088900000|  0%| F|  |TAMS 0x0000000088800000| PB 0x0000000088800000| Untracked 
| 109|0x0000000088900000, 0x00000000889bf648, 0x0000000088a00000| 74%| S|CS|TAMS 0x0000000088900000| PB 0x0000000088900000| Complete 
| 110|0x0000000088a00000, 0x0000000088a00000, 0x0000000088b00000|  0%| F|  |TAMS 0x0000000088a00000| PB 0x0000000088a00000| Untracked 
| 111|0x0000000088b00000, 0x0000000088b00000, 0x0000000088c00000|  0%| F|  |TAMS 0x0000000088b00000| PB 0x0000000088b00000| Untracked 
| 112|0x0000000088c00000, 0x0000000088c563b8, 0x0000000088d00000| 33%| E|  |TAMS 0x0000000088c00000| PB 0x0000000088c00000| Complete 
| 113|0x0000000088d00000, 0x0000000088e00000, 0x0000000088e00000|100%| E|CS|TAMS 0x0000000088d00000| PB 0x0000000088d00000| Complete 
| 114|0x0000000088e00000, 0x0000000088f00000, 0x0000000088f00000|100%| E|CS|TAMS 0x0000000088e00000| PB 0x0000000088e00000| Complete 
| 115|0x0000000088f00000, 0x0000000089000000, 0x0000000089000000|100%| E|CS|TAMS 0x0000000088f00000| PB 0x0000000088f00000| Complete 
| 116|0x0000000089000000, 0x0000000089100000, 0x0000000089100000|100%| E|  |TAMS 0x0000000089000000| PB 0x0000000089000000| Complete 
| 117|0x0000000089100000, 0x0000000089200000, 0x0000000089200000|100%| E|CS|TAMS 0x0000000089100000| PB 0x0000000089100000| Complete 
| 118|0x0000000089200000, 0x0000000089300000, 0x0000000089300000|100%| E|CS|TAMS 0x0000000089200000| PB 0x0000000089200000| Complete 
| 119|0x0000000089300000, 0x0000000089400000, 0x0000000089400000|100%| E|CS|TAMS 0x0000000089300000| PB 0x0000000089300000| Complete 
| 120|0x0000000089400000, 0x0000000089500000, 0x0000000089500000|100%| E|CS|TAMS 0x0000000089400000| PB 0x0000000089400000| Complete 
| 121|0x0000000089500000, 0x0000000089600000, 0x0000000089600000|100%| E|CS|TAMS 0x0000000089500000| PB 0x0000000089500000| Complete 
| 122|0x0000000089600000, 0x0000000089700000, 0x0000000089700000|100%| E|CS|TAMS 0x0000000089600000| PB 0x0000000089600000| Complete 
| 123|0x0000000089700000, 0x0000000089800000, 0x0000000089800000|100%| E|CS|TAMS 0x0000000089700000| PB 0x0000000089700000| Complete 
| 124|0x0000000089800000, 0x0000000089900000, 0x0000000089900000|100%| E|CS|TAMS 0x0000000089800000| PB 0x0000000089800000| Complete 
| 125|0x0000000089900000, 0x0000000089a00000, 0x0000000089a00000|100%| E|CS|TAMS 0x0000000089900000| PB 0x0000000089900000| Complete 
| 126|0x0000000089a00000, 0x0000000089b00000, 0x0000000089b00000|100%| E|CS|TAMS 0x0000000089a00000| PB 0x0000000089a00000| Complete 
| 127|0x0000000089b00000, 0x0000000089c00000, 0x0000000089c00000|100%| E|CS|TAMS 0x0000000089b00000| PB 0x0000000089b00000| Complete 

Card table byte_map: [0x00000287fd530000,0x00000287fd930000] _byte_map_base: 0x00000287fd122000

Marking Bits: (CMBitMap*) 0x00000287ea7cc100
 Bits: [0x00000287fd930000, 0x00000287ff8c0000)

Polling page: 0x00000287e9f50000

Metaspace:

Usage:
  Non-class:      6.86 MB used.
      Class:    949.04 KB used.
       Both:      7.79 MB used.

Virtual space:
  Non-class space:       64.00 MB reserved,       7.00 MB ( 11%) committed,  1 nodes.
      Class space:        1.00 GB reserved,       1.00 MB ( <1%) committed,  1 nodes.
             Both:        1.06 GB reserved,       8.00 MB ( <1%) committed. 

Chunk freelists:
   Non-Class:  7.55 MB
       Class:  15.03 MB
        Both:  22.58 MB

MaxMetaspaceSize: unlimited
CompressedClassSpaceSize: 1.00 GB
Initial GC threshold: 21.00 MB
Current GC threshold: 21.00 MB
CDS: on
 - commit_granule_bytes: 65536.
 - commit_granule_words: 8192.
 - virtual_space_node_default_size: 8388608.
 - enlarge_chunks_in_place: 1.
 - use_allocation_guard: 0.


Internal statistics:

num_allocs_failed_limit: 0.
num_arena_births: 58.
num_arena_deaths: 0.
num_vsnodes_births: 2.
num_vsnodes_deaths: 0.
num_space_committed: 128.
num_space_uncommitted: 0.
num_chunks_returned_to_freelist: 0.
num_chunks_taken_from_freelist: 297.
num_chunk_merges: 0.
num_chunk_splits: 201.
num_chunks_enlarged: 170.
num_inconsistent_stats: 0.

CodeHeap 'non-profiled nmethods': size=120000Kb used=644Kb max_used=644Kb free=119355Kb
 bounds [0x00000287f5c00000, 0x00000287f5e70000, 0x00000287fd130000]
CodeHeap 'profiled nmethods': size=120000Kb used=3215Kb max_used=3215Kb free=116784Kb
 bounds [0x00000287ee130000, 0x00000287ee460000, 0x00000287f5660000]
CodeHeap 'non-nmethods': size=5760Kb used=1365Kb max_used=1399Kb free=4394Kb
 bounds [0x00000287f5660000, 0x00000287f58d0000, 0x00000287f5c00000]
CodeCache: size=245760Kb, used=5224Kb, max_used=5258Kb, free=240533Kb
 total_blobs=2138, nmethods=1669, adapters=374, full_count=0
Compilation: enabled, stopped_count=0, restarted_count=0

Compilation events (20 events):
Event: 2.696 Thread 0x00000287ffde4390 1635       3       java.util.stream.AbstractPipeline::evaluateToArrayNode (78 bytes)
Event: 2.696 Thread 0x00000287ffde4390 nmethod 1635 0x00000287ee439d10 code [0x00000287ee439f40, 0x00000287ee43a4f8]
Event: 2.697 Thread 0x00000287ffde4390 1636       3       java.util.stream.AbstractPipeline::evaluate (44 bytes)
Event: 2.699 Thread 0x00000287ffde4390 nmethod 1636 0x00000287ee43a710 code [0x00000287ee43a960, 0x00000287ee43b220]
Event: 2.699 Thread 0x00000287ffde4390 1637       3       java.util.stream.AbstractPipeline::exactOutputSizeIfKnown (86 bytes)
Event: 2.700 Thread 0x00000287ffde4390 nmethod 1637 0x00000287ee43b510 code [0x00000287ee43b700, 0x00000287ee43bd58]
Event: 2.700 Thread 0x00000287ffde4390 1638       3       java.util.stream.ReferencePipeline::makeNodeBuilder (6 bytes)
Event: 2.700 Thread 0x00000287ffde4390 nmethod 1638 0x00000287ee43c010 code [0x00000287ee43c1c0, 0x00000287ee43c300]
Event: 2.700 Thread 0x00000287ffde4390 1639       3       java.util.stream.Nodes::builder (30 bytes)
Event: 2.701 Thread 0x00000287ffde4390 nmethod 1639 0x00000287ee43c390 code [0x00000287ee43c580, 0x00000287ee43c918]
Event: 2.701 Thread 0x00000287ffde4390 1640       3       java.util.stream.Nodes$FixedNodeBuilder::<init> (29 bytes)
Event: 2.701 Thread 0x00000287ffde4390 nmethod 1640 0x00000287ee43ca90 code [0x00000287ee43cc40, 0x00000287ee43cd98]
Event: 2.701 Thread 0x00000287ffde4390 1641       3       java.util.stream.Nodes$ArrayNode::<init> (43 bytes)
Event: 2.701 Thread 0x00000287ffde4390 nmethod 1641 0x00000287ee43ce90 code [0x00000287ee43d080, 0x00000287ee43d520]
Event: 2.701 Thread 0x00000287ffde4390 1642       3       java.util.Arrays::sort (47 bytes)
Event: 2.702 Thread 0x00000287ffde4390 nmethod 1642 0x00000287ee43d690 code [0x00000287ee43d860, 0x00000287ee43daa8]
Event: 2.702 Thread 0x00000287ffde4390 1643       3       jdk.internal.org.objectweb.asm.MethodWriter::visitTryCatchBlock (67 bytes)
Event: 2.703 Thread 0x00000287ffde4390 nmethod 1643 0x00000287ee43db90 code [0x00000287ee43dd80, 0x00000287ee43e3f8]
Event: 2.703 Thread 0x00000287ffde4390 1644       3       jdk.internal.org.objectweb.asm.Handler::<init> (32 bytes)
Event: 2.703 Thread 0x00000287ffde4390 nmethod 1644 0x00000287ee43e610 code [0x00000287ee43e7c0, 0x00000287ee43ea98]

GC Heap History (4 events):
Event: 1.297 GC heap before
{Heap before GC invocations=0 (full 0):
 garbage-first heap   total 131072K, used 12288K [0x0000000081c00000, 0x0000000100000000)
  region size 1024K, 13 young (13312K), 0 survivors (0K)
 Metaspace       used 3632K, committed 3776K, reserved 1114112K
  class space    used 380K, committed 448K, reserved 1048576K
}
Event: 1.305 GC heap after
{Heap after GC invocations=1 (full 0):
 garbage-first heap   total 131072K, used 3221K [0x0000000081c00000, 0x0000000100000000)
  region size 1024K, 2 young (2048K), 2 survivors (2048K)
 Metaspace       used 3632K, committed 3776K, reserved 1114112K
  class space    used 380K, committed 448K, reserved 1048576K
}
Event: 2.102 GC heap before
{Heap before GC invocations=1 (full 0):
 garbage-first heap   total 131072K, used 19605K [0x0000000081c00000, 0x0000000100000000)
  region size 1024K, 18 young (18432K), 2 survivors (2048K)
 Metaspace       used 6305K, committed 6464K, reserved 1114112K
  class space    used 748K, committed 832K, reserved 1048576K
}
Event: 2.110 GC heap after
{Heap after GC invocations=2 (full 0):
 garbage-first heap   total 131072K, used 4115K [0x0000000081c00000, 0x0000000100000000)
  region size 1024K, 1 young (1024K), 1 survivors (1024K)
 Metaspace       used 6305K, committed 6464K, reserved 1114112K
  class space    used 748K, committed 832K, reserved 1048576K
}

Dll operation events (8 events):
Event: 0.029 Loaded shared library C:\Users\WIN 10\.p2\pool\plugins\org.eclipse.justj.openjdk.hotspot.jre.full.win32.x86_64_21.0.8.v20250724-1412\jre\bin\java.dll
Event: 0.102 Loaded shared library C:\Users\WIN 10\.p2\pool\plugins\org.eclipse.justj.openjdk.hotspot.jre.full.win32.x86_64_21.0.8.v20250724-1412\jre\bin\zip.dll
Event: 0.182 Loaded shared library C:\Users\WIN 10\.p2\pool\plugins\org.eclipse.justj.openjdk.hotspot.jre.full.win32.x86_64_21.0.8.v20250724-1412\jre\bin\net.dll
Event: 0.188 Loaded shared library C:\Users\WIN 10\.p2\pool\plugins\org.eclipse.justj.openjdk.hotspot.jre.full.win32.x86_64_21.0.8.v20250724-1412\jre\bin\nio.dll
Event: 0.195 Loaded shared library C:\Users\WIN 10\.p2\pool\plugins\org.eclipse.justj.openjdk.hotspot.jre.full.win32.x86_64_21.0.8.v20250724-1412\jre\bin\zip.dll
Event: 0.546 Loaded shared library C:\Users\WIN 10\.p2\pool\plugins\org.eclipse.justj.openjdk.hotspot.jre.full.win32.x86_64_21.0.8.v20250724-1412\jre\bin\jimage.dll
Event: 0.691 Loaded shared library C:\Users\WIN 10\AppData\Local\Temp\jansi-2.4.2-b3ca073f3c84e441-jansi.dll
Event: 2.049 Loaded shared library C:\Users\WIN 10\.p2\pool\plugins\org.eclipse.justj.openjdk.hotspot.jre.full.win32.x86_64_21.0.8.v20250724-1412\jre\bin\verify.dll

Deoptimization events (20 events):
Event: 2.133 Thread 0x00000287ea77d4d0 Uncommon trap: trap_request=0xffffffc6 fr.pc=0x00000287f5c45da4 relative=0x0000000000000424
Event: 2.133 Thread 0x00000287ea77d4d0 Uncommon trap: reason=bimorphic_or_optimized_type_check action=maybe_recompile pc=0x00000287f5c45da4 method=java.util.concurrent.ConcurrentHashMap.get(Ljava/lang/Object;)Ljava/lang/Object; @ 149 c2
Event: 2.133 Thread 0x00000287ea77d4d0 DEOPT PACKING pc=0x00000287f5c45da4 sp=0x000000b19fefd290
Event: 2.133 Thread 0x00000287ea77d4d0 DEOPT UNPACKING pc=0x00000287f56b46a2 sp=0x000000b19fefd210 mode 2
Event: 2.319 Thread 0x00000287ea77d4d0 Uncommon trap: trap_request=0xffffff45 fr.pc=0x00000287f5c87af0 relative=0x0000000000000730
Event: 2.319 Thread 0x00000287ea77d4d0 Uncommon trap: reason=unstable_if action=reinterpret pc=0x00000287f5c87af0 method=java.lang.String.<init>([CIILjava/lang/Void;)V @ 5 c2
Event: 2.319 Thread 0x00000287ea77d4d0 DEOPT PACKING pc=0x00000287f5c87af0 sp=0x000000b19fefe020
Event: 2.319 Thread 0x00000287ea77d4d0 DEOPT UNPACKING pc=0x00000287f56b46a2 sp=0x000000b19fefdec0 mode 2
Event: 2.385 Thread 0x00000287ea77d4d0 DEOPT PACKING pc=0x00000287ee1e447b sp=0x000000b19fefe1e0
Event: 2.385 Thread 0x00000287ea77d4d0 DEOPT UNPACKING pc=0x00000287f56b4e42 sp=0x000000b19fefd650 mode 0
Event: 2.476 Thread 0x00000287ea77d4d0 Uncommon trap: trap_request=0xffffff45 fr.pc=0x00000287f5c91cd4 relative=0x00000000000014b4
Event: 2.476 Thread 0x00000287ea77d4d0 Uncommon trap: reason=unstable_if action=reinterpret pc=0x00000287f5c91cd4 method=jdk.internal.jimage.ImageLocation.verifyName(Ljava/lang/String;Ljava/lang/String;IIIIIILjdk/internal/jimage/ImageStrings;)Z @ 2 c2
Event: 2.476 Thread 0x00000287ea77d4d0 DEOPT PACKING pc=0x00000287f5c91cd4 sp=0x000000b19fefde80
Event: 2.476 Thread 0x00000287ea77d4d0 DEOPT UNPACKING pc=0x00000287f56b46a2 sp=0x000000b19fefdd58 mode 2
Event: 2.616 Thread 0x00000287ea77d4d0 DEOPT PACKING pc=0x00000287ee1e3139 sp=0x000000b19fefdfd0
Event: 2.616 Thread 0x00000287ea77d4d0 DEOPT UNPACKING pc=0x00000287f56b4e42 sp=0x000000b19fefd4d0 mode 0
Event: 2.691 Thread 0x00000287ea77d4d0 Uncommon trap: trap_request=0xffffffc6 fr.pc=0x00000287f5c85d24 relative=0x0000000000000324
Event: 2.691 Thread 0x00000287ea77d4d0 Uncommon trap: reason=bimorphic_or_optimized_type_check action=maybe_recompile pc=0x00000287f5c85d24 method=java.util.HashMap.getNode(Ljava/lang/Object;)Ljava/util/HashMap$Node; @ 63 c2
Event: 2.691 Thread 0x00000287ea77d4d0 DEOPT PACKING pc=0x00000287f5c85d24 sp=0x000000b19fefe500
Event: 2.691 Thread 0x00000287ea77d4d0 DEOPT UNPACKING pc=0x00000287f56b46a2 sp=0x000000b19fefe478 mode 2

Classes loaded (20 events):
Event: 1.928 Loading class sun/reflect/generics/reflectiveObjects/LazyReflectiveObjectGenerator done
Event: 1.928 Loading class sun/reflect/generics/reflectiveObjects/TypeVariableImpl done
Event: 1.928 Loading class sun/reflect/generics/reflectiveObjects/ParameterizedTypeImpl
Event: 1.929 Loading class sun/reflect/generics/reflectiveObjects/ParameterizedTypeImpl done
Event: 2.070 Loading class java/lang/ArrayIndexOutOfBoundsException
Event: 2.070 Loading class java/lang/ArrayIndexOutOfBoundsException done
Event: 2.493 Loading class java/lang/Deprecated
Event: 2.494 Loading class java/lang/Deprecated done
Event: 2.618 Loading class java/lang/invoke/MethodHandle$1
Event: 2.618 Loading class java/lang/invoke/MethodHandle$1 done
Event: 2.652 Loading class sun/reflect/generics/tree/BottomSignature
Event: 2.655 Loading class sun/reflect/generics/tree/BottomSignature done
Event: 2.656 Loading class sun/reflect/generics/tree/Wildcard
Event: 2.656 Loading class sun/reflect/generics/tree/Wildcard done
Event: 2.658 Loading class sun/reflect/generics/reflectiveObjects/WildcardTypeImpl
Event: 2.658 Loading class sun/reflect/generics/reflectiveObjects/WildcardTypeImpl done
Event: 2.658 Loading class sun/reflect/annotation/AnnotatedTypeFactory$AnnotatedParameterizedTypeImpl
Event: 2.659 Loading class java/lang/reflect/AnnotatedParameterizedType
Event: 2.659 Loading class java/lang/reflect/AnnotatedParameterizedType done
Event: 2.659 Loading class sun/reflect/annotation/AnnotatedTypeFactory$AnnotatedParameterizedTypeImpl done

Classes unloaded (0 events):
No events

Classes redefined (0 events):
No events

Internal exceptions (20 events):
Event: 0.702 Thread 0x00000287ea77d4d0 Exception <a 'java/lang/NullPointerException'{0x000000008965b3e0}> (0x000000008965b3e0) 
thrown [s\src\hotspot\share\interpreter\linkResolver.cpp, line 1372]
Event: 0.718 Thread 0x00000287ea77d4d0 Exception <a 'sun/nio/fs/WindowsException'{0x0000000089685b58}> (0x0000000089685b58) 
thrown [s\src\hotspot\share\prims\jni.cpp, line 520]
Event: 0.718 Thread 0x00000287ea77d4d0 Exception <a 'sun/nio/fs/WindowsException'{0x0000000089686208}> (0x0000000089686208) 
thrown [s\src\hotspot\share\prims\jni.cpp, line 520]
Event: 0.719 Thread 0x00000287ea77d4d0 Exception <a 'sun/nio/fs/WindowsException'{0x0000000089686760}> (0x0000000089686760) 
thrown [s\src\hotspot\share\prims\jni.cpp, line 520]
Event: 0.719 Thread 0x00000287ea77d4d0 Exception <a 'sun/nio/fs/WindowsException'{0x0000000089686c68}> (0x0000000089686c68) 
thrown [s\src\hotspot\share\prims\jni.cpp, line 520]
Event: 0.719 Thread 0x00000287ea77d4d0 Exception <a 'sun/nio/fs/WindowsException'{0x0000000089687128}> (0x0000000089687128) 
thrown [s\src\hotspot\share\prims\jni.cpp, line 520]
Event: 0.753 Thread 0x00000287ea77d4d0 Exception <a 'java/lang/NoSuchMethodError'{0x00000000896e9770}: 'void java.lang.invoke.DirectMethodHandle$Holder.invokeStatic(java.lang.Object, java.lang.Object)'> (0x00000000896e9770) 
thrown [s\src\hotspot\share\interpreter\linkResolver.cpp, line 773]
Event: 0.754 Thread 0x00000287ea77d4d0 Exception <a 'java/lang/NoSuchMethodError'{0x00000000896ecb80}: 'void java.lang.invoke.DirectMethodHandle$Holder.invokeStaticInit(java.lang.Object, java.lang.Object)'> (0x00000000896ecb80) 
thrown [s\src\hotspot\share\interpreter\linkResolver.cpp, line 773]
Event: 0.785 Thread 0x00000287ea77d4d0 Exception <a 'java/lang/NoSuchMethodError'{0x00000000895366b8}: 'void java.lang.invoke.DirectMethodHandle$Holder.invokeStatic(java.lang.Object, java.lang.Object, java.lang.Object)'> (0x00000000895366b8) 
thrown [s\src\hotspot\share\interpreter\linkResolver.cpp, line 773]
Event: 0.891 Thread 0x00000287ea77d4d0 Exception <a 'java/lang/NullPointerException'{0x0000000089436128}> (0x0000000089436128) 
thrown [s\src\hotspot\share\interpreter\linkResolver.cpp, line 1372]
Event: 0.891 Thread 0x00000287ea77d4d0 Exception <a 'java/lang/NullPointerException'{0x000000008943c980}> (0x000000008943c980) 
thrown [s\src\hotspot\share\interpreter\linkResolver.cpp, line 1372]
Event: 0.967 Thread 0x00000287ea77d4d0 Exception <a 'java/lang/NoSuchMethodError'{0x000000008931c678}: 'java.lang.Object java.lang.invoke.DirectMethodHandle$Holder.invokeSpecialIFC(java.lang.Object, java.lang.Object, java.lang.Object, java.lang.Object)'> (0x000000008931c678) 
thrown [s\src\hotspot\share\interpreter\linkResolver.cpp, line 773]
Event: 1.357 Thread 0x00000287ea77d4d0 Exception <a 'java/lang/NoSuchMethodError'{0x0000000089a0e488}: 'void java.lang.invoke.DirectMethodHandle$Holder.invokeSpecial(java.lang.Object, java.lang.Object, java.lang.Object)'> (0x0000000089a0e488) 
thrown [s\src\hotspot\share\interpreter\linkResolver.cpp, line 773]
Event: 1.417 Thread 0x00000287ea77d4d0 Exception <a 'java/lang/NoSuchMethodError'{0x0000000089987258}: 'java.lang.Object java.lang.invoke.DirectMethodHandle$Holder.invokeInterface(java.lang.Object, java.lang.Object)'> (0x0000000089987258) 
thrown [s\src\hotspot\share\interpreter\linkResolver.cpp, line 773]
Event: 1.442 Thread 0x00000287ea77d4d0 Exception <a 'java/lang/NoSuchMethodError'{0x0000000089828538}: 'int java.lang.invoke.DirectMethodHandle$Holder.invokeStatic(java.lang.Object, java.lang.Object, java.lang.Object, java.lang.Object)'> (0x0000000089828538) 
thrown [s\src\hotspot\share\interpreter\linkResolver.cpp, line 773]
Event: 1.444 Thread 0x00000287ea77d4d0 Exception <a 'java/lang/NoSuchMethodError'{0x000000008982bc08}: 'java.lang.Object java.lang.invoke.Invokers$Holder.invokeExact_MT(java.lang.Object, java.lang.Object, java.lang.Object, java.lang.Object, java.lang.Object, java.lang.Object)'> (0x000000008982bc08) 
thrown [s\src\hotspot\share\interpreter\linkResolver.cpp, line 773]
Event: 1.451 Thread 0x00000287ea77d4d0 Exception <a 'java/lang/NoSuchMethodError'{0x000000008983e168}: 'int java.lang.invoke.DirectMethodHandle$Holder.invokeSpecialIFC(java.lang.Object, java.lang.Object, java.lang.Object, java.lang.Object, java.lang.Object)'> (0x000000008983e168) 
thrown [s\src\hotspot\share\interpreter\linkResolver.cpp, line 773]
Event: 1.552 Thread 0x00000287ea77d4d0 Exception <a 'java/lang/NoSuchMethodError'{0x00000000897d7d58}: 'java.lang.Object java.lang.invoke.DirectMethodHandle$Holder.newInvokeSpecial(java.lang.Object, java.lang.Object, java.lang.Object, java.lang.Object, java.lang.Object)'> (0x00000000897d7d58) 
thrown [s\src\hotspot\share\interpreter\linkResolver.cpp, line 773]
Event: 1.620 Thread 0x00000287ea77d4d0 Exception <a 'java/lang/NoSuchMethodError'{0x00000000896f5d50}: 'int java.lang.invoke.DirectMethodHandle$Holder.invokeStaticInit(java.lang.Object, java.lang.Object)'> (0x00000000896f5d50) 
thrown [s\src\hotspot\share\interpreter\linkResolver.cpp, line 773]
Event: 1.633 Thread 0x00000287ea77d4d0 Exception <a 'java/lang/NoClassDefFoundError'{0x000000008952cf48}: javax/enterprise/inject/Typed> (0x000000008952cf48) 
thrown [s\src\hotspot\share\classfile\systemDictionary.cpp, line 301]

ZGC Phase Switch (0 events):
No events

VM Operations (10 events):
Event: 0.197 Executing VM operation: HandshakeAllThreads (Deoptimize)
Event: 0.197 Executing VM operation: HandshakeAllThreads (Deoptimize) done
Event: 0.533 Executing VM operation: HandshakeAllThreads (Deoptimize)
Event: 0.533 Executing VM operation: HandshakeAllThreads (Deoptimize) done
Event: 0.554 Executing VM operation: HandshakeAllThreads (Deoptimize)
Event: 0.554 Executing VM operation: HandshakeAllThreads (Deoptimize) done
Event: 1.297 Executing VM operation: G1CollectForAllocation (G1 Evacuation Pause)
Event: 1.305 Executing VM operation: G1CollectForAllocation (G1 Evacuation Pause) done
Event: 2.102 Executing VM operation: G1CollectForAllocation (G1 Evacuation Pause)
Event: 2.110 Executing VM operation: G1CollectForAllocation (G1 Evacuation Pause) done

Memory protections (0 events):
No events

Nmethod flushes (0 events):
No events

Events (14 events):
Event: 0.067 Thread 0x00000287ea77d4d0 Thread added: 0x00000287ea77d4d0
Event: 0.106 Thread 0x00000287ea77d4d0 Thread added: 0x00000287ffd726d0
Event: 0.106 Thread 0x00000287ea77d4d0 Thread added: 0x00000287ffd73f30
Event: 0.107 Thread 0x00000287ea77d4d0 Thread added: 0x00000287ffd75630
Event: 0.107 Thread 0x00000287ea77d4d0 Thread added: 0x00000287ffd79320
Event: 0.107 Thread 0x00000287ea77d4d0 Thread added: 0x00000287ffd7a580
Event: 0.107 Thread 0x00000287ea77d4d0 Thread added: 0x00000287ffd7afd0
Event: 0.108 Thread 0x00000287ea77d4d0 Thread added: 0x00000287ffd7cd60
Event: 0.115 Thread 0x00000287ea77d4d0 Thread added: 0x00000287ffde4390
Event: 0.166 Thread 0x00000287ea77d4d0 Thread added: 0x00000287c70d51a0
Event: 0.171 Thread 0x00000287ea77d4d0 Thread added: 0x00000287c70dc200
Event: 0.539 Thread 0x00000287ea77d4d0 Thread added: 0x00000287c74713f0
Event: 0.566 Thread 0x00000287c74713f0 Thread exited: 0x00000287c74713f0
Event: 1.660 Thread 0x00000287ffde4390 Thread added: 0x00000287c7a9e600


Dynamic libraries:
0x00007ff7246c0000 - 0x00007ff7246ce000 	C:\Users\WIN 10\.p2\pool\plugins\org.eclipse.justj.openjdk.hotspot.jre.full.win32.x86_64_21.0.8.v20250724-1412\jre\bin\javaw.exe
0x00007ffe9c6f0000 - 0x00007ffe9c8e8000 	C:\Windows\SYSTEM32\ntdll.dll
0x00007ffe9b010000 - 0x00007ffe9b0cf000 	C:\Windows\System32\KERNEL32.DLL
0x00007ffe99e70000 - 0x00007ffe9a166000 	C:\Windows\System32\KERNELBASE.dll
0x00007ffe9a590000 - 0x00007ffe9a690000 	C:\Windows\System32\ucrtbase.dll
0x00007ffe8f8f0000 - 0x00007ffe8f908000 	C:\Users\WIN 10\.p2\pool\plugins\org.eclipse.justj.openjdk.hotspot.jre.full.win32.x86_64_21.0.8.v20250724-1412\jre\bin\jli.dll
0x00007ffe9a780000 - 0x00007ffe9a91d000 	C:\Windows\System32\USER32.dll
0x00007ffe99e40000 - 0x00007ffe99e62000 	C:\Windows\System32\win32u.dll
0x00007ffe9a750000 - 0x00007ffe9a77c000 	C:\Windows\System32\GDI32.dll
0x00007ffe9a2c0000 - 0x00007ffe9a3d5000 	C:\Windows\System32\gdi32full.dll
0x00007ffe9a220000 - 0x00007ffe9a2bd000 	C:\Windows\System32\msvcp_win.dll
0x00007ffe8ea20000 - 0x00007ffe8ea3e000 	C:\Users\WIN 10\.p2\pool\plugins\org.eclipse.justj.openjdk.hotspot.jre.full.win32.x86_64_21.0.8.v20250724-1412\jre\bin\VCRUNTIME140.dll
0x00007ffe7f020000 - 0x00007ffe7f2ba000 	C:\Windows\WinSxS\amd64_microsoft.windows.common-controls_6595b64144ccf1df_6.0.19041.1110_none_60b5254171f9507e\COMCTL32.dll
0x00007ffe9a9e0000 - 0x00007ffe9aa7e000 	C:\Windows\System32\msvcrt.dll
0x00007ffe9bf90000 - 0x00007ffe9bfc0000 	C:\Windows\System32\IMM32.DLL
0x00007ffe901f0000 - 0x00007ffe901fc000 	C:\Users\WIN 10\.p2\pool\plugins\org.eclipse.justj.openjdk.hotspot.jre.full.win32.x86_64_21.0.8.v20250724-1412\jre\bin\vcruntime140_1.dll
0x00007ffe559c0000 - 0x00007ffe55a4d000 	C:\Users\WIN 10\.p2\pool\plugins\org.eclipse.justj.openjdk.hotspot.jre.full.win32.x86_64_21.0.8.v20250724-1412\jre\bin\msvcp140.dll
0x00007ffe4a450000 - 0x00007ffe4b1e7000 	C:\Users\WIN 10\.p2\pool\plugins\org.eclipse.justj.openjdk.hotspot.jre.full.win32.x86_64_21.0.8.v20250724-1412\jre\bin\server\jvm.dll
0x00007ffe9b830000 - 0x00007ffe9b8df000 	C:\Windows\System32\ADVAPI32.dll
0x00007ffe9c040000 - 0x00007ffe9c0dc000 	C:\Windows\System32\sechost.dll
0x00007ffe9bac0000 - 0x00007ffe9bbe6000 	C:\Windows\System32\RPCRT4.dll
0x00007ffe9c570000 - 0x00007ffe9c5db000 	C:\Windows\System32\WS2_32.dll
0x00007ffe99c40000 - 0x00007ffe99c8b000 	C:\Windows\SYSTEM32\POWRPROF.dll
0x00007ffe8fd20000 - 0x00007ffe8fd2a000 	C:\Windows\SYSTEM32\VERSION.dll
0x00007ffe7f4d0000 - 0x00007ffe7f4f7000 	C:\Windows\SYSTEM32\WINMM.dll
0x00007ffe99c20000 - 0x00007ffe99c32000 	C:\Windows\SYSTEM32\UMPDC.dll
0x00007ffe98610000 - 0x00007ffe98622000 	C:\Windows\SYSTEM32\kernel.appcore.dll
0x00007ffe90c60000 - 0x00007ffe90c6a000 	C:\Users\WIN 10\.p2\pool\plugins\org.eclipse.justj.openjdk.hotspot.jre.full.win32.x86_64_21.0.8.v20250724-1412\jre\bin\jimage.dll
0x00007ffe952e0000 - 0x00007ffe954c4000 	C:\Windows\SYSTEM32\DBGHELP.DLL
0x00007ffe7e510000 - 0x00007ffe7e544000 	C:\Windows\SYSTEM32\dbgcore.DLL
0x00007ffe9a6c0000 - 0x00007ffe9a742000 	C:\Windows\System32\bcryptPrimitives.dll
0x00007ffe7ae20000 - 0x00007ffe7ae3f000 	C:\Users\WIN 10\.p2\pool\plugins\org.eclipse.justj.openjdk.hotspot.jre.full.win32.x86_64_21.0.8.v20250724-1412\jre\bin\java.dll
0x00007ffe9b0d0000 - 0x00007ffe9b814000 	C:\Windows\System32\SHELL32.dll
0x00007ffe94b30000 - 0x00007ffe952c3000 	C:\Windows\SYSTEM32\windows.storage.dll
0x00007ffe9c0e0000 - 0x00007ffe9c434000 	C:\Windows\System32\combase.dll
0x00007ffe99740000 - 0x00007ffe9976e000 	C:\Windows\SYSTEM32\Wldp.dll
0x00007ffe9c4c0000 - 0x00007ffe9c56d000 	C:\Windows\System32\SHCORE.dll
0x00007ffe9a920000 - 0x00007ffe9a975000 	C:\Windows\System32\shlwapi.dll
0x00007ffe99d10000 - 0x00007ffe99d2f000 	C:\Windows\SYSTEM32\profapi.dll
0x00007ffe56990000 - 0x00007ffe569a8000 	C:\Users\WIN 10\.p2\pool\plugins\org.eclipse.justj.openjdk.hotspot.jre.full.win32.x86_64_21.0.8.v20250724-1412\jre\bin\zip.dll
0x00007ffe90c50000 - 0x00007ffe90c60000 	C:\Users\WIN 10\.p2\pool\plugins\org.eclipse.justj.openjdk.hotspot.jre.full.win32.x86_64_21.0.8.v20250724-1412\jre\bin\net.dll
0x00007ffe87420000 - 0x00007ffe8752a000 	C:\Windows\SYSTEM32\WINHTTP.dll
0x00007ffe994a0000 - 0x00007ffe9950a000 	C:\Windows\system32\mswsock.dll
0x00007ffe56970000 - 0x00007ffe56986000 	C:\Users\WIN 10\.p2\pool\plugins\org.eclipse.justj.openjdk.hotspot.jre.full.win32.x86_64_21.0.8.v20250724-1412\jre\bin\nio.dll
0x00007ffe76f30000 - 0x00007ffe76f54000 	C:\Users\WIN 10\AppData\Local\Temp\jansi-2.4.2-b3ca073f3c84e441-jansi.dll
0x00007ffe91db0000 - 0x00007ffe91dc0000 	C:\Users\WIN 10\.p2\pool\plugins\org.eclipse.justj.openjdk.hotspot.jre.full.win32.x86_64_21.0.8.v20250724-1412\jre\bin\verify.dll

JVMTI agents: none

dbghelp: loaded successfully - version: 4.0.5 - missing functions: none
symbol engine: initialized successfully - sym options: 0x614 - pdb path: .;C:\Users\WIN 10\.p2\pool\plugins\org.eclipse.justj.openjdk.hotspot.jre.full.win32.x86_64_21.0.8.v20250724-1412\jre\bin;C:\Windows\SYSTEM32;C:\Windows\WinSxS\amd64_microsoft.windows.common-controls_6595b64144ccf1df_6.0.19041.1110_none_60b5254171f9507e;C:\Users\WIN 10\.p2\pool\plugins\org.eclipse.justj.openjdk.hotspot.jre.full.win32.x86_64_21.0.8.v20250724-1412\jre\bin\server;C:\Users\WIN 10\AppData\Local\Temp

VM Arguments:
jvm_args: -Dmaven.home=EMBEDDED -Dclassworlds.conf=C:\Users\WIN 10\eclipse-workspace\.metadata\.plugins\org.eclipse.m2e.launching\launches\m2conf3830268971399654874.tmp -Dmaven.multiModuleProjectDirectory=C:\Users\WIN 10\exam-portal\backend-exam-portal -Dm2e.build.project.data.socket.port=57177 -Dfile.encoding=UTF-8 -Dstdout.encoding=UTF-8 -Dstderr.encoding=UTF-8 -XX:+ShowCodeDetailsInExceptionMessages 
java_command: org.codehaus.plexus.classworlds.launcher.Launcher -B -Dstyle.color=always clean
java_class_path (initial): C:\Users\WIN 10\.p2\pool\plugins\org.eclipse.m2e.maven.runtime_3.9.1100.20250811-2018\jars\plexus-classworlds-2.9.0.jar
Launcher Type: SUN_STANDARD

[Global flags]
     intx CICompilerCount                          = 3                                         {product} {ergonomic}
     uint ConcGCThreads                            = 1                                         {product} {ergonomic}
     uint G1ConcRefinementThreads                  = 4                                         {product} {ergonomic}
   size_t G1HeapRegionSize                         = 1048576                                   {product} {ergonomic}
    uintx GCDrainStackTargetSize                   = 64                                        {product} {ergonomic}
   size_t InitialHeapSize                          = 134217728                                 {product} {ergonomic}
   size_t MarkStackSize                            = 4194304                                   {product} {ergonomic}
   size_t MaxHeapSize                              = 2118123520                                {product} {ergonomic}
   size_t MaxNewSize                               = 1270874112                                {product} {ergonomic}
   size_t MinHeapDeltaBytes                        = 1048576                                   {product} {ergonomic}
   size_t MinHeapSize                              = 8388608                                   {product} {ergonomic}
    uintx NonNMethodCodeHeapSize                   = 5832780                                {pd product} {ergonomic}
    uintx NonProfiledCodeHeapSize                  = 122912730                              {pd product} {ergonomic}
    uintx ProfiledCodeHeapSize                     = 122912730                              {pd product} {ergonomic}
    uintx ReservedCodeCacheSize                    = 251658240                              {pd product} {ergonomic}
     bool SegmentedCodeCache                       = true                                      {product} {ergonomic}
     bool ShowCodeDetailsInExceptionMessages       = true                                   {manageable} {command line}
   size_t SoftMaxHeapSize                          = 2118123520                             {manageable} {ergonomic}
     bool UseCompressedOops                        = true                           {product lp64_product} {ergonomic}
     bool UseG1GC                                  = true                                      {product} {ergonomic}
     bool UseLargePagesIndividualAllocation        = false                                  {pd product} {ergonomic}

Logging:
Log output configuration:
 #0: stdout all=warning uptime,level,tags foldmultilines=false
 #1: stderr all=off uptime,level,tags foldmultilines=false

Environment Variables:
PATH=C:/Users/WIN 10/.p2/pool/plugins/org.eclipse.justj.openjdk.hotspot.jre.full.win32.x86_64_21.0.8.v20250724-1412/jre/bin/server;C:/Users/WIN 10/.p2/pool/plugins/org.eclipse.justj.openjdk.hotspot.jre.full.win32.x86_64_21.0.8.v20250724-1412/jre/bin;C:\Windows\system32;C:\Windows;C:\Windows\System32\Wbem;C:\Windows\System32\WindowsPowerShell\v1.0\;C:\Windows\System32\OpenSSH\;C:\Program Files (x86)\Intel\Intel(R) Management Engine Components\DAL;C:\Program Files\Intel\Intel(R) Management Engine Components\DAL;C:\Program Files\MySQL\MySQL Server 8.0\bin;C:\Program Files\nodejs\;C:\Program Files\Git\cmd;C:\Program Files\MySQL\MySQL Shell 8.0\bin\;C:\Users\WIN 10\AppData\Local\Microsoft\WindowsApps;C:\Users\WIN 10\AppData\Local\Programs\Microsoft VS Code\bin;C:\Users\WIN 10\AppData\Roaming\npm;C:\Users\WIN 10\Desktop;
USERNAME=Samaya
OS=Windows_NT
PROCESSOR_IDENTIFIER=Intel64 Family 6 Model 78 Stepping 3, GenuineIntel
TMP=C:\Users\WIN10~1\AppData\Local\Temp
TEMP=C:\Users\WIN10~1\AppData\Local\Temp




Periodic native trim disabled

---------------  S Y S T E M  ---------------

OS:
 Windows 10 , 64 bit Build 19041 (10.0.19041.3031)
OS uptime: 1 days 12:00 hours

CPU: total 4 (initial active 4) (2 cores per cpu, 2 threads per core) family 6 model 78 stepping 3 microcode 0xf0, cx8, cmov, fxsr, ht, mmx, 3dnowpref, sse, sse2, sse3, ssse3, sse4.1, sse4.2, popcnt, lzcnt, tsc, tscinvbit, avx, avx2, aes, erms, clmul, bmi1, bmi2, rtm, adx, fma, vzeroupper, clflush, clflushopt, rdtscp, f16c
Processor Information for processor 0
  Max Mhz: 2808, Current Mhz: 2607, Mhz Limit: 2583
Processor Information for processor 1
  Max Mhz: 2808, Current Mhz: 2607, Mhz Limit: 2583
Processor Information for processor 2
  Max Mhz: 2808, Current Mhz: 1404, Mhz Limit: 2583
Processor Information for processor 3
  Max Mhz: 2808, Current Mhz: 2607, Mhz Limit: 2583

Memory: 4k page, system-wide physical 8072M (884M free)
TotalPageFile size 10120M (AvailPageFile size 5M)
current process WorkingSet (physical memory assigned to process): 90M, peak: 90M
current process commit charge ("private bytes"): 229M, peak: 229M

vm_info: OpenJDK 64-Bit Server VM (21.0.8+9-LTS) for windows-amd64 JRE (21.0.8+9-LTS), built on 2025-07-15T00:00:00Z by "admin" with MS VC++ 17.7 (VS2022)

END.
