#
# There is insufficient memory for the Java Runtime Environment to continue.
# Native memory allocation (malloc) failed to allocate 32784 bytes. Error detail: Chunk::new
# Possible reasons:
#   The system is out of physical RAM or swap space
#   This process is running with CompressedOops enabled, and the Java Heap may be blocking the growth of the native heap
# Possible solutions:
#   Reduce memory load on the system
#   Increase physical memory or swap space
#   Check if swap backing store is full
#   Decrease Java heap size (-Xmx/-Xms)
#   Decrease number of Java threads
#   Decrease Java thread stack sizes (-Xss)
#   Set larger code cache with -XX:ReservedCodeCacheSize=
#   JVM is running with Unscaled Compressed Oops mode in which the Java heap is
#     placed in the first 4GB address space. The Java Heap base address is the
#     maximum limit for the native heap growth. Please use -XX:HeapBaseMinAddress
#     to set the Java Heap base and to place the Java Heap above 4GB virtual address.
# This output file may be truncated or incomplete.
#
#  Out of Memory Error (arena.cpp:168), pid=5768, tid=14788
#
# JRE version: OpenJDK Runtime Environment Temurin-21.0.8+9 (21.0.8+9) (build 21.0.8+9-LTS)
# Java VM: OpenJDK 64-Bit Server VM Temurin-21.0.8+9 (21.0.8+9-LTS, mixed mode, sharing, tiered, compressed oops, compressed class ptrs, g1 gc, windows-amd64)
# No core dump will be written. Minidumps are not enabled by default on client versions of Windows
#

---------------  S U M M A R Y ------------

Command Line: -Dmaven.home=EMBEDDED -Dclassworlds.conf=C:\Users\WIN 10\eclipse-workspace\.metadata\.plugins\org.eclipse.m2e.launching\launches\m2conf12983386674284356710.tmp -Dmaven.multiModuleProjectDirectory=C:\Users\WIN 10\exam-portal\backend-exam-portal -Dm2e.build.project.data.socket.port=57167 -Dfile.encoding=UTF-8 -Dstdout.encoding=UTF-8 -Dstderr.encoding=UTF-8 -XX:+ShowCodeDetailsInExceptionMessages org.codehaus.plexus.classworlds.launcher.Launcher -B -Dstyle.color=always clean

Host: Intel(R) Core(TM) i7-6600U CPU @ 2.60GHz, 4 cores, 7G,  Windows 10 , 64 bit Build 19041 (10.0.19041.3031)
Time: Sat Nov  8 10:37:54 2025 India Standard Time elapsed time: 16.272897 seconds (0d 0h 0m 16s)

---------------  T H R E A D  ---------------

Current thread (0x000001fcf9bc39f0):  JavaThread "C2 CompilerThread0" daemon [_thread_in_native, id=14788, stack(0x000000faf1600000,0x000000faf1700000) (1024K)]


Current CompileTask:
C2:16273 2792       4       org.codehaus.plexus.util.xml.pull.MXParser::nextImpl (1208 bytes)

Stack: [0x000000faf1600000,0x000000faf1700000]
Native frames: (J=compiled Java code, j=interpreted, Vv=VM code, C=native code)
V  [jvm.dll+0x6d2449]
V  [jvm.dll+0x8ae341]
V  [jvm.dll+0x8b08be]
V  [jvm.dll+0x8b0fa3]
V  [jvm.dll+0x280c96]
V  [jvm.dll+0xc581d]
V  [jvm.dll+0xc5d53]
V  [jvm.dll+0xd178d]
V  [jvm.dll+0x5fa22f]
V  [jvm.dll+0x252092]
V  [jvm.dll+0x24a85c]
V  [jvm.dll+0x2483a4]
V  [jvm.dll+0x1c89ee]
V  [jvm.dll+0x257d4d]
V  [jvm.dll+0x2562ea]
V  [jvm.dll+0x3f2d16]
V  [jvm.dll+0x857e6b]
V  [jvm.dll+0x6d0b0d]
C  [ucrtbase.dll+0x21bb2]
C  [KERNEL32.DLL+0x17614]
C  [ntdll.dll+0x526f1]


---------------  P R O C E S S  ---------------

Threads class SMR info:
_java_thread_list=0x000001fcfeec8fa0, length=12, elements={
0x000001fce033ab90, 0x000001fcf9ba44f0, 0x000001fcf9ba5aa0, 0x000001fcf9baa7a0,
0x000001fcf9bac610, 0x000001fcf9badee0, 0x000001fcf9baffb0, 0x000001fcf9bc39f0,
0x000001fcf9bc4090, 0x000001fcf9baf290, 0x000001fcf9bae570, 0x000001fcfee95e30
}

Java Threads: ( => current thread )
  0x000001fce033ab90 JavaThread "main"                              [_thread_in_vm, id=15368, stack(0x000000faf0700000,0x000000faf0800000) (1024K)]
  0x000001fcf9ba44f0 JavaThread "Reference Handler"          daemon [_thread_blocked, id=11268, stack(0x000000faf1000000,0x000000faf1100000) (1024K)]
  0x000001fcf9ba5aa0 JavaThread "Finalizer"                  daemon [_thread_blocked, id=3408, stack(0x000000faf1100000,0x000000faf1200000) (1024K)]
  0x000001fcf9baa7a0 JavaThread "Signal Dispatcher"          daemon [_thread_blocked, id=16748, stack(0x000000faf1200000,0x000000faf1300000) (1024K)]
  0x000001fcf9bac610 JavaThread "Attach Listener"            daemon [_thread_blocked, id=7096, stack(0x000000faf1300000,0x000000faf1400000) (1024K)]
  0x000001fcf9badee0 JavaThread "Service Thread"             daemon [_thread_blocked, id=16896, stack(0x000000faf1400000,0x000000faf1500000) (1024K)]
  0x000001fcf9baffb0 JavaThread "Monitor Deflation Thread"   daemon [_thread_blocked, id=6192, stack(0x000000faf1500000,0x000000faf1600000) (1024K)]
=>0x000001fcf9bc39f0 JavaThread "C2 CompilerThread0"         daemon [_thread_in_native, id=14788, stack(0x000000faf1600000,0x000000faf1700000) (1024K)]
  0x000001fcf9bc4090 JavaThread "C1 CompilerThread0"         daemon [_thread_blocked, id=3168, stack(0x000000faf1700000,0x000000faf1800000) (1024K)]
  0x000001fcf9baf290 JavaThread "Notification Thread"        daemon [_thread_blocked, id=1644, stack(0x000000faf1800000,0x000000faf1900000) (1024K)]
  0x000001fcf9bae570 JavaThread "Common-Cleaner"             daemon [_thread_blocked, id=16728, stack(0x000000faf1900000,0x000000faf1a00000) (1024K)]
  0x000001fcfee95e30 JavaThread "C2 CompilerThread1"         daemon [_thread_in_native, id=17260, stack(0x000000faf1d00000,0x000000faf1e00000) (1024K)]
Total: 12

Other Threads:
  0x000001fcf9b8c160 VMThread "VM Thread"                           [id=6704, stack(0x000000faf0f00000,0x000000faf1000000) (1024K)]
  0x000001fcf9b74160 WatcherThread "VM Periodic Task Thread"        [id=2520, stack(0x000000faf0d00000,0x000000faf0e00000) (1024K)]
  0x000001fce25f97b0 WorkerThread "GC Thread#0"                     [id=3876, stack(0x000000faf0800000,0x000000faf0900000) (1024K)]
  0x000001fcf9b8ba20 WorkerThread "GC Thread#1"                     [id=10860, stack(0x000000faf1a00000,0x000000faf1b00000) (1024K)]
  0x000001fcf9b8cc40 WorkerThread "GC Thread#2"                     [id=244, stack(0x000000faf1b00000,0x000000faf1c00000) (1024K)]
  0x000001fcf9b8bdc0 WorkerThread "GC Thread#3"                     [id=5056, stack(0x000000faf1c00000,0x000000faf1d00000) (1024K)]
  0x000001fce260a220 ConcurrentGCThread "G1 Main Marker"            [id=16088, stack(0x000000faf0900000,0x000000faf0a00000) (1024K)]
  0x000001fce260b580 WorkerThread "G1 Conc#0"                       [id=16524, stack(0x000000faf0a00000,0x000000faf0b00000) (1024K)]
  0x000001fcf9a340c0 ConcurrentGCThread "G1 Refine#0"               [id=5372, stack(0x000000faf0b00000,0x000000faf0c00000) (1024K)]
  0x000001fcf9a35490 ConcurrentGCThread "G1 Service"                [id=7476, stack(0x000000faf0c00000,0x000000faf0d00000) (1024K)]
Total: 10

Threads with active compile tasks:
C2 CompilerThread0  16349 2792       4       org.codehaus.plexus.util.xml.pull.MXParser::nextImpl (1208 bytes)
C2 CompilerThread1  16349 2791       4       org.codehaus.plexus.util.xml.pull.MXParser::parseStartTag (1205 bytes)
Total: 2

VM state: not at safepoint (normal execution)

VM Mutex/Monitor currently owned by a thread: None

Heap address: 0x0000000081c00000, size: 2020 MB, Compressed Oops mode: 32-bit

CDS archive(s) mapped at: [0x000001fc80000000-0x000001fc80c80000-0x000001fc80c80000), size 13107200, SharedBaseAddress: 0x000001fc80000000, ArchiveRelocationMode: 1.
Compressed class space mapped at: 0x000001fc81000000-0x000001fcc1000000, reserved size: 1073741824
Narrow klass base: 0x000001fc80000000, Narrow klass shift: 0, Narrow klass range: 0x100000000

GC Precious Log:
 CardTable entry size: 512
 Card Set container configuration: InlinePtr #cards 5 size 8 Array Of Cards #cards 12 size 40 Howl #buckets 4 coarsen threshold 1843 Howl Bitmap #cards 512 size 80 coarsen threshold 460 Card regions per heap region 1 cards per card region 2048
 CPUs: 4 total, 4 available
 Memory: 8072M
 Large Page Support: Disabled
 NUMA Support: Disabled
 Compressed Oops: Enabled (32-bit)
 Heap Region Size: 1M
 Heap Min Capacity: 8M
 Heap Initial Capacity: 128M
 Heap Max Capacity: 2020M
 Pre-touch: Disabled
 Parallel Workers: 4
 Concurrent Workers: 1
 Concurrent Refinement Workers: 4
 Periodic GC: Disabled

Heap:
 garbage-first heap   total 131072K, used 50381K [0x0000000081c00000, 0x0000000100000000)
  region size 1024K, 47 young (48128K), 1 survivors (1024K)
 Metaspace       used 14712K, committed 14912K, reserved 1114112K
  class space    used 1792K, committed 1856K, reserved 1048576K

Heap Regions: E=young(eden), S=young(survivor), O=old, HS=humongous(starts), HC=humongous(continues), CS=collection set, F=free, TAMS=top-at-mark-start, PB=parsable bottom
|   0|0x0000000081c00000, 0x0000000081d00000, 0x0000000081d00000|100%| O|  |TAMS 0x0000000081c00000| PB 0x0000000081c00000| Untracked 
|   1|0x0000000081d00000, 0x0000000081e00000, 0x0000000081e00000|100%| O|  |TAMS 0x0000000081d00000| PB 0x0000000081d00000| Untracked 
|   2|0x0000000081e00000, 0x0000000081f00000, 0x0000000081f00000|100%| O|  |TAMS 0x0000000081e00000| PB 0x0000000081e00000| Untracked 
|   3|0x0000000081f00000, 0x0000000081f546d0, 0x0000000082000000| 32%| O|  |TAMS 0x0000000081f00000| PB 0x0000000081f00000| Untracked 
|   4|0x0000000082000000, 0x0000000082000000, 0x0000000082100000|  0%| F|  |TAMS 0x0000000082000000| PB 0x0000000082000000| Untracked 
|   5|0x0000000082100000, 0x0000000082100000, 0x0000000082200000|  0%| F|  |TAMS 0x0000000082100000| PB 0x0000000082100000| Untracked 
|   6|0x0000000082200000, 0x0000000082200000, 0x0000000082300000|  0%| F|  |TAMS 0x0000000082200000| PB 0x0000000082200000| Untracked 
|   7|0x0000000082300000, 0x0000000082300000, 0x0000000082400000|  0%| F|  |TAMS 0x0000000082300000| PB 0x0000000082300000| Untracked 
|   8|0x0000000082400000, 0x0000000082400000, 0x0000000082500000|  0%| F|  |TAMS 0x0000000082400000| PB 0x0000000082400000| Untracked 
|   9|0x0000000082500000, 0x0000000082500000, 0x0000000082600000|  0%| F|  |TAMS 0x0000000082500000| PB 0x0000000082500000| Untracked 
|  10|0x0000000082600000, 0x0000000082600000, 0x0000000082700000|  0%| F|  |TAMS 0x0000000082600000| PB 0x0000000082600000| Untracked 
|  11|0x0000000082700000, 0x0000000082700000, 0x0000000082800000|  0%| F|  |TAMS 0x0000000082700000| PB 0x0000000082700000| Untracked 
|  12|0x0000000082800000, 0x0000000082800000, 0x0000000082900000|  0%| F|  |TAMS 0x0000000082800000| PB 0x0000000082800000| Untracked 
|  13|0x0000000082900000, 0x0000000082900000, 0x0000000082a00000|  0%| F|  |TAMS 0x0000000082900000| PB 0x0000000082900000| Untracked 
|  14|0x0000000082a00000, 0x0000000082a00000, 0x0000000082b00000|  0%| F|  |TAMS 0x0000000082a00000| PB 0x0000000082a00000| Untracked 
|  15|0x0000000082b00000, 0x0000000082b00000, 0x0000000082c00000|  0%| F|  |TAMS 0x0000000082b00000| PB 0x0000000082b00000| Untracked 
|  16|0x0000000082c00000, 0x0000000082c00000, 0x0000000082d00000|  0%| F|  |TAMS 0x0000000082c00000| PB 0x0000000082c00000| Untracked 
|  17|0x0000000082d00000, 0x0000000082d00000, 0x0000000082e00000|  0%| F|  |TAMS 0x0000000082d00000| PB 0x0000000082d00000| Untracked 
|  18|0x0000000082e00000, 0x0000000082e00000, 0x0000000082f00000|  0%| F|  |TAMS 0x0000000082e00000| PB 0x0000000082e00000| Untracked 
|  19|0x0000000082f00000, 0x0000000082f00000, 0x0000000083000000|  0%| F|  |TAMS 0x0000000082f00000| PB 0x0000000082f00000| Untracked 
|  20|0x0000000083000000, 0x0000000083000000, 0x0000000083100000|  0%| F|  |TAMS 0x0000000083000000| PB 0x0000000083000000| Untracked 
|  21|0x0000000083100000, 0x0000000083100000, 0x0000000083200000|  0%| F|  |TAMS 0x0000000083100000| PB 0x0000000083100000| Untracked 
|  22|0x0000000083200000, 0x0000000083200000, 0x0000000083300000|  0%| F|  |TAMS 0x0000000083200000| PB 0x0000000083200000| Untracked 
|  23|0x0000000083300000, 0x0000000083300000, 0x0000000083400000|  0%| F|  |TAMS 0x0000000083300000| PB 0x0000000083300000| Untracked 
|  24|0x0000000083400000, 0x0000000083400000, 0x0000000083500000|  0%| F|  |TAMS 0x0000000083400000| PB 0x0000000083400000| Untracked 
|  25|0x0000000083500000, 0x0000000083500000, 0x0000000083600000|  0%| F|  |TAMS 0x0000000083500000| PB 0x0000000083500000| Untracked 
|  26|0x0000000083600000, 0x0000000083600000, 0x0000000083700000|  0%| F|  |TAMS 0x0000000083600000| PB 0x0000000083600000| Untracked 
|  27|0x0000000083700000, 0x0000000083700000, 0x0000000083800000|  0%| F|  |TAMS 0x0000000083700000| PB 0x0000000083700000| Untracked 
|  28|0x0000000083800000, 0x0000000083800000, 0x0000000083900000|  0%| F|  |TAMS 0x0000000083800000| PB 0x0000000083800000| Untracked 
|  29|0x0000000083900000, 0x0000000083900000, 0x0000000083a00000|  0%| F|  |TAMS 0x0000000083900000| PB 0x0000000083900000| Untracked 
|  30|0x0000000083a00000, 0x0000000083a00000, 0x0000000083b00000|  0%| F|  |TAMS 0x0000000083a00000| PB 0x0000000083a00000| Untracked 
|  31|0x0000000083b00000, 0x0000000083b00000, 0x0000000083c00000|  0%| F|  |TAMS 0x0000000083b00000| PB 0x0000000083b00000| Untracked 
|  32|0x0000000083c00000, 0x0000000083c00000, 0x0000000083d00000|  0%| F|  |TAMS 0x0000000083c00000| PB 0x0000000083c00000| Untracked 
|  33|0x0000000083d00000, 0x0000000083d00000, 0x0000000083e00000|  0%| F|  |TAMS 0x0000000083d00000| PB 0x0000000083d00000| Untracked 
|  34|0x0000000083e00000, 0x0000000083e00000, 0x0000000083f00000|  0%| F|  |TAMS 0x0000000083e00000| PB 0x0000000083e00000| Untracked 
|  35|0x0000000083f00000, 0x0000000083f00000, 0x0000000084000000|  0%| F|  |TAMS 0x0000000083f00000| PB 0x0000000083f00000| Untracked 
|  36|0x0000000084000000, 0x0000000084000000, 0x0000000084100000|  0%| F|  |TAMS 0x0000000084000000| PB 0x0000000084000000| Untracked 
|  37|0x0000000084100000, 0x0000000084100000, 0x0000000084200000|  0%| F|  |TAMS 0x0000000084100000| PB 0x0000000084100000| Untracked 
|  38|0x0000000084200000, 0x0000000084200000, 0x0000000084300000|  0%| F|  |TAMS 0x0000000084200000| PB 0x0000000084200000| Untracked 
|  39|0x0000000084300000, 0x0000000084300000, 0x0000000084400000|  0%| F|  |TAMS 0x0000000084300000| PB 0x0000000084300000| Untracked 
|  40|0x0000000084400000, 0x0000000084400000, 0x0000000084500000|  0%| F|  |TAMS 0x0000000084400000| PB 0x0000000084400000| Untracked 
|  41|0x0000000084500000, 0x0000000084500000, 0x0000000084600000|  0%| F|  |TAMS 0x0000000084500000| PB 0x0000000084500000| Untracked 
|  42|0x0000000084600000, 0x0000000084600000, 0x0000000084700000|  0%| F|  |TAMS 0x0000000084600000| PB 0x0000000084600000| Untracked 
|  43|0x0000000084700000, 0x0000000084700000, 0x0000000084800000|  0%| F|  |TAMS 0x0000000084700000| PB 0x0000000084700000| Untracked 
|  44|0x0000000084800000, 0x0000000084800000, 0x0000000084900000|  0%| F|  |TAMS 0x0000000084800000| PB 0x0000000084800000| Untracked 
|  45|0x0000000084900000, 0x0000000084900000, 0x0000000084a00000|  0%| F|  |TAMS 0x0000000084900000| PB 0x0000000084900000| Untracked 
|  46|0x0000000084a00000, 0x0000000084a00000, 0x0000000084b00000|  0%| F|  |TAMS 0x0000000084a00000| PB 0x0000000084a00000| Untracked 
|  47|0x0000000084b00000, 0x0000000084b00000, 0x0000000084c00000|  0%| F|  |TAMS 0x0000000084b00000| PB 0x0000000084b00000| Untracked 
|  48|0x0000000084c00000, 0x0000000084c00000, 0x0000000084d00000|  0%| F|  |TAMS 0x0000000084c00000| PB 0x0000000084c00000| Untracked 
|  49|0x0000000084d00000, 0x0000000084d00000, 0x0000000084e00000|  0%| F|  |TAMS 0x0000000084d00000| PB 0x0000000084d00000| Untracked 
|  50|0x0000000084e00000, 0x0000000084e00000, 0x0000000084f00000|  0%| F|  |TAMS 0x0000000084e00000| PB 0x0000000084e00000| Untracked 
|  51|0x0000000084f00000, 0x0000000084f00000, 0x0000000085000000|  0%| F|  |TAMS 0x0000000084f00000| PB 0x0000000084f00000| Untracked 
|  52|0x0000000085000000, 0x0000000085000000, 0x0000000085100000|  0%| F|  |TAMS 0x0000000085000000| PB 0x0000000085000000| Untracked 
|  53|0x0000000085100000, 0x0000000085100000, 0x0000000085200000|  0%| F|  |TAMS 0x0000000085100000| PB 0x0000000085100000| Untracked 
|  54|0x0000000085200000, 0x0000000085200000, 0x0000000085300000|  0%| F|  |TAMS 0x0000000085200000| PB 0x0000000085200000| Untracked 
|  55|0x0000000085300000, 0x0000000085300000, 0x0000000085400000|  0%| F|  |TAMS 0x0000000085300000| PB 0x0000000085300000| Untracked 
|  56|0x0000000085400000, 0x0000000085400000, 0x0000000085500000|  0%| F|  |TAMS 0x0000000085400000| PB 0x0000000085400000| Untracked 
|  57|0x0000000085500000, 0x0000000085500000, 0x0000000085600000|  0%| F|  |TAMS 0x0000000085500000| PB 0x0000000085500000| Untracked 
|  58|0x0000000085600000, 0x0000000085600000, 0x0000000085700000|  0%| F|  |TAMS 0x0000000085600000| PB 0x0000000085600000| Untracked 
|  59|0x0000000085700000, 0x0000000085700000, 0x0000000085800000|  0%| F|  |TAMS 0x0000000085700000| PB 0x0000000085700000| Untracked 
|  60|0x0000000085800000, 0x0000000085800000, 0x0000000085900000|  0%| F|  |TAMS 0x0000000085800000| PB 0x0000000085800000| Untracked 
|  61|0x0000000085900000, 0x0000000085900000, 0x0000000085a00000|  0%| F|  |TAMS 0x0000000085900000| PB 0x0000000085900000| Untracked 
|  62|0x0000000085a00000, 0x0000000085a00000, 0x0000000085b00000|  0%| F|  |TAMS 0x0000000085a00000| PB 0x0000000085a00000| Untracked 
|  63|0x0000000085b00000, 0x0000000085b00000, 0x0000000085c00000|  0%| F|  |TAMS 0x0000000085b00000| PB 0x0000000085b00000| Untracked 
|  64|0x0000000085c00000, 0x0000000085c00000, 0x0000000085d00000|  0%| F|  |TAMS 0x0000000085c00000| PB 0x0000000085c00000| Untracked 
|  65|0x0000000085d00000, 0x0000000085d00000, 0x0000000085e00000|  0%| F|  |TAMS 0x0000000085d00000| PB 0x0000000085d00000| Untracked 
|  66|0x0000000085e00000, 0x0000000085e00000, 0x0000000085f00000|  0%| F|  |TAMS 0x0000000085e00000| PB 0x0000000085e00000| Untracked 
|  67|0x0000000085f00000, 0x0000000085f00000, 0x0000000086000000|  0%| F|  |TAMS 0x0000000085f00000| PB 0x0000000085f00000| Untracked 
|  68|0x0000000086000000, 0x0000000086000000, 0x0000000086100000|  0%| F|  |TAMS 0x0000000086000000| PB 0x0000000086000000| Untracked 
|  69|0x0000000086100000, 0x0000000086100000, 0x0000000086200000|  0%| F|  |TAMS 0x0000000086100000| PB 0x0000000086100000| Untracked 
|  70|0x0000000086200000, 0x0000000086200000, 0x0000000086300000|  0%| F|  |TAMS 0x0000000086200000| PB 0x0000000086200000| Untracked 
|  71|0x0000000086300000, 0x0000000086300000, 0x0000000086400000|  0%| F|  |TAMS 0x0000000086300000| PB 0x0000000086300000| Untracked 
|  72|0x0000000086400000, 0x0000000086400000, 0x0000000086500000|  0%| F|  |TAMS 0x0000000086400000| PB 0x0000000086400000| Untracked 
|  73|0x0000000086500000, 0x0000000086500000, 0x0000000086600000|  0%| F|  |TAMS 0x0000000086500000| PB 0x0000000086500000| Untracked 
|  74|0x0000000086600000, 0x0000000086600000, 0x0000000086700000|  0%| F|  |TAMS 0x0000000086600000| PB 0x0000000086600000| Untracked 
|  75|0x0000000086700000, 0x0000000086700000, 0x0000000086800000|  0%| F|  |TAMS 0x0000000086700000| PB 0x0000000086700000| Untracked 
|  76|0x0000000086800000, 0x0000000086800000, 0x0000000086900000|  0%| F|  |TAMS 0x0000000086800000| PB 0x0000000086800000| Untracked 
|  77|0x0000000086900000, 0x0000000086900000, 0x0000000086a00000|  0%| F|  |TAMS 0x0000000086900000| PB 0x0000000086900000| Untracked 
|  78|0x0000000086a00000, 0x0000000086a00000, 0x0000000086b00000|  0%| F|  |TAMS 0x0000000086a00000| PB 0x0000000086a00000| Untracked 
|  79|0x0000000086b00000, 0x0000000086b00000, 0x0000000086c00000|  0%| F|  |TAMS 0x0000000086b00000| PB 0x0000000086b00000| Untracked 
|  80|0x0000000086c00000, 0x0000000086c00000, 0x0000000086d00000|  0%| F|  |TAMS 0x0000000086c00000| PB 0x0000000086c00000| Untracked 
|  81|0x0000000086d00000, 0x0000000086dfc6e8, 0x0000000086e00000| 98%| E|  |TAMS 0x0000000086d00000| PB 0x0000000086d00000| Complete 
|  82|0x0000000086e00000, 0x0000000086f00000, 0x0000000086f00000|100%| E|CS|TAMS 0x0000000086e00000| PB 0x0000000086e00000| Complete 
|  83|0x0000000086f00000, 0x0000000087000000, 0x0000000087000000|100%| E|CS|TAMS 0x0000000086f00000| PB 0x0000000086f00000| Complete 
|  84|0x0000000087000000, 0x0000000087100000, 0x0000000087100000|100%| E|CS|TAMS 0x0000000087000000| PB 0x0000000087000000| Complete 
|  85|0x0000000087100000, 0x0000000087200000, 0x0000000087200000|100%| E|CS|TAMS 0x0000000087100000| PB 0x0000000087100000| Complete 
|  86|0x0000000087200000, 0x0000000087300000, 0x0000000087300000|100%| E|CS|TAMS 0x0000000087200000| PB 0x0000000087200000| Complete 
|  87|0x0000000087300000, 0x0000000087400000, 0x0000000087400000|100%| E|CS|TAMS 0x0000000087300000| PB 0x0000000087300000| Complete 
|  88|0x0000000087400000, 0x0000000087500000, 0x0000000087500000|100%| E|CS|TAMS 0x0000000087400000| PB 0x0000000087400000| Complete 
|  89|0x0000000087500000, 0x0000000087600000, 0x0000000087600000|100%| E|CS|TAMS 0x0000000087500000| PB 0x0000000087500000| Complete 
|  90|0x0000000087600000, 0x0000000087700000, 0x0000000087700000|100%| E|CS|TAMS 0x0000000087600000| PB 0x0000000087600000| Complete 
|  91|0x0000000087700000, 0x0000000087800000, 0x0000000087800000|100%| E|CS|TAMS 0x0000000087700000| PB 0x0000000087700000| Complete 
|  92|0x0000000087800000, 0x0000000087900000, 0x0000000087900000|100%| E|CS|TAMS 0x0000000087800000| PB 0x0000000087800000| Complete 
|  93|0x0000000087900000, 0x0000000087a00000, 0x0000000087a00000|100%| E|CS|TAMS 0x0000000087900000| PB 0x0000000087900000| Complete 
|  94|0x0000000087a00000, 0x0000000087b00000, 0x0000000087b00000|100%| E|CS|TAMS 0x0000000087a00000| PB 0x0000000087a00000| Complete 
|  95|0x0000000087b00000, 0x0000000087c00000, 0x0000000087c00000|100%| E|CS|TAMS 0x0000000087b00000| PB 0x0000000087b00000| Complete 
|  96|0x0000000087c00000, 0x0000000087d00000, 0x0000000087d00000|100%| E|CS|TAMS 0x0000000087c00000| PB 0x0000000087c00000| Complete 
|  97|0x0000000087d00000, 0x0000000087e00000, 0x0000000087e00000|100%| E|CS|TAMS 0x0000000087d00000| PB 0x0000000087d00000| Complete 
|  98|0x0000000087e00000, 0x0000000087f00000, 0x0000000087f00000|100%| E|CS|TAMS 0x0000000087e00000| PB 0x0000000087e00000| Complete 
|  99|0x0000000087f00000, 0x0000000088000000, 0x0000000088000000|100%| E|CS|TAMS 0x0000000087f00000| PB 0x0000000087f00000| Complete 
| 100|0x0000000088000000, 0x0000000088100000, 0x0000000088100000|100%| E|CS|TAMS 0x0000000088000000| PB 0x0000000088000000| Complete 
| 101|0x0000000088100000, 0x0000000088200000, 0x0000000088200000|100%| E|CS|TAMS 0x0000000088100000| PB 0x0000000088100000| Complete 
| 102|0x0000000088200000, 0x0000000088300000, 0x0000000088300000|100%| E|CS|TAMS 0x0000000088200000| PB 0x0000000088200000| Complete 
| 103|0x0000000088300000, 0x0000000088400000, 0x0000000088400000|100%| E|CS|TAMS 0x0000000088300000| PB 0x0000000088300000| Complete 
| 104|0x0000000088400000, 0x0000000088500000, 0x0000000088500000|100%| E|CS|TAMS 0x0000000088400000| PB 0x0000000088400000| Complete 
| 105|0x0000000088500000, 0x0000000088600000, 0x0000000088600000|100%| E|CS|TAMS 0x0000000088500000| PB 0x0000000088500000| Complete 
| 106|0x0000000088600000, 0x0000000088700000, 0x0000000088700000|100%| E|CS|TAMS 0x0000000088600000| PB 0x0000000088600000| Complete 
| 107|0x0000000088700000, 0x0000000088800000, 0x0000000088800000|100%| E|CS|TAMS 0x0000000088700000| PB 0x0000000088700000| Complete 
| 108|0x0000000088800000, 0x0000000088900000, 0x0000000088900000|100%| E|CS|TAMS 0x0000000088800000| PB 0x0000000088800000| Complete 
| 109|0x0000000088900000, 0x00000000889dedc0, 0x0000000088a00000| 87%| S|CS|TAMS 0x0000000088900000| PB 0x0000000088900000| Complete 
| 110|0x0000000088a00000, 0x0000000088b00000, 0x0000000088b00000|100%| E|CS|TAMS 0x0000000088a00000| PB 0x0000000088a00000| Complete 
| 111|0x0000000088b00000, 0x0000000088c00000, 0x0000000088c00000|100%| E|CS|TAMS 0x0000000088b00000| PB 0x0000000088b00000| Complete 
| 112|0x0000000088c00000, 0x0000000088d00000, 0x0000000088d00000|100%| E|CS|TAMS 0x0000000088c00000| PB 0x0000000088c00000| Complete 
| 113|0x0000000088d00000, 0x0000000088e00000, 0x0000000088e00000|100%| E|CS|TAMS 0x0000000088d00000| PB 0x0000000088d00000| Complete 
| 114|0x0000000088e00000, 0x0000000088f00000, 0x0000000088f00000|100%| E|CS|TAMS 0x0000000088e00000| PB 0x0000000088e00000| Complete 
| 115|0x0000000088f00000, 0x0000000089000000, 0x0000000089000000|100%| E|CS|TAMS 0x0000000088f00000| PB 0x0000000088f00000| Complete 
| 116|0x0000000089000000, 0x0000000089100000, 0x0000000089100000|100%| E|CS|TAMS 0x0000000089000000| PB 0x0000000089000000| Complete 
| 117|0x0000000089100000, 0x0000000089200000, 0x0000000089200000|100%| E|CS|TAMS 0x0000000089100000| PB 0x0000000089100000| Complete 
| 118|0x0000000089200000, 0x0000000089300000, 0x0000000089300000|100%| E|CS|TAMS 0x0000000089200000| PB 0x0000000089200000| Complete 
| 119|0x0000000089300000, 0x0000000089400000, 0x0000000089400000|100%| E|CS|TAMS 0x0000000089300000| PB 0x0000000089300000| Complete 
| 120|0x0000000089400000, 0x0000000089500000, 0x0000000089500000|100%| E|CS|TAMS 0x0000000089400000| PB 0x0000000089400000| Complete 
| 121|0x0000000089500000, 0x0000000089600000, 0x0000000089600000|100%| E|CS|TAMS 0x0000000089500000| PB 0x0000000089500000| Complete 
| 122|0x0000000089600000, 0x0000000089700000, 0x0000000089700000|100%| E|CS|TAMS 0x0000000089600000| PB 0x0000000089600000| Complete 
| 123|0x0000000089700000, 0x0000000089800000, 0x0000000089800000|100%| E|CS|TAMS 0x0000000089700000| PB 0x0000000089700000| Complete 
| 124|0x0000000089800000, 0x0000000089900000, 0x0000000089900000|100%| E|CS|TAMS 0x0000000089800000| PB 0x0000000089800000| Complete 
| 125|0x0000000089900000, 0x0000000089a00000, 0x0000000089a00000|100%| E|CS|TAMS 0x0000000089900000| PB 0x0000000089900000| Complete 
| 126|0x0000000089a00000, 0x0000000089b00000, 0x0000000089b00000|100%| E|CS|TAMS 0x0000000089a00000| PB 0x0000000089a00000| Complete 
| 127|0x0000000089b00000, 0x0000000089c00000, 0x0000000089c00000|100%| E|CS|TAMS 0x0000000089b00000| PB 0x0000000089b00000| Complete 

Card table byte_map: [0x000001fcf5360000,0x000001fcf5760000] _byte_map_base: 0x000001fcf4f52000

Marking Bits: (CMBitMap*) 0x000001fce25f9cc0
 Bits: [0x000001fcf5760000, 0x000001fcf76f0000)

Polling page: 0x000001fce0450000

Metaspace:

Usage:
  Non-class:     12.62 MB used.
      Class:      1.75 MB used.
       Both:     14.37 MB used.

Virtual space:
  Non-class space:       64.00 MB reserved,      12.75 MB ( 20%) committed,  1 nodes.
      Class space:        1.00 GB reserved,       1.81 MB ( <1%) committed,  1 nodes.
             Both:        1.06 GB reserved,      14.56 MB (  1%) committed. 

Chunk freelists:
   Non-Class:  2.78 MB
       Class:  14.01 MB
        Both:  16.79 MB

MaxMetaspaceSize: unlimited
CompressedClassSpaceSize: 1.00 GB
Initial GC threshold: 21.00 MB
Current GC threshold: 21.00 MB
CDS: on
 - commit_granule_bytes: 65536.
 - commit_granule_words: 8192.
 - virtual_space_node_default_size: 8388608.
 - enlarge_chunks_in_place: 1.
 - use_allocation_guard: 0.


Internal statistics:

num_allocs_failed_limit: 0.
num_arena_births: 142.
num_arena_deaths: 0.
num_vsnodes_births: 2.
num_vsnodes_deaths: 0.
num_space_committed: 233.
num_space_uncommitted: 0.
num_chunks_returned_to_freelist: 0.
num_chunks_taken_from_freelist: 615.
num_chunk_merges: 0.
num_chunk_splits: 435.
num_chunks_enlarged: 360.
num_inconsistent_stats: 0.

CodeHeap 'non-profiled nmethods': size=120000Kb used=1082Kb max_used=1082Kb free=118917Kb
 bounds [0x000001fceda30000, 0x000001fcedca0000, 0x000001fcf4f60000]
CodeHeap 'profiled nmethods': size=120000Kb used=5542Kb max_used=5542Kb free=114457Kb
 bounds [0x000001fce5f60000, 0x000001fce64d0000, 0x000001fced490000]
CodeHeap 'non-nmethods': size=5760Kb used=1394Kb max_used=1441Kb free=4365Kb
 bounds [0x000001fced490000, 0x000001fced700000, 0x000001fceda30000]
CodeCache: size=245760Kb, used=8018Kb, max_used=8065Kb, free=237739Kb
 total_blobs=3300, nmethods=2811, adapters=393, full_count=0
Compilation: enabled, stopped_count=0, restarted_count=0

Compilation events (20 events):
Event: 16.177 Thread 0x000001fcf9bc4090 nmethod 2787 0x000001fce64b6b90 code [0x000001fce64b6e60, 0x000001fce64b7b10]
Event: 16.206 Thread 0x000001fcf9bc4090 2788       3       org.eclipse.sisu.inject.RankedSequence::peek (21 bytes)
Event: 16.206 Thread 0x000001fcf9bc4090 nmethod 2788 0x000001fce64b7f90 code [0x000001fce64b8140, 0x000001fce64b82f8]
Event: 16.206 Thread 0x000001fcf9bc4090 2789   !   3       org.eclipse.sisu.inject.RankedBindings$Itr::hasNext (110 bytes)
Event: 16.207 Thread 0x000001fcf9bc4090 nmethod 2789 0x000001fce64b8410 code [0x000001fce64b86a0, 0x000001fce64b9170]
Event: 16.245 Thread 0x000001fcf9bc4090 2790       3       java.lang.String::<init> (74 bytes)
Event: 16.245 Thread 0x000001fcfee95e30 2791       4       org.codehaus.plexus.util.xml.pull.MXParser::parseStartTag (1205 bytes)
Event: 16.245 Thread 0x000001fcf9bc39f0 2792       4       org.codehaus.plexus.util.xml.pull.MXParser::nextImpl (1208 bytes)
Event: 16.246 Thread 0x000001fcf9bc4090 nmethod 2790 0x000001fce64b9810 code [0x000001fce64b9a00, 0x000001fce64b9e00]
Event: 16.250 Thread 0x000001fcf9bc4090 2793       3       org.apache.maven.model.io.xpp3.MavenXpp3ReaderEx::interpolatedTrimmed (16 bytes)
Event: 16.250 Thread 0x000001fcf9bc4090 nmethod 2793 0x000001fce64b9f10 code [0x000001fce64ba0e0, 0x000001fce64ba368]
Event: 16.257 Thread 0x000001fcf9bc4090 2794       3       org.apache.maven.model.Dependency::setLocation (390 bytes)
Event: 16.260 Thread 0x000001fcf9bc4090 nmethod 2794 0x000001fce64ba510 code [0x000001fce64ba8c0, 0x000001fce64bc2e0]
Event: 16.264 Thread 0x000001fcf9bc4090 2796       1       org.apache.maven.model.Dependency::setGroupId (6 bytes)
Event: 16.264 Thread 0x000001fcf9bc4090 nmethod 2796 0x000001fcedb3d210 code [0x000001fcedb3d3a0, 0x000001fcedb3d4b0]
Event: 16.265 Thread 0x000001fcf9bc4090 2797       1       org.apache.maven.model.Dependency::setArtifactId (6 bytes)
Event: 16.265 Thread 0x000001fcf9bc4090 nmethod 2797 0x000001fcedb3d510 code [0x000001fcedb3d6a0, 0x000001fcedb3d7b0]
Event: 16.265 Thread 0x000001fcf9bc4090 2798       1       org.apache.maven.model.Dependency::setVersion (6 bytes)
Event: 16.265 Thread 0x000001fcf9bc4090 nmethod 2798 0x000001fcedb3d810 code [0x000001fcedb3d9a0, 0x000001fcedb3dab0]
Event: 16.269 Thread 0x000001fcf9bc4090 2799       3       org.apache.maven.model.io.xpp3.MavenXpp3ReaderEx::parseDependency (777 bytes)

GC Heap History (4 events):
Event: 11.795 GC heap before
{Heap before GC invocations=0 (full 0):
 garbage-first heap   total 131072K, used 12288K [0x0000000081c00000, 0x0000000100000000)
  region size 1024K, 13 young (13312K), 0 survivors (0K)
 Metaspace       used 3674K, committed 3840K, reserved 1114112K
  class space    used 379K, committed 448K, reserved 1048576K
}
Event: 11.806 GC heap after
{Heap after GC invocations=1 (full 0):
 garbage-first heap   total 131072K, used 3288K [0x0000000081c00000, 0x0000000100000000)
  region size 1024K, 2 young (2048K), 2 survivors (2048K)
 Metaspace       used 3674K, committed 3840K, reserved 1114112K
  class space    used 379K, committed 448K, reserved 1048576K
}
Event: 12.854 GC heap before
{Heap before GC invocations=1 (full 0):
 garbage-first heap   total 131072K, used 19672K [0x0000000081c00000, 0x0000000100000000)
  region size 1024K, 18 young (18432K), 2 survivors (2048K)
 Metaspace       used 6305K, committed 6464K, reserved 1114112K
  class space    used 746K, committed 832K, reserved 1048576K
}
Event: 12.861 GC heap after
{Heap after GC invocations=2 (full 0):
 garbage-first heap   total 131072K, used 4301K [0x0000000081c00000, 0x0000000100000000)
  region size 1024K, 1 young (1024K), 1 survivors (1024K)
 Metaspace       used 6305K, committed 6464K, reserved 1114112K
  class space    used 746K, committed 832K, reserved 1048576K
}

Dll operation events (9 events):
Event: 0.032 Loaded shared library C:\Users\WIN 10\.p2\pool\plugins\org.eclipse.justj.openjdk.hotspot.jre.full.win32.x86_64_21.0.8.v20250724-1412\jre\bin\java.dll
Event: 0.155 Loaded shared library C:\Users\WIN 10\.p2\pool\plugins\org.eclipse.justj.openjdk.hotspot.jre.full.win32.x86_64_21.0.8.v20250724-1412\jre\bin\zip.dll
Event: 0.349 Loaded shared library C:\Users\WIN 10\.p2\pool\plugins\org.eclipse.justj.openjdk.hotspot.jre.full.win32.x86_64_21.0.8.v20250724-1412\jre\bin\net.dll
Event: 0.354 Loaded shared library C:\Users\WIN 10\.p2\pool\plugins\org.eclipse.justj.openjdk.hotspot.jre.full.win32.x86_64_21.0.8.v20250724-1412\jre\bin\nio.dll
Event: 0.400 Loaded shared library C:\Users\WIN 10\.p2\pool\plugins\org.eclipse.justj.openjdk.hotspot.jre.full.win32.x86_64_21.0.8.v20250724-1412\jre\bin\zip.dll
Event: 10.327 Loaded shared library C:\Users\WIN 10\.p2\pool\plugins\org.eclipse.justj.openjdk.hotspot.jre.full.win32.x86_64_21.0.8.v20250724-1412\jre\bin\jimage.dll
Event: 10.635 Loaded shared library C:\Users\WIN 10\AppData\Local\Temp\jansi-2.4.2-eb3cfcc40ef8f765-jansi.dll
Event: 12.805 Loaded shared library C:\Users\WIN 10\.p2\pool\plugins\org.eclipse.justj.openjdk.hotspot.jre.full.win32.x86_64_21.0.8.v20250724-1412\jre\bin\verify.dll
Event: 15.273 Loaded shared library C:\Users\WIN 10\.p2\pool\plugins\org.eclipse.justj.openjdk.hotspot.jre.full.win32.x86_64_21.0.8.v20250724-1412\jre\bin\extnet.dll

Deoptimization events (20 events):
Event: 15.799 Thread 0x000001fce033ab90 DEOPT PACKING pc=0x000001fceda5f754 sp=0x000000faf07fe450
Event: 15.799 Thread 0x000001fce033ab90 DEOPT UNPACKING pc=0x000001fced4e46a2 sp=0x000000faf07fe438 mode 2
Event: 15.907 Thread 0x000001fce033ab90 Uncommon trap: trap_request=0xffffff45 fr.pc=0x000001fcedab79c8 relative=0x0000000000000408
Event: 15.907 Thread 0x000001fce033ab90 Uncommon trap: reason=unstable_if action=reinterpret pc=0x000001fcedab79c8 method=java.lang.String.<init>([CIILjava/lang/Void;)V @ 5 c2
Event: 15.907 Thread 0x000001fce033ab90 DEOPT PACKING pc=0x000001fcedab79c8 sp=0x000000faf07fdd10
Event: 15.907 Thread 0x000001fce033ab90 DEOPT UNPACKING pc=0x000001fced4e46a2 sp=0x000000faf07fdc58 mode 2
Event: 16.179 Thread 0x000001fce033ab90 Uncommon trap: trap_request=0xffffff45 fr.pc=0x000001fcedabebec relative=0x000000000000070c
Event: 16.179 Thread 0x000001fce033ab90 Uncommon trap: reason=unstable_if action=reinterpret pc=0x000001fcedabebec method=java.lang.String.replace(CC)Ljava/lang/String; @ 2 c2
Event: 16.179 Thread 0x000001fce033ab90 DEOPT PACKING pc=0x000001fcedabebec sp=0x000000faf07fe480
Event: 16.180 Thread 0x000001fce033ab90 DEOPT UNPACKING pc=0x000001fced4e46a2 sp=0x000000faf07fe440 mode 2
Event: 16.205 Thread 0x000001fce033ab90 Uncommon trap: trap_request=0xffffff45 fr.pc=0x000001fcedab4c78 relative=0x0000000000000358
Event: 16.205 Thread 0x000001fce033ab90 Uncommon trap: reason=unstable_if action=reinterpret pc=0x000001fcedab4c78 method=java.lang.String.<init>([CIILjava/lang/Void;)V @ 5 c2
Event: 16.205 Thread 0x000001fce033ab90 DEOPT PACKING pc=0x000001fcedab4c78 sp=0x000000faf07fdc30
Event: 16.205 Thread 0x000001fce033ab90 DEOPT UNPACKING pc=0x000001fced4e46a2 sp=0x000000faf07fdbf0 mode 2
Event: 16.246 Thread 0x000001fce033ab90 DEOPT PACKING pc=0x000001fce6048f6e sp=0x000000faf07fe000
Event: 16.246 Thread 0x000001fce033ab90 DEOPT UNPACKING pc=0x000001fced4e4e42 sp=0x000000faf07fd548 mode 0
Event: 16.262 Thread 0x000001fce033ab90 DEOPT PACKING pc=0x000001fce6048f6e sp=0x000000faf07fde80
Event: 16.262 Thread 0x000001fce033ab90 DEOPT UNPACKING pc=0x000001fced4e4e42 sp=0x000000faf07fd3c8 mode 0
Event: 16.266 Thread 0x000001fce033ab90 DEOPT PACKING pc=0x000001fce6048f6e sp=0x000000faf07fdf50
Event: 16.266 Thread 0x000001fce033ab90 DEOPT UNPACKING pc=0x000001fced4e4e42 sp=0x000000faf07fd498 mode 0

Classes loaded (20 events):
Event: 15.749 Loading class java/util/concurrent/atomic/AtomicReference
Event: 15.749 Loading class java/util/concurrent/atomic/AtomicReference done
Event: 15.850 Loading class java/lang/ThreadLocal$SuppliedThreadLocal
Event: 15.850 Loading class java/lang/ThreadLocal$SuppliedThreadLocal done
Event: 15.874 Loading class java/nio/file/AccessMode
Event: 15.875 Loading class java/nio/file/AccessMode done
Event: 15.875 Loading class sun/nio/fs/WindowsFileSystemProvider$1
Event: 15.875 Loading class sun/nio/fs/WindowsFileSystemProvider$1 done
Event: 15.906 Loading class sun/nio/ch/FileLockImpl
Event: 15.906 Loading class sun/nio/ch/FileLockImpl done
Event: 15.906 Loading class sun/nio/ch/FileLockTable
Event: 15.906 Loading class sun/nio/ch/FileLockTable done
Event: 15.906 Loading class sun/nio/ch/FileKey
Event: 15.906 Loading class sun/nio/ch/FileKey done
Event: 15.907 Loading class sun/nio/ch/FileLockTable$FileLockReference
Event: 15.907 Loading class sun/nio/ch/FileLockTable$FileLockReference done
Event: 15.909 Loading class java/util/AbstractMap$2
Event: 15.909 Loading class java/util/AbstractMap$2 done
Event: 15.909 Loading class java/util/AbstractMap$2$1
Event: 15.910 Loading class java/util/AbstractMap$2$1 done

Classes unloaded (0 events):
No events

Classes redefined (0 events):
No events

Internal exceptions (20 events):
Event: 12.193 Thread 0x000001fce033ab90 Exception <a 'java/lang/NoSuchMethodError'{0x00000000897c05d0}: 'java.lang.Object java.lang.invoke.DirectMethodHandle$Holder.newInvokeSpecial(java.lang.Object, java.lang.Object, java.lang.Object, java.lang.Object, java.lang.Object)'> (0x00000000897c05d0) 
thrown [s\src\hotspot\share\interpreter\linkResolver.cpp, line 773]
Event: 12.290 Thread 0x000001fce033ab90 Exception <a 'java/lang/NoSuchMethodError'{0x00000000896de720}: 'int java.lang.invoke.DirectMethodHandle$Holder.invokeStaticInit(java.lang.Object, java.lang.Object)'> (0x00000000896de720) 
thrown [s\src\hotspot\share\interpreter\linkResolver.cpp, line 773]
Event: 12.306 Thread 0x000001fce033ab90 Exception <a 'java/lang/NoClassDefFoundError'{0x0000000089515240}: javax/enterprise/inject/Typed> (0x0000000089515240) 
thrown [s\src\hotspot\share\classfile\systemDictionary.cpp, line 301]
Event: 14.492 Thread 0x000001fce033ab90 Exception <a 'java/lang/NoSuchMethodError'{0x0000000087e32c78}: 'void java.lang.invoke.DirectMethodHandle$Holder.invokeStaticInit(java.lang.Object, java.lang.Object, java.lang.Object)'> (0x0000000087e32c78) 
thrown [s\src\hotspot\share\interpreter\linkResolver.cpp, line 773]
Event: 14.507 Thread 0x000001fce033ab90 Exception <a 'java/lang/ExceptionInInitializerError'{0x0000000087e60ea8}> (0x0000000087e60ea8) 
thrown [s\src\hotspot\share\oops\instanceKlass.cpp, line 1220]
Event: 14.543 Thread 0x000001fce033ab90 Exception <a 'java/lang/NoSuchMethodError'{0x0000000087ecc8a0}: 'long java.lang.invoke.DirectMethodHandle$Holder.invokeStatic(java.lang.Object, java.lang.Object, int)'> (0x0000000087ecc8a0) 
thrown [s\src\hotspot\share\interpreter\linkResolver.cpp, line 773]
Event: 14.547 Thread 0x000001fce033ab90 Exception <a 'java/lang/NoSuchMethodError'{0x0000000087edfdf8}: 'java.lang.Object java.lang.invoke.DirectMethodHandle$Holder.invokeStatic(java.lang.Object, java.lang.Object, java.lang.Object, java.lang.Object, int)'> (0x0000000087edfdf8) 
thrown [s\src\hotspot\share\interpreter\linkResolver.cpp, line 773]
Event: 14.550 Thread 0x000001fce033ab90 Exception <a 'java/lang/NoSuchMethodError'{0x0000000087ee7fd0}: 'java.lang.Object java.lang.invoke.DirectMethodHandle$Holder.invokeSpecial(java.lang.Object, java.lang.Object, java.lang.Object, java.lang.Object, long)'> (0x0000000087ee7fd0) 
thrown [s\src\hotspot\share\interpreter\linkResolver.cpp, line 773]
Event: 14.553 Thread 0x000001fce033ab90 Exception <a 'java/lang/NoSuchMethodError'{0x0000000087ef3dd0}: 'java.lang.Object java.lang.invoke.DirectMethodHandle$Holder.invokeSpecial(java.lang.Object, java.lang.Object, java.lang.Object, int, java.lang.Object)'> (0x0000000087ef3dd0) 
thrown [s\src\hotspot\share\interpreter\linkResolver.cpp, line 773]
Event: 14.554 Thread 0x000001fce033ab90 Exception <a 'java/lang/NoSuchMethodError'{0x0000000087efc368}: 'int java.lang.invoke.DirectMethodHandle$Holder.invokeSpecial(java.lang.Object, java.lang.Object, java.lang.Object, int)'> (0x0000000087efc368) 
thrown [s\src\hotspot\share\interpreter\linkResolver.cpp, line 773]
Event: 14.564 Thread 0x000001fce033ab90 Implicit null exception at 0x000001fcedaaf8e0 to 0x000001fcedaafaf8
Event: 14.568 Thread 0x000001fce033ab90 Exception <a 'java/lang/NoSuchMethodError'{0x0000000087d212e8}: 'java.lang.Object java.lang.invoke.Invokers$Holder.invokeExact_MT(java.lang.Object, int, java.lang.Object)'> (0x0000000087d212e8) 
thrown [s\src\hotspot\share\interpreter\linkResolver.cpp, line 773]
Event: 15.148 Thread 0x000001fce033ab90 Exception <a 'java/lang/NoSuchMethodError'{0x0000000087519ac0}: 'void java.lang.invoke.Invokers$Holder.invokeExact_MT(java.lang.Object, java.lang.Object, java.lang.Object, java.lang.Object)'> (0x0000000087519ac0) 
thrown [s\src\hotspot\share\interpreter\linkResolver.cpp, line 773]
Event: 15.216 Thread 0x000001fce033ab90 Exception <a 'java/lang/NoClassDefFoundError'{0x00000000875a80f0}: com/google/inject/servlet/ServletModuleTargetVisitor> (0x00000000875a80f0) 
thrown [s\src\hotspot\share\classfile\systemDictionary.cpp, line 301]
Event: 15.459 Thread 0x000001fce033ab90 Exception <a 'java/lang/NoSuchMethodError'{0x000000008737d1b8}: 'void java.lang.invoke.DirectMethodHandle$Holder.invokeVirtual(java.lang.Object, java.lang.Object)'> (0x000000008737d1b8) 
thrown [s\src\hotspot\share\interpreter\linkResolver.cpp, line 773]
Event: 15.537 Thread 0x000001fce033ab90 Exception <a 'java/lang/NoSuchMethodError'{0x00000000873fd898}: 'java.lang.Object java.lang.invoke.DirectMethodHandle$Holder.invokeStaticInit(java.lang.Object, int, int, int, int)'> (0x00000000873fd898) 
thrown [s\src\hotspot\share\interpreter\linkResolver.cpp, line 773]
Event: 15.799 Thread 0x000001fce033ab90 Implicit null exception at 0x000001fceda71324 to 0x000001fceda719bc
Event: 15.799 Thread 0x000001fce033ab90 Implicit null exception at 0x000001fceda5f0a0 to 0x000001fceda5f73c
Event: 16.170 Thread 0x000001fce033ab90 Exception <a 'java/lang/NoSuchMethodError'{0x0000000086eb61a8}: 'void java.lang.invoke.DirectMethodHandle$Holder.invokeSpecial(java.lang.Object, java.lang.Object, java.lang.Object, java.lang.Object, java.lang.Object)'> (0x0000000086eb61a8) 
thrown [s\src\hotspot\share\interpreter\linkResolver.cpp, line 773]
Event: 16.177 Thread 0x000001fce033ab90 Exception <a 'java/lang/NoSuchMethodError'{0x0000000086ed0cd0}: 'void java.lang.invoke.DirectMethodHandle$Holder.invokeSpecial(java.lang.Object, java.lang.Object, java.lang.Object, java.lang.Object, java.lang.Object, java.lang.Object)'> (0x0000000086ed0cd0) 
thrown [s\src\hotspot\share\interpreter\linkResolver.cpp, line 773]

ZGC Phase Switch (0 events):
No events

VM Operations (20 events):
Event: 14.658 Executing VM operation: HandshakeAllThreads (Deoptimize)
Event: 14.658 Executing VM operation: HandshakeAllThreads (Deoptimize) done
Event: 14.663 Executing VM operation: HandshakeAllThreads (Deoptimize)
Event: 14.663 Executing VM operation: HandshakeAllThreads (Deoptimize) done
Event: 14.794 Executing VM operation: HandshakeAllThreads (Deoptimize)
Event: 14.794 Executing VM operation: HandshakeAllThreads (Deoptimize) done
Event: 14.798 Executing VM operation: ICBufferFull
Event: 14.798 Executing VM operation: ICBufferFull done
Event: 15.126 Executing VM operation: HandshakeAllThreads (Deoptimize)
Event: 15.127 Executing VM operation: HandshakeAllThreads (Deoptimize) done
Event: 15.244 Executing VM operation: HandshakeAllThreads (Deoptimize)
Event: 15.245 Executing VM operation: HandshakeAllThreads (Deoptimize) done
Event: 15.480 Executing VM operation: HandshakeAllThreads (Deoptimize)
Event: 15.481 Executing VM operation: HandshakeAllThreads (Deoptimize) done
Event: 15.570 Executing VM operation: HandshakeAllThreads (Deoptimize)
Event: 15.570 Executing VM operation: HandshakeAllThreads (Deoptimize) done
Event: 15.625 Executing VM operation: HandshakeAllThreads (Deoptimize)
Event: 15.625 Executing VM operation: HandshakeAllThreads (Deoptimize) done
Event: 15.670 Executing VM operation: ICBufferFull
Event: 15.671 Executing VM operation: ICBufferFull done

Memory protections (0 events):
No events

Nmethod flushes (0 events):
No events

Events (16 events):
Event: 0.101 Thread 0x000001fce033ab90 Thread added: 0x000001fce033ab90
Event: 0.158 Thread 0x000001fce033ab90 Thread added: 0x000001fcf9ba44f0
Event: 0.158 Thread 0x000001fce033ab90 Thread added: 0x000001fcf9ba5aa0
Event: 0.159 Thread 0x000001fce033ab90 Thread added: 0x000001fcf9baa7a0
Event: 0.159 Thread 0x000001fce033ab90 Thread added: 0x000001fcf9bac610
Event: 0.159 Thread 0x000001fce033ab90 Thread added: 0x000001fcf9badee0
Event: 0.159 Thread 0x000001fce033ab90 Thread added: 0x000001fcf9baffb0
Event: 0.160 Thread 0x000001fce033ab90 Thread added: 0x000001fcf9bc39f0
Event: 0.160 Thread 0x000001fce033ab90 Thread added: 0x000001fcf9bc4090
Event: 0.331 Thread 0x000001fce033ab90 Thread added: 0x000001fcf9baf290
Event: 0.337 Thread 0x000001fce033ab90 Thread added: 0x000001fcf9bae570
Event: 10.316 Thread 0x000001fce033ab90 Thread added: 0x000001fcf9baec00
Event: 10.464 Thread 0x000001fcf9baec00 Thread exited: 0x000001fcf9baec00
Event: 12.394 Thread 0x000001fcf9bc4090 Thread added: 0x000001fcfecc41c0
Event: 14.343 Thread 0x000001fcfecc41c0 Thread exited: 0x000001fcfecc41c0
Event: 15.605 Thread 0x000001fcf9bc39f0 Thread added: 0x000001fcfee95e30


Dynamic libraries:
0x00007ff7246c0000 - 0x00007ff7246ce000 	C:\Users\WIN 10\.p2\pool\plugins\org.eclipse.justj.openjdk.hotspot.jre.full.win32.x86_64_21.0.8.v20250724-1412\jre\bin\javaw.exe
0x00007ffe9c6f0000 - 0x00007ffe9c8e8000 	C:\Windows\SYSTEM32\ntdll.dll
0x00007ffe9b010000 - 0x00007ffe9b0cf000 	C:\Windows\System32\KERNEL32.DLL
0x00007ffe99e70000 - 0x00007ffe9a166000 	C:\Windows\System32\KERNELBASE.dll
0x00007ffe9a590000 - 0x00007ffe9a690000 	C:\Windows\System32\ucrtbase.dll
0x00007ffe8fbf0000 - 0x00007ffe8fc08000 	C:\Users\WIN 10\.p2\pool\plugins\org.eclipse.justj.openjdk.hotspot.jre.full.win32.x86_64_21.0.8.v20250724-1412\jre\bin\jli.dll
0x00007ffe9a780000 - 0x00007ffe9a91d000 	C:\Windows\System32\USER32.dll
0x00007ffe99e40000 - 0x00007ffe99e62000 	C:\Windows\System32\win32u.dll
0x00007ffe9a750000 - 0x00007ffe9a77c000 	C:\Windows\System32\GDI32.dll
0x00007ffe9a2c0000 - 0x00007ffe9a3d5000 	C:\Windows\System32\gdi32full.dll
0x00007ffe9a220000 - 0x00007ffe9a2bd000 	C:\Windows\System32\msvcp_win.dll
0x00007ffe8fab0000 - 0x00007ffe8face000 	C:\Users\WIN 10\.p2\pool\plugins\org.eclipse.justj.openjdk.hotspot.jre.full.win32.x86_64_21.0.8.v20250724-1412\jre\bin\VCRUNTIME140.dll
0x00007ffe7f020000 - 0x00007ffe7f2ba000 	C:\Windows\WinSxS\amd64_microsoft.windows.common-controls_6595b64144ccf1df_6.0.19041.1110_none_60b5254171f9507e\COMCTL32.dll
0x00007ffe9a9e0000 - 0x00007ffe9aa7e000 	C:\Windows\System32\msvcrt.dll
0x00007ffe9bf90000 - 0x00007ffe9bfc0000 	C:\Windows\System32\IMM32.DLL
0x00007ffe90c40000 - 0x00007ffe90c4c000 	C:\Users\WIN 10\.p2\pool\plugins\org.eclipse.justj.openjdk.hotspot.jre.full.win32.x86_64_21.0.8.v20250724-1412\jre\bin\vcruntime140_1.dll
0x00007ffe56160000 - 0x00007ffe561ed000 	C:\Users\WIN 10\.p2\pool\plugins\org.eclipse.justj.openjdk.hotspot.jre.full.win32.x86_64_21.0.8.v20250724-1412\jre\bin\msvcp140.dll
0x00007ffe4a450000 - 0x00007ffe4b1e7000 	C:\Users\WIN 10\.p2\pool\plugins\org.eclipse.justj.openjdk.hotspot.jre.full.win32.x86_64_21.0.8.v20250724-1412\jre\bin\server\jvm.dll
0x00007ffe9b830000 - 0x00007ffe9b8df000 	C:\Windows\System32\ADVAPI32.dll
0x00007ffe9c040000 - 0x00007ffe9c0dc000 	C:\Windows\System32\sechost.dll
0x00007ffe9bac0000 - 0x00007ffe9bbe6000 	C:\Windows\System32\RPCRT4.dll
0x00007ffe9c570000 - 0x00007ffe9c5db000 	C:\Windows\System32\WS2_32.dll
0x00007ffe99c40000 - 0x00007ffe99c8b000 	C:\Windows\SYSTEM32\POWRPROF.dll
0x00007ffe7f4d0000 - 0x00007ffe7f4f7000 	C:\Windows\SYSTEM32\WINMM.dll
0x00007ffe8fd20000 - 0x00007ffe8fd2a000 	C:\Windows\SYSTEM32\VERSION.dll
0x00007ffe99c20000 - 0x00007ffe99c32000 	C:\Windows\SYSTEM32\UMPDC.dll
0x00007ffe98610000 - 0x00007ffe98622000 	C:\Windows\SYSTEM32\kernel.appcore.dll
0x00007ffe90c60000 - 0x00007ffe90c6a000 	C:\Users\WIN 10\.p2\pool\plugins\org.eclipse.justj.openjdk.hotspot.jre.full.win32.x86_64_21.0.8.v20250724-1412\jre\bin\jimage.dll
0x00007ffe952e0000 - 0x00007ffe954c4000 	C:\Windows\SYSTEM32\DBGHELP.DLL
0x00007ffe7e510000 - 0x00007ffe7e544000 	C:\Windows\SYSTEM32\dbgcore.DLL
0x00007ffe9a6c0000 - 0x00007ffe9a742000 	C:\Windows\System32\bcryptPrimitives.dll
0x00007ffe7ae20000 - 0x00007ffe7ae3f000 	C:\Users\WIN 10\.p2\pool\plugins\org.eclipse.justj.openjdk.hotspot.jre.full.win32.x86_64_21.0.8.v20250724-1412\jre\bin\java.dll
0x00007ffe9b0d0000 - 0x00007ffe9b814000 	C:\Windows\System32\SHELL32.dll
0x00007ffe94b30000 - 0x00007ffe952c3000 	C:\Windows\SYSTEM32\windows.storage.dll
0x00007ffe9c0e0000 - 0x00007ffe9c434000 	C:\Windows\System32\combase.dll
0x00007ffe99740000 - 0x00007ffe9976e000 	C:\Windows\SYSTEM32\Wldp.dll
0x00007ffe9c4c0000 - 0x00007ffe9c56d000 	C:\Windows\System32\SHCORE.dll
0x00007ffe9a920000 - 0x00007ffe9a975000 	C:\Windows\System32\shlwapi.dll
0x00007ffe99d10000 - 0x00007ffe99d2f000 	C:\Windows\SYSTEM32\profapi.dll
0x00007ffe56990000 - 0x00007ffe569a8000 	C:\Users\WIN 10\.p2\pool\plugins\org.eclipse.justj.openjdk.hotspot.jre.full.win32.x86_64_21.0.8.v20250724-1412\jre\bin\zip.dll
0x00007ffe90c50000 - 0x00007ffe90c60000 	C:\Users\WIN 10\.p2\pool\plugins\org.eclipse.justj.openjdk.hotspot.jre.full.win32.x86_64_21.0.8.v20250724-1412\jre\bin\net.dll
0x00007ffe87420000 - 0x00007ffe8752a000 	C:\Windows\SYSTEM32\WINHTTP.dll
0x00007ffe994a0000 - 0x00007ffe9950a000 	C:\Windows\system32\mswsock.dll
0x00007ffe56970000 - 0x00007ffe56986000 	C:\Users\WIN 10\.p2\pool\plugins\org.eclipse.justj.openjdk.hotspot.jre.full.win32.x86_64_21.0.8.v20250724-1412\jre\bin\nio.dll
0x00007ffe8f8e0000 - 0x00007ffe8f904000 	C:\Users\WIN 10\AppData\Local\Temp\jansi-2.4.2-eb3cfcc40ef8f765-jansi.dll
0x00007ffe91db0000 - 0x00007ffe91dc0000 	C:\Users\WIN 10\.p2\pool\plugins\org.eclipse.justj.openjdk.hotspot.jre.full.win32.x86_64_21.0.8.v20250724-1412\jre\bin\verify.dll
0x00007ffe99190000 - 0x00007ffe991cc000 	C:\Windows\SYSTEM32\IPHLPAPI.DLL
0x00007ffe9b820000 - 0x00007ffe9b828000 	C:\Windows\System32\NSI.dll
0x00007ffe8fc50000 - 0x00007ffe8fc59000 	C:\Users\WIN 10\.p2\pool\plugins\org.eclipse.justj.openjdk.hotspot.jre.full.win32.x86_64_21.0.8.v20250724-1412\jre\bin\extnet.dll

JVMTI agents: none

dbghelp: loaded successfully - version: 4.0.5 - missing functions: none
symbol engine: initialized successfully - sym options: 0x614 - pdb path: .;C:\Users\WIN 10\.p2\pool\plugins\org.eclipse.justj.openjdk.hotspot.jre.full.win32.x86_64_21.0.8.v20250724-1412\jre\bin;C:\Windows\SYSTEM32;C:\Windows\WinSxS\amd64_microsoft.windows.common-controls_6595b64144ccf1df_6.0.19041.1110_none_60b5254171f9507e;C:\Users\WIN 10\.p2\pool\plugins\org.eclipse.justj.openjdk.hotspot.jre.full.win32.x86_64_21.0.8.v20250724-1412\jre\bin\server;C:\Users\WIN 10\AppData\Local\Temp

VM Arguments:
jvm_args: -Dmaven.home=EMBEDDED -Dclassworlds.conf=C:\Users\WIN 10\eclipse-workspace\.metadata\.plugins\org.eclipse.m2e.launching\launches\m2conf12983386674284356710.tmp -Dmaven.multiModuleProjectDirectory=C:\Users\WIN 10\exam-portal\backend-exam-portal -Dm2e.build.project.data.socket.port=57167 -Dfile.encoding=UTF-8 -Dstdout.encoding=UTF-8 -Dstderr.encoding=UTF-8 -XX:+ShowCodeDetailsInExceptionMessages 
java_command: org.codehaus.plexus.classworlds.launcher.Launcher -B -Dstyle.color=always clean
java_class_path (initial): C:\Users\WIN 10\.p2\pool\plugins\org.eclipse.m2e.maven.runtime_3.9.1100.20250811-2018\jars\plexus-classworlds-2.9.0.jar
Launcher Type: SUN_STANDARD

[Global flags]
     intx CICompilerCount                          = 3                                         {product} {ergonomic}
     uint ConcGCThreads                            = 1                                         {product} {ergonomic}
     uint G1ConcRefinementThreads                  = 4                                         {product} {ergonomic}
   size_t G1HeapRegionSize                         = 1048576                                   {product} {ergonomic}
    uintx GCDrainStackTargetSize                   = 64                                        {product} {ergonomic}
   size_t InitialHeapSize                          = 134217728                                 {product} {ergonomic}
   size_t MarkStackSize                            = 4194304                                   {product} {ergonomic}
   size_t MaxHeapSize                              = 2118123520                                {product} {ergonomic}
   size_t MaxNewSize                               = 1270874112                                {product} {ergonomic}
   size_t MinHeapDeltaBytes                        = 1048576                                   {product} {ergonomic}
   size_t MinHeapSize                              = 8388608                                   {product} {ergonomic}
    uintx NonNMethodCodeHeapSize                   = 5832780                                {pd product} {ergonomic}
    uintx NonProfiledCodeHeapSize                  = 122912730                              {pd product} {ergonomic}
    uintx ProfiledCodeHeapSize                     = 122912730                              {pd product} {ergonomic}
    uintx ReservedCodeCacheSize                    = 251658240                              {pd product} {ergonomic}
     bool SegmentedCodeCache                       = true                                      {product} {ergonomic}
     bool ShowCodeDetailsInExceptionMessages       = true                                   {manageable} {command line}
   size_t SoftMaxHeapSize                          = 2118123520                             {manageable} {ergonomic}
     bool UseCompressedOops                        = true                           {product lp64_product} {ergonomic}
     bool UseG1GC                                  = true                                      {product} {ergonomic}
     bool UseLargePagesIndividualAllocation        = false                                  {pd product} {ergonomic}

Logging:
Log output configuration:
 #0: stdout all=warning uptime,level,tags foldmultilines=false
 #1: stderr all=off uptime,level,tags foldmultilines=false

Environment Variables:
PATH=C:/Users/WIN 10/.p2/pool/plugins/org.eclipse.justj.openjdk.hotspot.jre.full.win32.x86_64_21.0.8.v20250724-1412/jre/bin/server;C:/Users/WIN 10/.p2/pool/plugins/org.eclipse.justj.openjdk.hotspot.jre.full.win32.x86_64_21.0.8.v20250724-1412/jre/bin;C:\Windows\system32;C:\Windows;C:\Windows\System32\Wbem;C:\Windows\System32\WindowsPowerShell\v1.0\;C:\Windows\System32\OpenSSH\;C:\Program Files (x86)\Intel\Intel(R) Management Engine Components\DAL;C:\Program Files\Intel\Intel(R) Management Engine Components\DAL;C:\Program Files\MySQL\MySQL Server 8.0\bin;C:\Program Files\nodejs\;C:\Program Files\Git\cmd;C:\Program Files\MySQL\MySQL Shell 8.0\bin\;C:\Users\WIN 10\AppData\Local\Microsoft\WindowsApps;C:\Users\WIN 10\AppData\Local\Programs\Microsoft VS Code\bin;C:\Users\WIN 10\AppData\Roaming\npm;C:\Users\WIN 10\Desktop;
USERNAME=Samaya
OS=Windows_NT
PROCESSOR_IDENTIFIER=Intel64 Family 6 Model 78 Stepping 3, GenuineIntel
TMP=C:\Users\WIN10~1\AppData\Local\Temp
TEMP=C:\Users\WIN10~1\AppData\Local\Temp




Periodic native trim disabled

---------------  S Y S T E M  ---------------

OS:
 Windows 10 , 64 bit Build 19041 (10.0.19041.3031)
OS uptime: 1 days 12:00 hours

CPU: total 4 (initial active 4) (2 cores per cpu, 2 threads per core) family 6 model 78 stepping 3 microcode 0xf0, cx8, cmov, fxsr, ht, mmx, 3dnowpref, sse, sse2, sse3, ssse3, sse4.1, sse4.2, popcnt, lzcnt, tsc, tscinvbit, avx, avx2, aes, erms, clmul, bmi1, bmi2, rtm, adx, fma, vzeroupper, clflush, clflushopt, rdtscp, f16c
Processor Information for the first 4 processors :
  Max Mhz: 2808, Current Mhz: 2607, Mhz Limit: 2583

Memory: 4k page, system-wide physical 8072M (858M free)
TotalPageFile size 10120M (AvailPageFile size 1M)
current process WorkingSet (physical memory assigned to process): 127M, peak: 127M
current process commit charge ("private bytes"): 237M, peak: 239M

vm_info: OpenJDK 64-Bit Server VM (21.0.8+9-LTS) for windows-amd64 JRE (21.0.8+9-LTS), built on 2025-07-15T00:00:00Z by "admin" with MS VC++ 17.7 (VS2022)

END.
