#
# A fatal error has been detected by the Java Runtime Environment:
#
#  EXCEPTION_UNCAUGHT_CXX_EXCEPTION (0xe06d7363) at pc=0x00007ffe99e9cf19, pid=3076, tid=2452
#
# JRE version: OpenJDK Runtime Environment Temurin-21.0.8+9 (21.0.8+9) (build 21.0.8+9-LTS)
# Java VM: OpenJDK 64-Bit Server VM Temurin-21.0.8+9 (21.0.8+9-LTS, mixed mode, tiered, compressed oops, compressed class ptrs, g1 gc, windows-amd64)
# Problematic frame:
# C  [KERNELBASE.dll+0x2cf19]
#
# No core dump will be written. Minidumps are not enabled by default on client versions of Windows
#
# If you would like to submit a bug report, please visit:
#   https://github.com/adoptium/adoptium-support/issues
#

---------------  S U M M A R Y ------------

Command Line: -Dmaven.home=EMBEDDED -Dclassworlds.conf=C:\Users\WIN 10\eclipse-workspace\.metadata\.plugins\org.eclipse.m2e.launching\launches\m2conf3479389041294805810.tmp -Dmaven.multiModuleProjectDirectory=C:\Users\WIN 10\exam-portal\backend-exam-portal -Dm2e.build.project.data.socket.port=57162 -Dfile.encoding=UTF-8 -Dstdout.encoding=UTF-8 -Dstderr.encoding=UTF-8 -XX:+ShowCodeDetailsInExceptionMessages org.codehaus.plexus.classworlds.launcher.Launcher -B -Dstyle.color=always package

Host: Intel(R) Core(TM) i7-6600U CPU @ 2.60GHz, 4 cores, 7G,  Windows 10 , 64 bit Build 19041 (10.0.19041.3031)
Time: Sat Nov  8 10:36:41 2025 India Standard Time elapsed time: 0.651697 seconds (0d 0h 0m 0s)

---------------  T H R E A D  ---------------

Current thread (0x0000026bdcd8aa80):  JavaThread "main"             [_thread_in_vm, id=2452, stack(0x0000009438000000,0x0000009438100000) (1024K)]

Stack: [0x0000009438000000,0x0000009438100000],  sp=0x00000094380fd720,  free space=1013k
Native frames: (J=compiled Java code, j=interpreted, Vv=VM code, C=native code)
C  [KERNELBASE.dll+0x2cf19]
C  [VCRUNTIME140.dll+0x5267]
C  [jimage.dll+0x3223]
C  [jimage.dll+0x2995]
C  [jimage.dll+0x1413]
C  [jimage.dll+0x1e27]
C  [jimage.dll+0x1ebe]
C  [jimage.dll+0x25e2]
V  [jvm.dll+0x21f5e0]
V  [jvm.dll+0x21e486]
V  [jvm.dll+0x826c6c]
V  [jvm.dll+0x827c94]
V  [jvm.dll+0x828262]
V  [jvm.dll+0x827ee8]
V  [jvm.dll+0x26e30b]
V  [jvm.dll+0x26e53a]
V  [jvm.dll+0x5d4e17]
V  [jvm.dll+0x5d7dff]
V  [jvm.dll+0x3daf25]
V  [jvm.dll+0x3da59d]
C  0x0000026be9ea96d5

The last pc belongs to invokestatic (printed below).
Java frames: (J=compiled Java code, j=interpreted, Vv=VM code)
j  jdk.internal.access.SharedSecrets.ensureClassInitialized(Ljava/lang/Class;)V+0 java.base
j  jdk.internal.access.SharedSecrets.getJavaLangModuleAccess()Ljdk/internal/access/JavaLangModuleAccess;+10 java.base
j  jdk.internal.module.ModuleBootstrap.<clinit>()V+22 java.base
v  ~StubRoutines::call_stub 0x0000026be9e9100d
j  java.lang.System.initPhase2(ZZ)I+0 java.base
v  ~StubRoutines::call_stub 0x0000026be9e9100d

siginfo: EXCEPTION_UNCAUGHT_CXX_EXCEPTION (0xe06d7363), ExceptionInformation=0x0000000019930520 0x00000094380fd880 0x00007ffe90c65268 0x00007ffe90c60000 


Registers:
RAX=0x0000000000000080, RBX=0x00007ffe90c65268, RCX=0x0000000000000072, RDX=0x00007ffe4a877dc5
RSP=0x00000094380fd720, RBP=0x00000094380fd9b0, RSI=0x00000094380fd880, RDI=0x0000000019930520
R8 =0x0000026bdcd8b138, R9 =0x00000000a1c33251, R10=0x0000026bf64455f0, R11=0x0000000000000000
R12=0x000000000000e84d, R13=0x0000026bdcd8aa80, R14=0x0000026b840d3f10, R15=0x0000026b840d3f10
RIP=0x00007ffe99e9cf19, EFLAGS=0x0000000000000206

XMM[0]=0x000000000000000b 0x0000000000000000
XMM[1]=0x00007ffe9a59fde6 0x00000094380fd160
XMM[2]=0x00007ffe4ac6a9b9 0x0000026b8402c8e0
XMM[3]=0x0000026b8402c8e8 0x0000000000000024
XMM[4]=0x0000000000000040 0x0000000000000024
XMM[5]=0x0000026b8402c8e0 0x0000000000000001
XMM[6]=0x0000000000000000 0x0000000000000000
XMM[7]=0x0000000000000000 0x0000000000000000
XMM[8]=0x0000000000000000 0x0000000000000000
XMM[9]=0x0000000000000000 0x0000000000000000
XMM[10]=0x0000000000000000 0x0000000000000000
XMM[11]=0x0000000000000000 0x0000000000000000
XMM[12]=0x0000000000000000 0x0000000000000000
XMM[13]=0x0000000000000000 0x0000000000000000
XMM[14]=0x0000000000000000 0x0000000000000000
XMM[15]=0x0000000000000000 0x0000000000000000
  MXCSR=0x00001fa0


Register to memory mapping:

RAX=0x0000000000000080 is an unknown value
RBX=0x00007ffe90c65268 jimage.dll
RCX=0x0000000000000072 is an unknown value
RDX=0x00007ffe4a877dc5 jvm.dll
RSP=0x00000094380fd720 is pointing into the stack for thread: 0x0000026bdcd8aa80
RBP=0x00000094380fd9b0 is pointing into the stack for thread: 0x0000026bdcd8aa80
RSI=0x00000094380fd880 is pointing into the stack for thread: 0x0000026bdcd8aa80
RDI=0x0000000019930520 is an unknown value
R8 =0x0000026bdcd8b138 points into unknown readable memory: 0x616a0024627a0001 | 01 00 7a 62 24 00 6a 61
R9 =0x00000000a1c33251 is an unallocated location in the heap
R10=0x0000026bf64455f0 points into unknown readable memory: 0x0000026bf645e8f0 | f0 e8 45 f6 6b 02 00 00
R11=0x0 is null
R12=0x000000000000e84d is an unknown value
R13=0x0000026bdcd8aa80 is a thread
R14=0x0000026b840d3f10 points into unknown readable memory: 0x01060005000c0400 | 00 04 0c 00 05 00 06 01
R15=0x0000026b840d3f10 points into unknown readable memory: 0x01060005000c0400 | 00 04 0c 00 05 00 06 01

Top of Stack: (sp=0x00000094380fd720)
0x00000094380fd720:   00000000000003ff 00007ffe90c65268
0x00000094380fd730:   00000094380fd880 0000000000000000
0x00000094380fd740:   00000001e06d7363 0000000000000000
0x00000094380fd750:   00007ffe99e9cf19 0000026b00000004
0x00000094380fd760:   0000000019930520 00000094380fd880
0x00000094380fd770:   00007ffe90c65268 00007ffe90c60000
0x00000094380fd780:   0000026bdcd8aa80 000000000000e84d
0x00000094380fd790:   00000094380fd880 00000094380fd9b0
0x00000094380fd7a0:   00000094380fd820 00007ffe9c724a5f
0x00000094380fd7b0:   0000000019930520 00007ffe00000000
0x00000094380fd7c0:   0000000000bb00ec 00007ffe9c740800
0x00000094380fd7d0:   00007ffe90c67000 00007ffe90c60000
0x00000094380fd7e0:   0000f0b62c7c73bc 00007ffe99ec0ddb
0x00000094380fd7f0:   00007ffe90c65268 00007ffe8f8f5267
0x00000094380fd800:   00000ff51d9e3c1d 0000026bdce60000
0x00000094380fd810:   0000000000000008 00007ffe9a5939ce
0x00000094380fd820:   00007ffe90c60000 0000000019930520
0x00000094380fd830:   00000094380fd880 00007ffe90c65268
0x00000094380fd840:   00007ffe90c60000 00007ffe9a5fc8e0
0x00000094380fd850:   0000026bdf3ba774 00007ffe90c63223
0x00000094380fd860:   0000000000000000 0000026bdf3ba774
0x00000094380fd870:   000000000000e84d 0000026bdf3ba774
0x00000094380fd880:   00007ffe90c64478 00007ffe90c64488
0x00000094380fd890:   0000000000000000 00000094380f0000
0x00000094380fd8a0:   000000000000e84d 00007ffe90c62995
0x00000094380fd8b0:   000000000000e84d 0000000000000000
0x00000094380fd8c0:   0000000000000000 0000000000000100
0x00000094380fd8d0:   0000026bdf3ba774 00007ffe90c61413
0x00000094380fd8e0:   0000005c00000000 00000094380fda40
0x00000094380fd8f0:   0000026bdcd86e90 0000026bdcd8aa80
0x00000094380fd900:   0000000f0000000e 000c000b0000000e
0x00000094380fd910:   00000000cafefafa 0000000000006034 

Instructions: (pc=0x00007ffe99e9cf19)
0x00007ffe99e9ce19:   09 00 48 8b 84 24 b8 00 00 00 48 8b 8c 24 b0 05
0x00007ffe99e9ce29:   00 00 48 33 cc e8 4d 86 06 00 48 81 c4 c0 05 00
0x00007ffe99e9ce39:   00 41 5f 41 5e 41 5d 5e 5b c3 cc 48 ff 15 ad 7f
0x00007ffe99e9ce49:   1b 00 0f 1f 44 00 00 eb b0 cc cc cc cc cc cc cc
0x00007ffe99e9ce59:   cc cc cc cc cc cc cc 40 53 48 83 ec 30 48 8b d1
0x00007ffe99e9ce69:   48 8d 4c 24 20 e8 5d 23 00 00 85 c0 74 26 48 8b
0x00007ffe99e9ce79:   4c 24 28 e8 ef 38 00 00 48 8d 4c 24 20 8b d8 48
0x00007ffe99e9ce89:   ff 15 b1 79 1b 00 0f 1f 44 00 00 8b c3 48 83 c4
0x00007ffe99e9ce99:   30 5b c3 cc 83 c8 ff eb f4 cc cc cc cc cc cc cc
0x00007ffe99e9cea9:   cc cc cc cc cc cc cc 48 81 ec d8 00 00 00 48 8b
0x00007ffe99e9ceb9:   05 e2 9f 28 00 48 33 c4 48 89 84 24 c0 00 00 00
0x00007ffe99e9cec9:   48 83 64 24 28 00 48 8d 05 da ff ff ff 83 e2 01
0x00007ffe99e9ced9:   89 4c 24 20 89 54 24 24 48 89 44 24 30 4d 85 c9
0x00007ffe99e9cee9:   74 4c b8 0f 00 00 00 48 8d 4c 24 40 44 3b c0 49
0x00007ffe99e9cef9:   8b d1 44 0f 47 c0 44 89 44 24 38 49 c1 e0 03 e8
0x00007ffe99e9cf09:   ea 90 08 00 48 8d 4c 24 20 48 ff 15 ff 80 1b 00
0x00007ffe99e9cf19:   0f 1f 44 00 00 48 8b 8c 24 c0 00 00 00 48 33 cc
0x00007ffe99e9cf29:   e8 52 85 06 00 48 81 c4 d8 00 00 00 c3 cc 83 64
0x00007ffe99e9cf39:   24 38 00 eb cf cc cc cc cc cc cc cc cc cc cc cc
0x00007ffe99e9cf49:   cc cc cc cc cc cc cc 65 48 8b 04 25 30 00 00 00
0x00007ffe99e9cf59:   8b 40 68 c3 cc cc cc cc cc cc cc cc cc cc cc cc
0x00007ffe99e9cf69:   cc cc cc cc cc cc cc 48 89 5c 24 10 48 89 74 24
0x00007ffe99e9cf79:   18 57 41 54 41 55 41 56 41 57 48 81 ec b0 02 00
0x00007ffe99e9cf89:   00 48 8b 05 0f 9f 28 00 48 33 c4 48 89 84 24 a0
0x00007ffe99e9cf99:   02 00 00 48 8d 15 0f e6 1b 00 48 85 c9 48 0f 45
0x00007ffe99e9cfa9:   d1 48 89 94 24 80 00 00 00 48 83 c8 ff 48 ff c0
0x00007ffe99e9cfb9:   80 3c 02 00 75 f7 48 ff c0 48 89 84 24 88 00 00
0x00007ffe99e9cfc9:   00 48 89 94 24 90 00 00 00 4c 8d 8c 24 88 00 00
0x00007ffe99e9cfd9:   00 33 d2 b9 06 00 01 40 44 8d 42 02 e8 c6 fe ff
0x00007ffe99e9cfe9:   ff e9 f0 01 00 00 33 f6 48 89 74 24 60 45 33 ff
0x00007ffe99e9cff9:   4c 89 7c 24 48 45 33 f6 4c 89 74 24 58 33 ff 48
0x00007ffe99e9d009:   89 7c 24 50 e8 3e ff ff ff 89 44 24 40 48 39 35 


Stack slot to memory mapping:

stack at sp + 0 slots: 0x00000000000003ff is an unknown value
stack at sp + 1 slots: 0x00007ffe90c65268 jimage.dll
stack at sp + 2 slots: 0x00000094380fd880 is pointing into the stack for thread: 0x0000026bdcd8aa80
stack at sp + 3 slots: 0x0 is null
stack at sp + 4 slots: 0x00000001e06d7363 is an unknown value
stack at sp + 5 slots: 0x0 is null
stack at sp + 6 slots: 0x00007ffe99e9cf19 KERNELBASE.dll
stack at sp + 7 slots: 0x0000026b00000004 is an unknown value

invokestatic  184 invokestatic  [0x0000026be9ea9620, 0x0000026be9ea98d0]  688 bytes
[MachCode]
  0x0000026be9ea9620: 4883 ec08 | c5fa 1104 | 24eb 1f48 | 83ec 10c5 | fb11 0424 | eb14 4883 | ec10 4889 | 0424 48c7 
  0x0000026be9ea9640: 4424 0800 | 0000 00eb | 0150 4c89 | 6dc0 410f | b755 0148 | 8b4d d0c1 | e202 8b5c | d138 c1eb 
  0x0000026be9ea9660: 1081 e3ff | 0000 0081 | fbb8 0000 | 000f 84b4 | 0000 00bb | b800 0000 | e805 0000 | 00e9 9900 
  0x0000026be9ea9680: 0000 488b | d348 8d44 | 2408 4c89 | 6dc0 498b | cfc5 f877 | 4989 afa8 | 0300 0049 | 8987 9803 
  0x0000026be9ea96a0: 0000 4883 | ec20 40f6 | c40f 0f84 | 1900 0000 | 4883 ec08 | 48b8 30a5 | 824a fe7f | 0000 ffd0 
  0x0000026be9ea96c0: 4883 c408 | e90c 0000 | 0048 b830 | a582 4afe | 7f00 00ff | d048 83c4 | 2049 c787 | 9803 0000 
  0x0000026be9ea96e0: 0000 0000 | 49c7 87a8 | 0300 0000 | 0000 0049 | c787 a003 | 0000 0000 | 0000 c5f8 | 7749 837f 
  0x0000026be9ea9700: 0800 0f84 | 0500 0000 | e9f3 77fe | ff4c 8b6d | c04c 8b75 | c84e 8d74 | f500 c341 | 0fb7 5501 
  0x0000026be9ea9720: 488b 4dd0 | c1e2 0248 | 8b5c d140 | 488b 5b08 | 488b 5b08 | 488b 5b18 | 80bb 3101 | 0000 040f 
  0x0000026be9ea9740: 840d 0000 | 004c 3bbb | 3801 0000 | 0f85 21ff | ffff 488b | 5cd1 408b | 54d1 50c1 | ea1c 49ba 
  0x0000026be9ea9760: 4053 114b | fe7f 0000 | 498b 14d2 | 5248 8b45 | d848 85c0 | 0f84 1200 | 0000 4883 | 4008 0148 
  0x0000026be9ea9780: 8358 0800 | 4883 c010 | 4889 45d8 | 488b 45d8 | 4885 c00f | 842b 0100 | 0080 78f0 | 0a0f 8521 
  0x0000026be9ea97a0: 0100 0048 | 83c0 084c | 8b68 f841 | 83ed 0041 | 83fd 020f | 8c00 0100 | 004c 8b6b | 0845 0fb7 
  0x0000026be9ea97c0: 6d2e 4c2b | 2841 83ed | 014e 8b6c | ec08 4d85 | ed75 0ef6 | 4008 0175 | 4ff0 4883 | 4808 01eb 
  0x0000026be9ea97e0: 4745 8b6d | 0849 c1e5 | 034d 8bd5 | 4c33 6808 | 49f7 c5fc | ffff ff74 | 2f41 f6c5 | 0275 2948 
  0x0000026be9ea9800: 8378 0800 | 741e 4883 | 7808 0174 | 174d 8bea | 4c33 6808 | 49f7 c5fc | ffff ff74 | 0b48 8348 
  0x0000026be9ea9820: 0802 eb04 | 4c89 6808 | 4883 c010 | 4c8b 68e8 | 4183 ed02 | 4183 fd02 | 0f8c 7b00 | 0000 4c8b 
  0x0000026be9ea9840: 6b08 450f | b76d 2e4c | 2b28 4183 | ed01 4e8b | 6cec 084d | 85ed 750e | f640 0801 | 754f f048 
  0x0000026be9ea9860: 8348 0801 | eb47 458b | 6d08 49c1 | e503 4d8b | d54c 3368 | 0849 f7c5 | fcff ffff | 742f 41f6 
  0x0000026be9ea9880: c502 7529 | 4883 7808 | 0074 1e48 | 8378 0801 | 7417 4d8b | ea4c 3368 | 0849 f7c5 | fcff ffff 
  0x0000026be9ea98a0: 740b 4883 | 4808 02eb | 044c 8968 | 0848 83c0 | 104c 8b68 | d841 83ed | 0441 c1e5 | 0349 03c5 
  0x0000026be9ea98c0: 4889 45d8 | 4c8d 6c24 | 084c 896d | f0ff 6350 
[/MachCode]

---------------  P R O C E S S  ---------------

Threads class SMR info:
_java_thread_list=0x0000026b840444e0, length=9, elements={
0x0000026bdcd8aa80, 0x0000026b84019f10, 0x0000026b8401b780, 0x0000026b8406e760,
0x0000026b8406edc0, 0x0000026b8406f420, 0x0000026b8406fa80, 0x0000026b840700e0,
0x0000026b8406d870
}

Java Threads: ( => current thread )
=>0x0000026bdcd8aa80 JavaThread "main"                              [_thread_in_vm, id=2452, stack(0x0000009438000000,0x0000009438100000) (1024K)]
  0x0000026b84019f10 JavaThread "Reference Handler"          daemon [_thread_blocked, id=7764, stack(0x0000009438800000,0x0000009438900000) (1024K)]
  0x0000026b8401b780 JavaThread "Finalizer"                  daemon [_thread_blocked, id=17140, stack(0x0000009438900000,0x0000009438a00000) (1024K)]
  0x0000026b8406e760 JavaThread "Signal Dispatcher"          daemon [_thread_blocked, id=17376, stack(0x0000009438a00000,0x0000009438b00000) (1024K)]
  0x0000026b8406edc0 JavaThread "Attach Listener"            daemon [_thread_blocked, id=17348, stack(0x0000009438b00000,0x0000009438c00000) (1024K)]
  0x0000026b8406f420 JavaThread "Service Thread"             daemon [_thread_blocked, id=2728, stack(0x0000009438c00000,0x0000009438d00000) (1024K)]
  0x0000026b8406fa80 JavaThread "Monitor Deflation Thread"   daemon [_thread_blocked, id=16440, stack(0x0000009438d00000,0x0000009438e00000) (1024K)]
  0x0000026b840700e0 JavaThread "C2 CompilerThread0"         daemon [_thread_blocked, id=17116, stack(0x0000009438e00000,0x0000009438f00000) (1024K)]
  0x0000026b8406d870 JavaThread "C1 CompilerThread0"         daemon [_thread_blocked, id=3976, stack(0x0000009438f00000,0x0000009439000000) (1024K)]
Total: 9

Other Threads:
  0x0000026bf6606160 VMThread "VM Thread"                           [id=15912, stack(0x0000009438700000,0x0000009438800000) (1024K)]
  0x0000026bf6585ab0 WatcherThread "VM Periodic Task Thread"        [id=10340, stack(0x0000009438600000,0x0000009438700000) (1024K)]
  0x0000026bdeffa370 WorkerThread "GC Thread#0"                     [id=14392, stack(0x0000009438100000,0x0000009438200000) (1024K)]
  0x0000026bdf00b830 ConcurrentGCThread "G1 Main Marker"            [id=3288, stack(0x0000009438200000,0x0000009438300000) (1024K)]
  0x0000026bdf00c240 WorkerThread "G1 Conc#0"                       [id=7316, stack(0x0000009438300000,0x0000009438400000) (1024K)]
  0x0000026bdf07eb70 ConcurrentGCThread "G1 Refine#0"               [id=16584, stack(0x0000009438400000,0x0000009438500000) (1024K)]
  0x0000026bf6448730 ConcurrentGCThread "G1 Service"                [id=14496, stack(0x0000009438500000,0x0000009438600000) (1024K)]
Total: 7

Threads with active compile tasks:
Total: 0

VM state: not at safepoint (normal execution)

VM Mutex/Monitor currently owned by a thread: None

Heap address: 0x0000000081c00000, size: 2020 MB, Compressed Oops mode: 32-bit

CDS archive(s) not mapped
Compressed class space mapped at: 0x0000000100000000-0x0000000140000000, reserved size: 1073741824
Narrow klass base: 0x0000000000000000, Narrow klass shift: 3, Narrow klass range: 0x140000000

GC Precious Log:
 CardTable entry size: 512
 Card Set container configuration: InlinePtr #cards 5 size 8 Array Of Cards #cards 12 size 40 Howl #buckets 4 coarsen threshold 1843 Howl Bitmap #cards 512 size 80 coarsen threshold 460 Card regions per heap region 1 cards per card region 2048
 CPUs: 4 total, 4 available
 Memory: 8072M
 Large Page Support: Disabled
 NUMA Support: Disabled
 Compressed Oops: Enabled (32-bit)
 Heap Region Size: 1M
 Heap Min Capacity: 8M
 Heap Initial Capacity: 128M
 Heap Max Capacity: 2020M
 Pre-touch: Disabled
 Parallel Workers: 4
 Concurrent Workers: 1
 Concurrent Refinement Workers: 4
 Periodic GC: Disabled

Heap:
 garbage-first heap   total 131072K, used 0K [0x0000000081c00000, 0x0000000100000000)
  region size 1024K, 1 young (1024K), 0 survivors (0K)
 Metaspace       used 3049K, committed 3136K, reserved 1114112K
  class space    used 226K, committed 256K, reserved 1048576K

Heap Regions: E=young(eden), S=young(survivor), O=old, HS=humongous(starts), HC=humongous(continues), CS=collection set, F=free, TAMS=top-at-mark-start, PB=parsable bottom
|   0|0x0000000081c00000, 0x0000000081c00000, 0x0000000081d00000|  0%| F|  |TAMS 0x0000000081c00000| PB 0x0000000081c00000| Untracked 
|   1|0x0000000081d00000, 0x0000000081d00000, 0x0000000081e00000|  0%| F|  |TAMS 0x0000000081d00000| PB 0x0000000081d00000| Untracked 
|   2|0x0000000081e00000, 0x0000000081e00000, 0x0000000081f00000|  0%| F|  |TAMS 0x0000000081e00000| PB 0x0000000081e00000| Untracked 
|   3|0x0000000081f00000, 0x0000000081f00000, 0x0000000082000000|  0%| F|  |TAMS 0x0000000081f00000| PB 0x0000000081f00000| Untracked 
|   4|0x0000000082000000, 0x0000000082000000, 0x0000000082100000|  0%| F|  |TAMS 0x0000000082000000| PB 0x0000000082000000| Untracked 
|   5|0x0000000082100000, 0x0000000082100000, 0x0000000082200000|  0%| F|  |TAMS 0x0000000082100000| PB 0x0000000082100000| Untracked 
|   6|0x0000000082200000, 0x0000000082200000, 0x0000000082300000|  0%| F|  |TAMS 0x0000000082200000| PB 0x0000000082200000| Untracked 
|   7|0x0000000082300000, 0x0000000082300000, 0x0000000082400000|  0%| F|  |TAMS 0x0000000082300000| PB 0x0000000082300000| Untracked 
|   8|0x0000000082400000, 0x0000000082400000, 0x0000000082500000|  0%| F|  |TAMS 0x0000000082400000| PB 0x0000000082400000| Untracked 
|   9|0x0000000082500000, 0x0000000082500000, 0x0000000082600000|  0%| F|  |TAMS 0x0000000082500000| PB 0x0000000082500000| Untracked 
|  10|0x0000000082600000, 0x0000000082600000, 0x0000000082700000|  0%| F|  |TAMS 0x0000000082600000| PB 0x0000000082600000| Untracked 
|  11|0x0000000082700000, 0x0000000082700000, 0x0000000082800000|  0%| F|  |TAMS 0x0000000082700000| PB 0x0000000082700000| Untracked 
|  12|0x0000000082800000, 0x0000000082800000, 0x0000000082900000|  0%| F|  |TAMS 0x0000000082800000| PB 0x0000000082800000| Untracked 
|  13|0x0000000082900000, 0x0000000082900000, 0x0000000082a00000|  0%| F|  |TAMS 0x0000000082900000| PB 0x0000000082900000| Untracked 
|  14|0x0000000082a00000, 0x0000000082a00000, 0x0000000082b00000|  0%| F|  |TAMS 0x0000000082a00000| PB 0x0000000082a00000| Untracked 
|  15|0x0000000082b00000, 0x0000000082b00000, 0x0000000082c00000|  0%| F|  |TAMS 0x0000000082b00000| PB 0x0000000082b00000| Untracked 
|  16|0x0000000082c00000, 0x0000000082c00000, 0x0000000082d00000|  0%| F|  |TAMS 0x0000000082c00000| PB 0x0000000082c00000| Untracked 
|  17|0x0000000082d00000, 0x0000000082d00000, 0x0000000082e00000|  0%| F|  |TAMS 0x0000000082d00000| PB 0x0000000082d00000| Untracked 
|  18|0x0000000082e00000, 0x0000000082e00000, 0x0000000082f00000|  0%| F|  |TAMS 0x0000000082e00000| PB 0x0000000082e00000| Untracked 
|  19|0x0000000082f00000, 0x0000000082f00000, 0x0000000083000000|  0%| F|  |TAMS 0x0000000082f00000| PB 0x0000000082f00000| Untracked 
|  20|0x0000000083000000, 0x0000000083000000, 0x0000000083100000|  0%| F|  |TAMS 0x0000000083000000| PB 0x0000000083000000| Untracked 
|  21|0x0000000083100000, 0x0000000083100000, 0x0000000083200000|  0%| F|  |TAMS 0x0000000083100000| PB 0x0000000083100000| Untracked 
|  22|0x0000000083200000, 0x0000000083200000, 0x0000000083300000|  0%| F|  |TAMS 0x0000000083200000| PB 0x0000000083200000| Untracked 
|  23|0x0000000083300000, 0x0000000083300000, 0x0000000083400000|  0%| F|  |TAMS 0x0000000083300000| PB 0x0000000083300000| Untracked 
|  24|0x0000000083400000, 0x0000000083400000, 0x0000000083500000|  0%| F|  |TAMS 0x0000000083400000| PB 0x0000000083400000| Untracked 
|  25|0x0000000083500000, 0x0000000083500000, 0x0000000083600000|  0%| F|  |TAMS 0x0000000083500000| PB 0x0000000083500000| Untracked 
|  26|0x0000000083600000, 0x0000000083600000, 0x0000000083700000|  0%| F|  |TAMS 0x0000000083600000| PB 0x0000000083600000| Untracked 
|  27|0x0000000083700000, 0x0000000083700000, 0x0000000083800000|  0%| F|  |TAMS 0x0000000083700000| PB 0x0000000083700000| Untracked 
|  28|0x0000000083800000, 0x0000000083800000, 0x0000000083900000|  0%| F|  |TAMS 0x0000000083800000| PB 0x0000000083800000| Untracked 
|  29|0x0000000083900000, 0x0000000083900000, 0x0000000083a00000|  0%| F|  |TAMS 0x0000000083900000| PB 0x0000000083900000| Untracked 
|  30|0x0000000083a00000, 0x0000000083a00000, 0x0000000083b00000|  0%| F|  |TAMS 0x0000000083a00000| PB 0x0000000083a00000| Untracked 
|  31|0x0000000083b00000, 0x0000000083b00000, 0x0000000083c00000|  0%| F|  |TAMS 0x0000000083b00000| PB 0x0000000083b00000| Untracked 
|  32|0x0000000083c00000, 0x0000000083c00000, 0x0000000083d00000|  0%| F|  |TAMS 0x0000000083c00000| PB 0x0000000083c00000| Untracked 
|  33|0x0000000083d00000, 0x0000000083d00000, 0x0000000083e00000|  0%| F|  |TAMS 0x0000000083d00000| PB 0x0000000083d00000| Untracked 
|  34|0x0000000083e00000, 0x0000000083e00000, 0x0000000083f00000|  0%| F|  |TAMS 0x0000000083e00000| PB 0x0000000083e00000| Untracked 
|  35|0x0000000083f00000, 0x0000000083f00000, 0x0000000084000000|  0%| F|  |TAMS 0x0000000083f00000| PB 0x0000000083f00000| Untracked 
|  36|0x0000000084000000, 0x0000000084000000, 0x0000000084100000|  0%| F|  |TAMS 0x0000000084000000| PB 0x0000000084000000| Untracked 
|  37|0x0000000084100000, 0x0000000084100000, 0x0000000084200000|  0%| F|  |TAMS 0x0000000084100000| PB 0x0000000084100000| Untracked 
|  38|0x0000000084200000, 0x0000000084200000, 0x0000000084300000|  0%| F|  |TAMS 0x0000000084200000| PB 0x0000000084200000| Untracked 
|  39|0x0000000084300000, 0x0000000084300000, 0x0000000084400000|  0%| F|  |TAMS 0x0000000084300000| PB 0x0000000084300000| Untracked 
|  40|0x0000000084400000, 0x0000000084400000, 0x0000000084500000|  0%| F|  |TAMS 0x0000000084400000| PB 0x0000000084400000| Untracked 
|  41|0x0000000084500000, 0x0000000084500000, 0x0000000084600000|  0%| F|  |TAMS 0x0000000084500000| PB 0x0000000084500000| Untracked 
|  42|0x0000000084600000, 0x0000000084600000, 0x0000000084700000|  0%| F|  |TAMS 0x0000000084600000| PB 0x0000000084600000| Untracked 
|  43|0x0000000084700000, 0x0000000084700000, 0x0000000084800000|  0%| F|  |TAMS 0x0000000084700000| PB 0x0000000084700000| Untracked 
|  44|0x0000000084800000, 0x0000000084800000, 0x0000000084900000|  0%| F|  |TAMS 0x0000000084800000| PB 0x0000000084800000| Untracked 
|  45|0x0000000084900000, 0x0000000084900000, 0x0000000084a00000|  0%| F|  |TAMS 0x0000000084900000| PB 0x0000000084900000| Untracked 
|  46|0x0000000084a00000, 0x0000000084a00000, 0x0000000084b00000|  0%| F|  |TAMS 0x0000000084a00000| PB 0x0000000084a00000| Untracked 
|  47|0x0000000084b00000, 0x0000000084b00000, 0x0000000084c00000|  0%| F|  |TAMS 0x0000000084b00000| PB 0x0000000084b00000| Untracked 
|  48|0x0000000084c00000, 0x0000000084c00000, 0x0000000084d00000|  0%| F|  |TAMS 0x0000000084c00000| PB 0x0000000084c00000| Untracked 
|  49|0x0000000084d00000, 0x0000000084d00000, 0x0000000084e00000|  0%| F|  |TAMS 0x0000000084d00000| PB 0x0000000084d00000| Untracked 
|  50|0x0000000084e00000, 0x0000000084e00000, 0x0000000084f00000|  0%| F|  |TAMS 0x0000000084e00000| PB 0x0000000084e00000| Untracked 
|  51|0x0000000084f00000, 0x0000000084f00000, 0x0000000085000000|  0%| F|  |TAMS 0x0000000084f00000| PB 0x0000000084f00000| Untracked 
|  52|0x0000000085000000, 0x0000000085000000, 0x0000000085100000|  0%| F|  |TAMS 0x0000000085000000| PB 0x0000000085000000| Untracked 
|  53|0x0000000085100000, 0x0000000085100000, 0x0000000085200000|  0%| F|  |TAMS 0x0000000085100000| PB 0x0000000085100000| Untracked 
|  54|0x0000000085200000, 0x0000000085200000, 0x0000000085300000|  0%| F|  |TAMS 0x0000000085200000| PB 0x0000000085200000| Untracked 
|  55|0x0000000085300000, 0x0000000085300000, 0x0000000085400000|  0%| F|  |TAMS 0x0000000085300000| PB 0x0000000085300000| Untracked 
|  56|0x0000000085400000, 0x0000000085400000, 0x0000000085500000|  0%| F|  |TAMS 0x0000000085400000| PB 0x0000000085400000| Untracked 
|  57|0x0000000085500000, 0x0000000085500000, 0x0000000085600000|  0%| F|  |TAMS 0x0000000085500000| PB 0x0000000085500000| Untracked 
|  58|0x0000000085600000, 0x0000000085600000, 0x0000000085700000|  0%| F|  |TAMS 0x0000000085600000| PB 0x0000000085600000| Untracked 
|  59|0x0000000085700000, 0x0000000085700000, 0x0000000085800000|  0%| F|  |TAMS 0x0000000085700000| PB 0x0000000085700000| Untracked 
|  60|0x0000000085800000, 0x0000000085800000, 0x0000000085900000|  0%| F|  |TAMS 0x0000000085800000| PB 0x0000000085800000| Untracked 
|  61|0x0000000085900000, 0x0000000085900000, 0x0000000085a00000|  0%| F|  |TAMS 0x0000000085900000| PB 0x0000000085900000| Untracked 
|  62|0x0000000085a00000, 0x0000000085a00000, 0x0000000085b00000|  0%| F|  |TAMS 0x0000000085a00000| PB 0x0000000085a00000| Untracked 
|  63|0x0000000085b00000, 0x0000000085b00000, 0x0000000085c00000|  0%| F|  |TAMS 0x0000000085b00000| PB 0x0000000085b00000| Untracked 
|  64|0x0000000085c00000, 0x0000000085c00000, 0x0000000085d00000|  0%| F|  |TAMS 0x0000000085c00000| PB 0x0000000085c00000| Untracked 
|  65|0x0000000085d00000, 0x0000000085d00000, 0x0000000085e00000|  0%| F|  |TAMS 0x0000000085d00000| PB 0x0000000085d00000| Untracked 
|  66|0x0000000085e00000, 0x0000000085e00000, 0x0000000085f00000|  0%| F|  |TAMS 0x0000000085e00000| PB 0x0000000085e00000| Untracked 
|  67|0x0000000085f00000, 0x0000000085f00000, 0x0000000086000000|  0%| F|  |TAMS 0x0000000085f00000| PB 0x0000000085f00000| Untracked 
|  68|0x0000000086000000, 0x0000000086000000, 0x0000000086100000|  0%| F|  |TAMS 0x0000000086000000| PB 0x0000000086000000| Untracked 
|  69|0x0000000086100000, 0x0000000086100000, 0x0000000086200000|  0%| F|  |TAMS 0x0000000086100000| PB 0x0000000086100000| Untracked 
|  70|0x0000000086200000, 0x0000000086200000, 0x0000000086300000|  0%| F|  |TAMS 0x0000000086200000| PB 0x0000000086200000| Untracked 
|  71|0x0000000086300000, 0x0000000086300000, 0x0000000086400000|  0%| F|  |TAMS 0x0000000086300000| PB 0x0000000086300000| Untracked 
|  72|0x0000000086400000, 0x0000000086400000, 0x0000000086500000|  0%| F|  |TAMS 0x0000000086400000| PB 0x0000000086400000| Untracked 
|  73|0x0000000086500000, 0x0000000086500000, 0x0000000086600000|  0%| F|  |TAMS 0x0000000086500000| PB 0x0000000086500000| Untracked 
|  74|0x0000000086600000, 0x0000000086600000, 0x0000000086700000|  0%| F|  |TAMS 0x0000000086600000| PB 0x0000000086600000| Untracked 
|  75|0x0000000086700000, 0x0000000086700000, 0x0000000086800000|  0%| F|  |TAMS 0x0000000086700000| PB 0x0000000086700000| Untracked 
|  76|0x0000000086800000, 0x0000000086800000, 0x0000000086900000|  0%| F|  |TAMS 0x0000000086800000| PB 0x0000000086800000| Untracked 
|  77|0x0000000086900000, 0x0000000086900000, 0x0000000086a00000|  0%| F|  |TAMS 0x0000000086900000| PB 0x0000000086900000| Untracked 
|  78|0x0000000086a00000, 0x0000000086a00000, 0x0000000086b00000|  0%| F|  |TAMS 0x0000000086a00000| PB 0x0000000086a00000| Untracked 
|  79|0x0000000086b00000, 0x0000000086b00000, 0x0000000086c00000|  0%| F|  |TAMS 0x0000000086b00000| PB 0x0000000086b00000| Untracked 
|  80|0x0000000086c00000, 0x0000000086c00000, 0x0000000086d00000|  0%| F|  |TAMS 0x0000000086c00000| PB 0x0000000086c00000| Untracked 
|  81|0x0000000086d00000, 0x0000000086d00000, 0x0000000086e00000|  0%| F|  |TAMS 0x0000000086d00000| PB 0x0000000086d00000| Untracked 
|  82|0x0000000086e00000, 0x0000000086e00000, 0x0000000086f00000|  0%| F|  |TAMS 0x0000000086e00000| PB 0x0000000086e00000| Untracked 
|  83|0x0000000086f00000, 0x0000000086f00000, 0x0000000087000000|  0%| F|  |TAMS 0x0000000086f00000| PB 0x0000000086f00000| Untracked 
|  84|0x0000000087000000, 0x0000000087000000, 0x0000000087100000|  0%| F|  |TAMS 0x0000000087000000| PB 0x0000000087000000| Untracked 
|  85|0x0000000087100000, 0x0000000087100000, 0x0000000087200000|  0%| F|  |TAMS 0x0000000087100000| PB 0x0000000087100000| Untracked 
|  86|0x0000000087200000, 0x0000000087200000, 0x0000000087300000|  0%| F|  |TAMS 0x0000000087200000| PB 0x0000000087200000| Untracked 
|  87|0x0000000087300000, 0x0000000087300000, 0x0000000087400000|  0%| F|  |TAMS 0x0000000087300000| PB 0x0000000087300000| Untracked 
|  88|0x0000000087400000, 0x0000000087400000, 0x0000000087500000|  0%| F|  |TAMS 0x0000000087400000| PB 0x0000000087400000| Untracked 
|  89|0x0000000087500000, 0x0000000087500000, 0x0000000087600000|  0%| F|  |TAMS 0x0000000087500000| PB 0x0000000087500000| Untracked 
|  90|0x0000000087600000, 0x0000000087600000, 0x0000000087700000|  0%| F|  |TAMS 0x0000000087600000| PB 0x0000000087600000| Untracked 
|  91|0x0000000087700000, 0x0000000087700000, 0x0000000087800000|  0%| F|  |TAMS 0x0000000087700000| PB 0x0000000087700000| Untracked 
|  92|0x0000000087800000, 0x0000000087800000, 0x0000000087900000|  0%| F|  |TAMS 0x0000000087800000| PB 0x0000000087800000| Untracked 
|  93|0x0000000087900000, 0x0000000087900000, 0x0000000087a00000|  0%| F|  |TAMS 0x0000000087900000| PB 0x0000000087900000| Untracked 
|  94|0x0000000087a00000, 0x0000000087a00000, 0x0000000087b00000|  0%| F|  |TAMS 0x0000000087a00000| PB 0x0000000087a00000| Untracked 
|  95|0x0000000087b00000, 0x0000000087b00000, 0x0000000087c00000|  0%| F|  |TAMS 0x0000000087b00000| PB 0x0000000087b00000| Untracked 
|  96|0x0000000087c00000, 0x0000000087c00000, 0x0000000087d00000|  0%| F|  |TAMS 0x0000000087c00000| PB 0x0000000087c00000| Untracked 
|  97|0x0000000087d00000, 0x0000000087d00000, 0x0000000087e00000|  0%| F|  |TAMS 0x0000000087d00000| PB 0x0000000087d00000| Untracked 
|  98|0x0000000087e00000, 0x0000000087e00000, 0x0000000087f00000|  0%| F|  |TAMS 0x0000000087e00000| PB 0x0000000087e00000| Untracked 
|  99|0x0000000087f00000, 0x0000000087f00000, 0x0000000088000000|  0%| F|  |TAMS 0x0000000087f00000| PB 0x0000000087f00000| Untracked 
| 100|0x0000000088000000, 0x0000000088000000, 0x0000000088100000|  0%| F|  |TAMS 0x0000000088000000| PB 0x0000000088000000| Untracked 
| 101|0x0000000088100000, 0x0000000088100000, 0x0000000088200000|  0%| F|  |TAMS 0x0000000088100000| PB 0x0000000088100000| Untracked 
| 102|0x0000000088200000, 0x0000000088200000, 0x0000000088300000|  0%| F|  |TAMS 0x0000000088200000| PB 0x0000000088200000| Untracked 
| 103|0x0000000088300000, 0x0000000088300000, 0x0000000088400000|  0%| F|  |TAMS 0x0000000088300000| PB 0x0000000088300000| Untracked 
| 104|0x0000000088400000, 0x0000000088400000, 0x0000000088500000|  0%| F|  |TAMS 0x0000000088400000| PB 0x0000000088400000| Untracked 
| 105|0x0000000088500000, 0x0000000088500000, 0x0000000088600000|  0%| F|  |TAMS 0x0000000088500000| PB 0x0000000088500000| Untracked 
| 106|0x0000000088600000, 0x0000000088600000, 0x0000000088700000|  0%| F|  |TAMS 0x0000000088600000| PB 0x0000000088600000| Untracked 
| 107|0x0000000088700000, 0x0000000088700000, 0x0000000088800000|  0%| F|  |TAMS 0x0000000088700000| PB 0x0000000088700000| Untracked 
| 108|0x0000000088800000, 0x0000000088800000, 0x0000000088900000|  0%| F|  |TAMS 0x0000000088800000| PB 0x0000000088800000| Untracked 
| 109|0x0000000088900000, 0x0000000088900000, 0x0000000088a00000|  0%| F|  |TAMS 0x0000000088900000| PB 0x0000000088900000| Untracked 
| 110|0x0000000088a00000, 0x0000000088a00000, 0x0000000088b00000|  0%| F|  |TAMS 0x0000000088a00000| PB 0x0000000088a00000| Untracked 
| 111|0x0000000088b00000, 0x0000000088b00000, 0x0000000088c00000|  0%| F|  |TAMS 0x0000000088b00000| PB 0x0000000088b00000| Untracked 
| 112|0x0000000088c00000, 0x0000000088c00000, 0x0000000088d00000|  0%| F|  |TAMS 0x0000000088c00000| PB 0x0000000088c00000| Untracked 
| 113|0x0000000088d00000, 0x0000000088d00000, 0x0000000088e00000|  0%| F|  |TAMS 0x0000000088d00000| PB 0x0000000088d00000| Untracked 
| 114|0x0000000088e00000, 0x0000000088e00000, 0x0000000088f00000|  0%| F|  |TAMS 0x0000000088e00000| PB 0x0000000088e00000| Untracked 
| 115|0x0000000088f00000, 0x0000000088f00000, 0x0000000089000000|  0%| F|  |TAMS 0x0000000088f00000| PB 0x0000000088f00000| Untracked 
| 116|0x0000000089000000, 0x0000000089000000, 0x0000000089100000|  0%| F|  |TAMS 0x0000000089000000| PB 0x0000000089000000| Untracked 
| 117|0x0000000089100000, 0x0000000089100000, 0x0000000089200000|  0%| F|  |TAMS 0x0000000089100000| PB 0x0000000089100000| Untracked 
| 118|0x0000000089200000, 0x0000000089200000, 0x0000000089300000|  0%| F|  |TAMS 0x0000000089200000| PB 0x0000000089200000| Untracked 
| 119|0x0000000089300000, 0x0000000089300000, 0x0000000089400000|  0%| F|  |TAMS 0x0000000089300000| PB 0x0000000089300000| Untracked 
| 120|0x0000000089400000, 0x0000000089400000, 0x0000000089500000|  0%| F|  |TAMS 0x0000000089400000| PB 0x0000000089400000| Untracked 
| 121|0x0000000089500000, 0x0000000089500000, 0x0000000089600000|  0%| F|  |TAMS 0x0000000089500000| PB 0x0000000089500000| Untracked 
| 122|0x0000000089600000, 0x0000000089600000, 0x0000000089700000|  0%| F|  |TAMS 0x0000000089600000| PB 0x0000000089600000| Untracked 
| 123|0x0000000089700000, 0x0000000089700000, 0x0000000089800000|  0%| F|  |TAMS 0x0000000089700000| PB 0x0000000089700000| Untracked 
| 124|0x0000000089800000, 0x0000000089800000, 0x0000000089900000|  0%| F|  |TAMS 0x0000000089800000| PB 0x0000000089800000| Untracked 
| 125|0x0000000089900000, 0x0000000089900000, 0x0000000089a00000|  0%| F|  |TAMS 0x0000000089900000| PB 0x0000000089900000| Untracked 
| 126|0x0000000089a00000, 0x0000000089a00000, 0x0000000089b00000|  0%| F|  |TAMS 0x0000000089a00000| PB 0x0000000089a00000| Untracked 
| 127|0x0000000089b00000, 0x0000000089bc7c30, 0x0000000089c00000| 78%| E|  |TAMS 0x0000000089b00000| PB 0x0000000089b00000| Complete 

Card table byte_map: [0x0000026bf1d60000,0x0000026bf2160000] _byte_map_base: 0x0000026bf1952000

Marking Bits: (CMBitMap*) 0x0000026bdeffa980
 Bits: [0x0000026bf2160000, 0x0000026bf40f0000)

Polling page: 0x0000026bdd050000

Metaspace:

Usage:
  Non-class:      2.76 MB used.
      Class:    226.03 KB used.
       Both:      2.98 MB used.

Virtual space:
  Non-class space:       64.00 MB reserved,       2.81 MB (  4%) committed,  1 nodes.
      Class space:        1.00 GB reserved,     256.00 KB ( <1%) committed,  1 nodes.
             Both:        1.06 GB reserved,       3.06 MB ( <1%) committed. 

Chunk freelists:
   Non-Class:  12.00 MB
       Class:  15.75 MB
        Both:  27.75 MB

MaxMetaspaceSize: unlimited
CompressedClassSpaceSize: 1.00 GB
Initial GC threshold: 21.00 MB
Current GC threshold: 21.00 MB
CDS: off
 - commit_granule_bytes: 65536.
 - commit_granule_words: 8192.
 - virtual_space_node_default_size: 8388608.
 - enlarge_chunks_in_place: 1.
 - use_allocation_guard: 0.


Internal statistics:

num_allocs_failed_limit: 0.
num_arena_births: 2.
num_arena_deaths: 0.
num_vsnodes_births: 2.
num_vsnodes_deaths: 0.
num_space_committed: 49.
num_space_uncommitted: 0.
num_chunks_returned_to_freelist: 0.
num_chunks_taken_from_freelist: 3.
num_chunk_merges: 0.
num_chunk_splits: 2.
num_chunks_enlarged: 0.
num_inconsistent_stats: 0.

CodeHeap 'non-profiled nmethods': size=120000Kb used=0Kb max_used=0Kb free=120000Kb
 bounds [0x0000026bea430000, 0x0000026bea6a0000, 0x0000026bf1960000]
CodeHeap 'profiled nmethods': size=120000Kb used=3Kb max_used=3Kb free=119996Kb
 bounds [0x0000026be2960000, 0x0000026be2bd0000, 0x0000026be9e90000]
CodeHeap 'non-nmethods': size=5760Kb used=1125Kb max_used=1125Kb free=4634Kb
 bounds [0x0000026be9e90000, 0x0000026bea100000, 0x0000026bea430000]
CodeCache: size=245760Kb, used=1128Kb, max_used=1128Kb, free=244630Kb
 total_blobs=271, nmethods=3, adapters=174, full_count=0
Compilation: enabled, stopped_count=0, restarted_count=0

Compilation events (6 events):
Event: 0.553 Thread 0x0000026b8406d870    1       3       jdk.internal.util.ArraysSupport::signedHashCode (37 bytes)
Event: 0.554 Thread 0x0000026b8406d870 nmethod 1 0x0000026be2960010 code [0x0000026be29601c0, 0x0000026be2960390]
Event: 0.554 Thread 0x0000026b8406d870    2       3       java.lang.String::hashCode (60 bytes)
Event: 0.555 Thread 0x0000026b8406d870 nmethod 2 0x0000026be2960490 code [0x0000026be2960660, 0x0000026be2960990]
Event: 0.569 Thread 0x0000026b8406d870    3       3       java.lang.Object::<init> (1 bytes)
Event: 0.569 Thread 0x0000026b8406d870 nmethod 3 0x0000026be2960a90 code [0x0000026be2960c20, 0x0000026be2960d28]

GC Heap History (0 events):
No events

Dll operation events (2 events):
Event: 0.047 Loaded shared library C:\Users\WIN 10\.p2\pool\plugins\org.eclipse.justj.openjdk.hotspot.jre.full.win32.x86_64_21.0.8.v20250724-1412\jre\bin\java.dll
Event: 0.109 Loaded shared library C:\Users\WIN 10\.p2\pool\plugins\org.eclipse.justj.openjdk.hotspot.jre.full.win32.x86_64_21.0.8.v20250724-1412\jre\bin\zip.dll

Deoptimization events (0 events):
No events

Classes loaded (20 events):
Event: 0.510 Loading class java/lang/IllegalArgumentException done
Event: 0.544 Loading class java/lang/invoke/MethodHandleStatics
Event: 0.544 Loading class java/lang/invoke/MethodHandleStatics done
Event: 0.544 Loading class java/lang/reflect/ClassFileFormatVersion
Event: 0.545 Loading class java/lang/reflect/ClassFileFormatVersion done
Event: 0.545 Loading class sun/security/action/GetPropertyAction
Event: 0.552 Loading class sun/security/action/GetPropertyAction done
Event: 0.553 Loading class jdk/internal/util/ClassFileDumper
Event: 0.554 Loading class jdk/internal/util/ClassFileDumper done
Event: 0.554 Loading class java/util/HexFormat
Event: 0.568 Loading class java/util/HexFormat done
Event: 0.568 Loading class java/lang/Character$CharacterCache
Event: 0.569 Loading class java/lang/Character$CharacterCache done
Event: 0.570 Loading class java/util/concurrent/atomic/AtomicInteger
Event: 0.570 Loading class java/util/concurrent/atomic/AtomicInteger done
Event: 0.573 Loading class jdk/internal/module/ModuleBootstrap
Event: 0.575 Loading class jdk/internal/module/ModuleBootstrap done
Event: 0.575 Loading class java/lang/module/ModuleDescriptor
Event: 0.577 Loading class java/lang/module/ModuleDescriptor done
Event: 0.577 Loading class java/lang/invoke/MethodHandles

Classes unloaded (0 events):
No events

Classes redefined (0 events):
No events

Internal exceptions (0 events):
No events

ZGC Phase Switch (0 events):
No events

VM Operations (0 events):
No events

Memory protections (0 events):
No events

Nmethod flushes (0 events):
No events

Events (9 events):
Event: 0.104 Thread 0x0000026bdcd8aa80 Thread added: 0x0000026bdcd8aa80
Event: 0.336 Thread 0x0000026bdcd8aa80 Thread added: 0x0000026b84019f10
Event: 0.340 Thread 0x0000026bdcd8aa80 Thread added: 0x0000026b8401b780
Event: 0.510 Thread 0x0000026bdcd8aa80 Thread added: 0x0000026b8406e760
Event: 0.510 Thread 0x0000026bdcd8aa80 Thread added: 0x0000026b8406edc0
Event: 0.510 Thread 0x0000026bdcd8aa80 Thread added: 0x0000026b8406f420
Event: 0.511 Thread 0x0000026bdcd8aa80 Thread added: 0x0000026b8406fa80
Event: 0.511 Thread 0x0000026bdcd8aa80 Thread added: 0x0000026b840700e0
Event: 0.543 Thread 0x0000026bdcd8aa80 Thread added: 0x0000026b8406d870


Dynamic libraries:
0x00007ff7246c0000 - 0x00007ff7246ce000 	C:\Users\WIN 10\.p2\pool\plugins\org.eclipse.justj.openjdk.hotspot.jre.full.win32.x86_64_21.0.8.v20250724-1412\jre\bin\javaw.exe
0x00007ffe9c6f0000 - 0x00007ffe9c8e8000 	C:\Windows\SYSTEM32\ntdll.dll
0x00007ffe9b010000 - 0x00007ffe9b0cf000 	C:\Windows\System32\KERNEL32.DLL
0x00007ffe99e70000 - 0x00007ffe9a166000 	C:\Windows\System32\KERNELBASE.dll
0x00007ffe9a590000 - 0x00007ffe9a690000 	C:\Windows\System32\ucrtbase.dll
0x00007ffe8fbf0000 - 0x00007ffe8fc08000 	C:\Users\WIN 10\.p2\pool\plugins\org.eclipse.justj.openjdk.hotspot.jre.full.win32.x86_64_21.0.8.v20250724-1412\jre\bin\jli.dll
0x00007ffe8f8f0000 - 0x00007ffe8f90e000 	C:\Users\WIN 10\.p2\pool\plugins\org.eclipse.justj.openjdk.hotspot.jre.full.win32.x86_64_21.0.8.v20250724-1412\jre\bin\VCRUNTIME140.dll
0x00007ffe9a780000 - 0x00007ffe9a91d000 	C:\Windows\System32\USER32.dll
0x00007ffe99e40000 - 0x00007ffe99e62000 	C:\Windows\System32\win32u.dll
0x00007ffe9a750000 - 0x00007ffe9a77c000 	C:\Windows\System32\GDI32.dll
0x00007ffe9a2c0000 - 0x00007ffe9a3d5000 	C:\Windows\System32\gdi32full.dll
0x00007ffe7f020000 - 0x00007ffe7f2ba000 	C:\Windows\WinSxS\amd64_microsoft.windows.common-controls_6595b64144ccf1df_6.0.19041.1110_none_60b5254171f9507e\COMCTL32.dll
0x00007ffe9a220000 - 0x00007ffe9a2bd000 	C:\Windows\System32\msvcp_win.dll
0x00007ffe9a9e0000 - 0x00007ffe9aa7e000 	C:\Windows\System32\msvcrt.dll
0x00007ffe9bf90000 - 0x00007ffe9bfc0000 	C:\Windows\System32\IMM32.DLL
0x00007ffe90c40000 - 0x00007ffe90c4c000 	C:\Users\WIN 10\.p2\pool\plugins\org.eclipse.justj.openjdk.hotspot.jre.full.win32.x86_64_21.0.8.v20250724-1412\jre\bin\vcruntime140_1.dll
0x00007ffe56160000 - 0x00007ffe561ed000 	C:\Users\WIN 10\.p2\pool\plugins\org.eclipse.justj.openjdk.hotspot.jre.full.win32.x86_64_21.0.8.v20250724-1412\jre\bin\msvcp140.dll
0x00007ffe4a450000 - 0x00007ffe4b1e7000 	C:\Users\WIN 10\.p2\pool\plugins\org.eclipse.justj.openjdk.hotspot.jre.full.win32.x86_64_21.0.8.v20250724-1412\jre\bin\server\jvm.dll
0x00007ffe9b830000 - 0x00007ffe9b8df000 	C:\Windows\System32\ADVAPI32.dll
0x00007ffe9c040000 - 0x00007ffe9c0dc000 	C:\Windows\System32\sechost.dll
0x00007ffe9bac0000 - 0x00007ffe9bbe6000 	C:\Windows\System32\RPCRT4.dll
0x00007ffe9c570000 - 0x00007ffe9c5db000 	C:\Windows\System32\WS2_32.dll
0x00007ffe99c40000 - 0x00007ffe99c8b000 	C:\Windows\SYSTEM32\POWRPROF.dll
0x00007ffe7f4d0000 - 0x00007ffe7f4f7000 	C:\Windows\SYSTEM32\WINMM.dll
0x00007ffe8fd20000 - 0x00007ffe8fd2a000 	C:\Windows\SYSTEM32\VERSION.dll
0x00007ffe99c20000 - 0x00007ffe99c32000 	C:\Windows\SYSTEM32\UMPDC.dll
0x00007ffe98610000 - 0x00007ffe98622000 	C:\Windows\SYSTEM32\kernel.appcore.dll
0x00007ffe90c60000 - 0x00007ffe90c6a000 	C:\Users\WIN 10\.p2\pool\plugins\org.eclipse.justj.openjdk.hotspot.jre.full.win32.x86_64_21.0.8.v20250724-1412\jre\bin\jimage.dll
0x00007ffe952e0000 - 0x00007ffe954c4000 	C:\Windows\SYSTEM32\DBGHELP.DLL
0x00007ffe7e510000 - 0x00007ffe7e544000 	C:\Windows\SYSTEM32\dbgcore.DLL
0x00007ffe9a6c0000 - 0x00007ffe9a742000 	C:\Windows\System32\bcryptPrimitives.dll
0x00007ffe7ae20000 - 0x00007ffe7ae3f000 	C:\Users\WIN 10\.p2\pool\plugins\org.eclipse.justj.openjdk.hotspot.jre.full.win32.x86_64_21.0.8.v20250724-1412\jre\bin\java.dll
0x00007ffe56990000 - 0x00007ffe569a8000 	C:\Users\WIN 10\.p2\pool\plugins\org.eclipse.justj.openjdk.hotspot.jre.full.win32.x86_64_21.0.8.v20250724-1412\jre\bin\zip.dll
0x00007ffe9b0d0000 - 0x00007ffe9b814000 	C:\Windows\System32\SHELL32.dll
0x00007ffe94b30000 - 0x00007ffe952c3000 	C:\Windows\SYSTEM32\windows.storage.dll
0x00007ffe9c0e0000 - 0x00007ffe9c434000 	C:\Windows\System32\combase.dll
0x00007ffe99740000 - 0x00007ffe9976e000 	C:\Windows\SYSTEM32\Wldp.dll
0x00007ffe9c4c0000 - 0x00007ffe9c56d000 	C:\Windows\System32\SHCORE.dll
0x00007ffe9a920000 - 0x00007ffe9a975000 	C:\Windows\System32\shlwapi.dll
0x00007ffe99d10000 - 0x00007ffe99d2f000 	C:\Windows\SYSTEM32\profapi.dll

JVMTI agents: none

dbghelp: loaded successfully - version: 4.0.5 - missing functions: none
symbol engine: initialized successfully - sym options: 0x614 - pdb path: .;C:\Users\WIN 10\.p2\pool\plugins\org.eclipse.justj.openjdk.hotspot.jre.full.win32.x86_64_21.0.8.v20250724-1412\jre\bin;C:\Windows\SYSTEM32;C:\Windows\WinSxS\amd64_microsoft.windows.common-controls_6595b64144ccf1df_6.0.19041.1110_none_60b5254171f9507e;C:\Users\WIN 10\.p2\pool\plugins\org.eclipse.justj.openjdk.hotspot.jre.full.win32.x86_64_21.0.8.v20250724-1412\jre\bin\server

VM Arguments:
jvm_args: -Dmaven.home=EMBEDDED -Dclassworlds.conf=C:\Users\WIN 10\eclipse-workspace\.metadata\.plugins\org.eclipse.m2e.launching\launches\m2conf3479389041294805810.tmp -Dmaven.multiModuleProjectDirectory=C:\Users\WIN 10\exam-portal\backend-exam-portal -Dm2e.build.project.data.socket.port=57162 -Dfile.encoding=UTF-8 -Dstdout.encoding=UTF-8 -Dstderr.encoding=UTF-8 -XX:+ShowCodeDetailsInExceptionMessages 
java_command: org.codehaus.plexus.classworlds.launcher.Launcher -B -Dstyle.color=always package
java_class_path (initial): C:\Users\WIN 10\.p2\pool\plugins\org.eclipse.m2e.maven.runtime_3.9.1100.20250811-2018\jars\plexus-classworlds-2.9.0.jar
Launcher Type: SUN_STANDARD

[Global flags]
     intx CICompilerCount                          = 3                                         {product} {ergonomic}
     uint ConcGCThreads                            = 1                                         {product} {ergonomic}
     uint G1ConcRefinementThreads                  = 4                                         {product} {ergonomic}
   size_t G1HeapRegionSize                         = 1048576                                   {product} {ergonomic}
    uintx GCDrainStackTargetSize                   = 64                                        {product} {ergonomic}
   size_t InitialHeapSize                          = 134217728                                 {product} {ergonomic}
   size_t MarkStackSize                            = 4194304                                   {product} {ergonomic}
   size_t MaxHeapSize                              = 2118123520                                {product} {ergonomic}
   size_t MaxNewSize                               = 1270874112                                {product} {ergonomic}
   size_t MinHeapDeltaBytes                        = 1048576                                   {product} {ergonomic}
   size_t MinHeapSize                              = 8388608                                   {product} {ergonomic}
    uintx NonNMethodCodeHeapSize                   = 5832780                                {pd product} {ergonomic}
    uintx NonProfiledCodeHeapSize                  = 122912730                              {pd product} {ergonomic}
    uintx ProfiledCodeHeapSize                     = 122912730                              {pd product} {ergonomic}
    uintx ReservedCodeCacheSize                    = 251658240                              {pd product} {ergonomic}
     bool SegmentedCodeCache                       = true                                      {product} {ergonomic}
     bool ShowCodeDetailsInExceptionMessages       = true                                   {manageable} {command line}
   size_t SoftMaxHeapSize                          = 2118123520                             {manageable} {ergonomic}
     bool UseCompressedOops                        = true                           {product lp64_product} {ergonomic}
     bool UseG1GC                                  = true                                      {product} {ergonomic}
     bool UseLargePagesIndividualAllocation        = false                                  {pd product} {ergonomic}

Logging:
Log output configuration:
 #0: stdout all=warning uptime,level,tags foldmultilines=false
 #1: stderr all=off uptime,level,tags foldmultilines=false

Environment Variables:
PATH=C:/Users/WIN 10/.p2/pool/plugins/org.eclipse.justj.openjdk.hotspot.jre.full.win32.x86_64_21.0.8.v20250724-1412/jre/bin/server;C:/Users/WIN 10/.p2/pool/plugins/org.eclipse.justj.openjdk.hotspot.jre.full.win32.x86_64_21.0.8.v20250724-1412/jre/bin;C:\Windows\system32;C:\Windows;C:\Windows\System32\Wbem;C:\Windows\System32\WindowsPowerShell\v1.0\;C:\Windows\System32\OpenSSH\;C:\Program Files (x86)\Intel\Intel(R) Management Engine Components\DAL;C:\Program Files\Intel\Intel(R) Management Engine Components\DAL;C:\Program Files\MySQL\MySQL Server 8.0\bin;C:\Program Files\nodejs\;C:\Program Files\Git\cmd;C:\Program Files\MySQL\MySQL Shell 8.0\bin\;C:\Users\WIN 10\AppData\Local\Microsoft\WindowsApps;C:\Users\WIN 10\AppData\Local\Programs\Microsoft VS Code\bin;C:\Users\WIN 10\AppData\Roaming\npm;C:\Users\WIN 10\Desktop;
USERNAME=Samaya
OS=Windows_NT
PROCESSOR_IDENTIFIER=Intel64 Family 6 Model 78 Stepping 3, GenuineIntel
TMP=C:\Users\WIN10~1\AppData\Local\Temp
TEMP=C:\Users\WIN10~1\AppData\Local\Temp




Periodic native trim disabled

---------------  S Y S T E M  ---------------

OS:
 Windows 10 , 64 bit Build 19041 (10.0.19041.3031)
OS uptime: 1 days 11:59 hours

CPU: total 4 (initial active 4) (2 cores per cpu, 2 threads per core) family 6 model 78 stepping 3 microcode 0xf0, cx8, cmov, fxsr, ht, mmx, 3dnowpref, sse, sse2, sse3, ssse3, sse4.1, sse4.2, popcnt, lzcnt, tsc, tscinvbit, avx, avx2, aes, erms, clmul, bmi1, bmi2, rtm, adx, fma, vzeroupper, clflush, clflushopt, rdtscp, f16c
Processor Information for the first 4 processors :
  Max Mhz: 2808, Current Mhz: 2607, Mhz Limit: 2583

Memory: 4k page, system-wide physical 8072M (887M free)
TotalPageFile size 10120M (AvailPageFile size 17M)
current process WorkingSet (physical memory assigned to process): 25M, peak: 25M
current process commit charge ("private bytes"): 189M, peak: 195M

vm_info: OpenJDK 64-Bit Server VM (21.0.8+9-LTS) for windows-amd64 JRE (21.0.8+9-LTS), built on 2025-07-15T00:00:00Z by "admin" with MS VC++ 17.7 (VS2022)

END.
